427.000000	3.451071
459.000000	3.924900
507.000000	4.133838
565.000000	4.231985
632.000000	4.555753
637.000000	4.896383
747.000000	4.591032
800.000000	3.950100
831.000000	3.417954
927.000000	3.615445
1004.000000	2.928556
1021.000000	3.392687
1305.000000	3.414805
1578.000000	3.911888
1663.000000	3.183275
1679.000000	2.410146
1716.000000	3.143870
1717.000000	2.698463
1833.000000	2.317828
1842.000000	2.565907
1873.000000	1.832115
1890.000000	1.131714
2002.000000	0.369772
2011.000000	-0.063718
2012.000000	-0.081352
2037.000000	1.653858
2058.000000	0.134731
2120.000000	-0.148265
2376.000000	0.640398
2391.000000	0.930189
2441.000000	0.431209
2457.000000	0.547079
2509.000000	0.768790
2536.000000	1.248921
2587.000000	0.758935
2611.000000	0.976845
2614.000000	0.876369
2658.000000	0.477061
2662.000000	0.435016
2800.000000	0.648941
2839.000000	0.691340
2860.000000	0.925352
2925.000000	1.197192
3071.000000	1.103981
3156.000000	0.885805
3180.000000	1.643132
3292.000000	1.758663
3479.000000	2.049419
3620.000000	2.116988
3647.000000	1.712979
3673.000000	1.334295
3766.000000	1.451370
3950.000000	2.402765
4040.000000	3.423006
4100.000000	2.991612
4144.000000	3.130987
4146.000000	3.132966
4212.000000	3.706358
4213.000000	2.076618
4232.000000	1.760252
4291.000000	1.453209
4307.000000	1.466701
4313.000000	0.985698
4398.000000	0.939710
4418.000000	0.468898
4494.000000	0.830414
4565.000000	0.565863
4568.000000	0.083822
4598.000000	1.593778
4618.000000	0.776649
4654.000000	1.135461
4681.000000	0.712527
4705.000000	1.223200
4707.000000	0.577838
4715.000000	0.285995
4750.000000	-0.159623
4868.000000	0.104668
5039.000000	-0.059859
5088.000000	1.059553
5154.000000	0.730386
5165.000000	0.856295
5177.000000	0.556641
5219.000000	0.992105
5221.000000	1.049124
5290.000000	1.237347
5558.000000	1.208319
5627.000000	1.118849
5630.000000	1.232807
5634.000000	0.648168
5657.000000	0.169069
5714.000000	0.224585
5764.000000	0.299600
5799.000000	0.299189
5840.000000	0.092771
5975.000000	0.017086
5982.000000	0.003842
6115.000000	0.099088
6140.000000	0.043669
6151.000000	0.424267
6179.000000	-0.195621
6223.000000	0.119393
6240.000000	0.202913
6324.000000	-0.182672
6343.000000	-0.188394
6379.000000	-0.191892
6469.000000	-0.149476
6480.000000	-0.156807
6483.000000	-0.045870
6504.000000	-0.250344
6651.000000	0.568856
6807.000000	0.413597
6863.000000	0.804802
6872.000000	0.290647
6963.000000	0.128754
7006.000000	0.767616
7223.000000	1.253100
7334.000000	1.621975
7341.000000	1.353682
7407.000000	1.854248
7453.000000	1.689635
7457.000000	2.057350
7468.000000	2.012662
7471.000000	1.497324
7571.000000	2.247751
7659.000000	2.469335
7675.000000	1.853917
7803.000000	2.047218
7835.000000	1.881315
7879.000000	2.671447
7904.000000	1.957569
7913.000000	1.030527
7943.000000	1.346717
7944.000000	1.181330
8010.000000	1.122927
8377.000000	1.387837
8426.000000	1.370612
8442.000000	1.714258
8446.000000	1.307051
8461.000000	1.164353
8464.000000	1.081760
8495.000000	0.119694
8593.000000	0.104129
8612.000000	0.543943
8624.000000	0.654987
8701.000000	0.881693
8748.000000	1.035654
8764.000000	1.283015
8828.000000	0.926773
8836.000000	0.552382
8888.000000	0.784648
8924.000000	1.022862
8935.000000	1.077663
9075.000000	1.756254
9147.000000	1.753068
9169.000000	1.771045
9273.000000	1.411577
9322.000000	1.562766
9426.000000	1.520584
9487.000000	1.064363
9496.000000	1.467410
9502.000000	1.833905
9524.000000	1.735729
9535.000000	2.067831
9603.000000	1.883157
9725.000000	1.339263
9742.000000	2.033753
9756.000000	0.626824
9833.000000	0.361399
9871.000000	1.223787
9874.000000	1.444464
10234.000000	0.930933
10259.000000	0.003004
10267.000000	0.608531
10310.000000	-0.082115
10327.000000	-0.600362
10373.000000	-0.465957
10511.000000	-0.175905
10522.000000	0.581574
10545.000000	-0.683165
10593.000000	0.204099
10653.000000	-0.627822
10680.000000	-0.525436
10827.000000	0.443594
10846.000000	2.741745
10851.000000	3.151801
10932.000000	3.286953
11095.000000	3.106778
11267.000000	1.810826
11436.000000	0.895309
11462.000000	0.618564
11533.000000	-0.132595
11591.000000	0.317556
11682.000000	-0.853365
11800.000000	-0.083957
11852.000000	-0.231901
11881.000000	-1.485608
11890.000000	-0.101817
11927.000000	-0.042730
12169.000000	-1.107223
12192.000000	-0.607785
12219.000000	-0.421083
12289.000000	-1.307016
12335.000000	-1.391668
12397.000000	-1.118550
12459.000000	-0.979899
12476.000000	-1.352436
12569.000000	-0.566380
12592.000000	-0.876534
12602.000000	0.141026
12642.000000	-0.780568
12699.000000	-0.251568
12858.000000	0.271557
12887.000000	0.276565
12910.000000	0.976625
13245.000000	0.448936
13257.000000	-0.237069
13353.000000	0.958444
13561.000000	0.289989
13647.000000	0.791009
13682.000000	0.562696
13798.000000	1.042728
13873.000000	0.483103
13900.000000	0.946941
13932.000000	0.576630
13936.000000	0.478305
13973.000000	2.216109
13991.000000	1.299653
14000.000000	1.037644
14169.000000	0.715927
14171.000000	1.062627
14252.000000	1.114282
14283.000000	0.303690
14518.000000	1.025497
14537.000000	0.846440
14545.000000	1.477348
14613.000000	0.803282
14674.000000	0.591321
14839.000000	0.655182
14953.000000	0.725261
14974.000000	1.128318
14998.000000	0.303290
15070.000000	0.375011
15140.000000	0.526954
15149.000000	0.845353
15158.000000	0.337555
15215.000000	0.704823
15220.000000	0.034093
15221.000000	0.580722
15271.000000	1.125547
15289.000000	0.392708
15315.000000	0.717237
15328.000000	0.888443
15334.000000	0.800916
15340.000000	0.794397
15384.000000	0.608336
15392.000000	0.205081
15461.000000	0.350207
15493.000000	-0.209046
15532.000000	0.329218
15581.000000	-0.146108
15583.000000	0.330356
15677.000000	1.081683
15694.000000	1.422634
15740.000000	1.951096
15742.000000	1.969409
15788.000000	1.331149
15837.000000	0.355500
15853.000000	0.960797
15869.000000	-0.072983
15915.000000	-1.105323
15973.000000	-0.249823
15986.000000	0.168817
15996.000000	-0.924682
16003.000000	0.075968
16102.000000	0.806173
16125.000000	-0.613849
16233.000000	-0.349139
16336.000000	-1.063579
16397.000000	0.315564
16495.000000	-1.809515
16514.000000	-0.642594
16652.000000	-0.985673
16696.000000	-0.804903
16698.000000	-0.390153
16715.000000	-0.375276
16734.000000	-0.042102
16839.000000	0.075820
16857.000000	-0.454246
16873.000000	-0.214355
16913.000000	-0.525965
16920.000000	-0.026452
16938.000000	-0.075338
16960.000000	-0.253675
17065.000000	-0.208151
17134.000000	-0.149382
17203.000000	-0.119461
17212.000000	-0.143805
17222.000000	0.099554
17296.000000	0.236143
17341.000000	0.186278
17352.000000	-0.176657
17354.000000	-0.411542
17400.000000	0.015537
17440.000000	-0.082041
17610.000000	-0.140659
17668.000000	3.051383
17814.000000	1.779796
17815.000000	-0.264426
17888.000000	-0.140525
17892.000000	-0.288672
17929.000000	1.213327
18019.000000	-0.071247
18086.000000	0.594749
18116.000000	0.284142
18189.000000	0.818799
18218.000000	-0.742282
18250.000000	-0.279937
18509.000000	0.400220
18562.000000	1.227243
18579.000000	1.205645
18615.000000	0.140085
18907.000000	0.659584
19015.000000	0.953655
19031.000000	-0.051587
19132.000000	0.033622
19145.000000	0.584625
19146.000000	0.359631
19148.000000	0.411141
19184.000000	-0.543221
19241.000000	0.359627
19331.000000	0.140782
19422.000000	1.140249
19468.000000	1.011666
19475.000000	0.403575
19534.000000	2.098332
19600.000000	1.515636
19759.000000	4.162312
19808.000000	4.851952
19899.000000	2.561577
19906.000000	4.506406
19966.000000	4.336271
19980.000000	5.257042
19991.000000	6.527631
20055.000000	9.498500
20106.000000	12.257446
20212.000000	9.509552
20249.000000	7.318188
20279.000000	10.113399
20331.000000	8.988075
20337.000000	10.591821
20513.000000	9.572917
20530.000000	8.913539
20595.000000	8.708189
20609.000000	8.612304
20631.000000	8.708569
20661.000000	5.048012
20672.000000	6.972591
20678.000000	4.170578
20823.000000	2.021635
20836.000000	2.773915
20853.000000	2.190375
20880.000000	1.144039
20934.000000	1.526833
20982.000000	0.224960
21056.000000	0.795501
21085.000000	-0.761971
21087.000000	0.781458
21116.000000	0.078244
21196.000000	0.324925
21338.000000	0.285995
21410.000000	0.898916
21521.000000	0.350430
21606.000000	0.577637
21678.000000	0.699956
21846.000000	0.647530
21910.000000	-0.068653
21973.000000	0.573288
21998.000000	0.106841
22069.000000	0.441117
22109.000000	-0.086516
22145.000000	-0.181989
22165.000000	-0.062656
22278.000000	2.303137
22299.000000	5.367248
22316.000000	4.889604
22318.000000	5.495580
22333.000000	8.924864
22368.000000	12.022477
22479.000000	16.366791
22487.000000	18.374152
22553.000000	19.025225
22614.000000	18.822950
22659.000000	15.957496
22673.000000	16.750847
22780.000000	14.961853
22814.000000	15.616471
22871.000000	15.082643
22928.000000	14.917330
22974.000000	14.149892
23005.000000	13.530954
23019.000000	8.919029
23027.000000	8.999484
23028.000000	3.994198
23064.000000	0.890693
23090.000000	0.682075
23186.000000	0.826144
23242.000000	1.014958
23314.000000	0.349186
23326.000000	0.261864
23344.000000	0.615014
23546.000000	0.124434
23550.000000	0.174348
23556.000000	0.103740
23575.000000	0.464402
23678.000000	0.293929
23691.000000	0.467360
23740.000000	1.055684
23763.000000	1.332724
23993.000000	5.190371
24168.000000	6.357305
24205.000000	8.609550
24317.000000	12.882348
24385.000000	17.391816
24402.000000	22.280645
24439.000000	26.683674
24463.000000	22.572782
24466.000000	26.766363
24472.000000	30.196706
24505.000000	34.536054
24516.000000	37.854110
24537.000000	39.766939
24547.000000	44.693617
24596.000000	50.152148
24622.000000	51.991091
24634.000000	54.042538
24677.000000	60.503799
24729.000000	66.057792
24782.000000	69.659324
24806.000000	70.629847
24824.000000	71.192815
24831.000000	70.890048
24833.000000	71.970186
24843.000000	71.798943
24853.000000	67.239995
24935.000000	68.846518
24941.000000	67.086777
25060.000000	64.714565
25068.000000	67.588410
25087.000000	63.532095
25094.000000	62.388242
25219.000000	54.272358
25249.000000	50.654630
25258.000000	44.413036
25308.000000	39.006795
25346.000000	33.436445
25391.000000	31.948791
25485.000000	26.297764
25528.000000	21.509410
25541.000000	16.951986
25581.000000	15.502952
25628.000000	9.718383
25661.000000	9.276697
25681.000000	4.482994
25837.000000	3.593753
25854.000000	2.163535
25859.000000	-0.246452
25899.000000	0.606795
25906.000000	0.537447
26020.000000	1.276472
26046.000000	2.026999
26084.000000	0.810709
26188.000000	2.173828
26223.000000	1.783102
26244.000000	1.672113
26249.000000	2.324697
26251.000000	2.209821
26256.000000	1.791412
26288.000000	1.036158
26295.000000	2.761936
26322.000000	0.891524
26343.000000	1.417673
26386.000000	1.529598
26501.000000	1.197965
26523.000000	1.073140
26698.000000	1.045990
26808.000000	1.090890
26831.000000	1.087257
26833.000000	1.116237
26871.000000	0.612669
26898.000000	-0.224769
27017.000000	-0.553326
27026.000000	0.595961
27161.000000	0.066500
27331.000000	-0.077295
27359.000000	0.910741
27370.000000	1.283701
27399.000000	0.823281
27456.000000	0.752532
27492.000000	0.662397
27586.000000	0.387865
27630.000000	-0.010313
27669.000000	0.391427
27850.000000	0.712596
27952.000000	0.108685
28026.000000	0.060462
28038.000000	0.239238
28077.000000	0.001090
28081.000000	0.005523
28132.000000	0.130332
28138.000000	0.242716
28155.000000	0.319660
28272.000000	0.607865
28274.000000	0.160575
28355.000000	0.093689
28385.000000	0.196177
28490.000000	0.149216
28498.000000	-0.153070
28562.000000	-0.176144
28568.000000	0.161969
28621.000000	-0.578095
28632.000000	0.034611
28707.000000	0.327720
28730.000000	0.086898
28780.000000	-0.310466
28830.000000	0.115717
28831.000000	0.099909
28845.000000	0.008094
28854.000000	-0.019837
28857.000000	-0.427597
28868.000000	-0.438576
28912.000000	-0.195762
28976.000000	-0.007335
29025.000000	-0.729107
29059.000000	0.814666
29075.000000	0.082960
29136.000000	-0.055590
29149.000000	0.216854
29219.000000	-0.057359
29287.000000	-0.310325
29323.000000	-0.542358
29357.000000	0.485834
29368.000000	0.231518
29453.000000	1.372381
29513.000000	1.581799
29548.000000	2.891449
29634.000000	2.014377
29641.000000	2.570623
29670.000000	2.002728
29700.000000	2.149706
29792.000000	2.980345
29804.000000	2.232394
29844.000000	2.253338
29853.000000	2.570787
29883.000000	2.693219
29915.000000	1.476743
29941.000000	2.582729
29981.000000	2.055502
29987.000000	2.044042
30031.000000	2.125360
30061.000000	2.094632
30076.000000	0.893546
30175.000000	1.994574
30322.000000	2.436081
30514.000000	0.751045
30603.000000	1.737670
30631.000000	0.199991
30689.000000	-0.180703
30690.000000	-0.187563
30838.000000	-0.014169
30953.000000	2.464679
31080.000000	5.143073
31089.000000	5.811312
31141.000000	4.795400
31289.000000	4.279161
31341.000000	1.164675
31454.000000	0.585959
31456.000000	1.141448
31491.000000	0.913454
31563.000000	1.171575
31655.000000	1.394030
31724.000000	1.912943
31860.000000	1.794561
31896.000000	1.267360
31937.000000	1.407755
32020.000000	1.332306
32074.000000	0.976722
32177.000000	1.450381
32183.000000	1.353994
32289.000000	1.716477
32305.000000	0.554508
32355.000000	0.177465
32362.000000	1.347660
32396.000000	1.468944
32451.000000	1.114339
32557.000000	2.468175
32573.000000	2.778050
32671.000000	2.778176
32776.000000	1.681772
32786.000000	1.814668
32802.000000	1.364618
32822.000000	1.567811
32884.000000	2.203027
32963.000000	2.370104
32969.000000	2.065335
33091.000000	2.387059
33098.000000	2.224836
33163.000000	2.002385
33250.000000	0.884530
33279.000000	0.825623
33550.000000	1.284089
33558.000000	1.418175
33619.000000	3.138699
33671.000000	2.147485
33769.000000	1.105691
33773.000000	0.783904
33840.000000	1.025772
33853.000000	1.260613
33879.000000	0.345543
33880.000000	-0.299013
33917.000000	-0.495811
34069.000000	-0.322063
34082.000000	-0.498293
34149.000000	0.585761
34187.000000	-1.471144
34196.000000	-1.948349
34197.000000	-1.825007
34276.000000	-1.194632
34287.000000	-0.966508
34321.000000	-0.508507
34502.000000	-0.299745
34512.000000	0.576652
34528.000000	0.689025
34535.000000	0.103048
34613.000000	-0.141543
34654.000000	-0.000604
34751.000000	-0.104396
34805.000000	0.316465
34889.000000	0.090372
34919.000000	0.384660
34972.000000	0.650566
35026.000000	1.611712
35263.000000	1.315935
35277.000000	1.865175
35326.000000	1.739850
35446.000000	1.621527
35450.000000	1.462668
35490.000000	2.603286
35576.000000	1.189944
35597.000000	1.417245
35612.000000	1.617545
35620.000000	1.124271
35658.000000	0.883270
35668.000000	1.023413
35710.000000	0.986087
35764.000000	0.949623
35876.000000	0.936647
35885.000000	0.413534
35915.000000	1.112466
35985.000000	0.098899
35993.000000	1.029247
35998.000000	1.626264
36029.000000	0.722263
36033.000000	1.089778
36072.000000	1.757731
36088.000000	1.117846
36104.000000	1.305048
36109.000000	0.899605
36243.000000	1.099426
36314.000000	1.976617
36468.000000	1.977261
36506.000000	2.224856
36510.000000	2.130861
36538.000000	1.445868
36542.000000	0.986775
36593.000000	0.956043
36634.000000	3.292037
36662.000000	1.184603
36722.000000	2.026063
36826.000000	1.101101
36880.000000	2.115480
36891.000000	3.043918
36923.000000	4.703678
36926.000000	4.701118
36959.000000	4.405712
36965.000000	4.608315
37068.000000	3.984218
37075.000000	4.912281
37103.000000	4.898383
37124.000000	5.459465
37237.000000	4.397005
37473.000000	0.219974
37478.000000	-0.377523
37502.000000	0.310787
37510.000000	0.287984
37620.000000	-0.522294
37847.000000	-0.583474
37848.000000	-0.337634
38067.000000	-0.461746
38101.000000	0.102635
38203.000000	-0.173501
38211.000000	0.090183
38219.000000	-0.954829
38238.000000	-0.570971
38249.000000	-0.499964
38291.000000	-0.597672
38360.000000	-0.526252
38403.000000	0.116353
38424.000000	-0.121857
38511.000000	-0.378831
38545.000000	-0.259633
38547.000000	-0.030820
38629.000000	-0.087261
38680.000000	-0.600391
38700.000000	-0.205143
38721.000000	-0.966048
38744.000000	-0.199357
38754.000000	0.293189
38763.000000	0.601141
38808.000000	0.370762
38952.000000	-0.991865
39086.000000	0.299203
39088.000000	0.112304
39134.000000	0.020915
39194.000000	0.313457
39262.000000	0.953230
39268.000000	1.137820
39341.000000	1.608385
39381.000000	0.392898
39468.000000	1.364992
39530.000000	0.380265
39613.000000	1.347962
39755.000000	0.413369
39783.000000	0.863072
39812.000000	0.684022
39906.000000	0.865208
39969.000000	0.509735
39975.000000	0.516096
40033.000000	0.302812
40234.000000	0.391016
40247.000000	0.408171
40332.000000	0.102622
40358.000000	-0.289385
40372.000000	-0.324972
40416.000000	-0.148434
40426.000000	0.101604
40460.000000	-0.006638
40579.000000	-1.051403
40622.000000	-0.907094
40649.000000	-1.001360
40700.000000	-0.940782
40702.000000	-1.039560
40787.000000	-1.367226
41184.000000	-0.876382
41185.000000	-0.909059
41198.000000	-1.062667
41209.000000	-0.830340
41210.000000	-0.957701
41346.000000	-0.547025
41359.000000	-1.531172
41375.000000	-1.361046
41434.000000	-0.467523
41513.000000	-0.826659
41518.000000	-1.120303
41531.000000	-1.783437
41555.000000	-1.489292
41561.000000	-0.710313
41802.000000	-0.890791
41900.000000	-0.101200
41901.000000	0.625771
41907.000000	-0.310913
41933.000000	0.678442
41941.000000	0.198935
41958.000000	-0.054211
41992.000000	1.051356
42111.000000	0.699868
42117.000000	0.992862
42130.000000	1.527845
42138.000000	0.960922
42140.000000	1.204317
42148.000000	0.848877
42154.000000	1.375822
42168.000000	0.929813
42190.000000	1.390612
42404.000000	0.640622
42412.000000	2.015228
42419.000000	2.728684
42426.000000	2.260454
42435.000000	2.212062
42506.000000	2.475569
42667.000000	1.650211
42689.000000	1.319294
42731.000000	1.495382
42777.000000	2.003553
42812.000000	1.391859
42880.000000	1.907368
42909.000000	1.973052
42935.000000	1.683214
42952.000000	2.580937
43026.000000	1.830411
43036.000000	1.531812
43083.000000	0.867464
43099.000000	1.155769
43140.000000	0.726014
43203.000000	1.204738
43213.000000	0.041210
43241.000000	0.672720
43343.000000	0.536621
43355.000000	-0.444344
43420.000000	-0.729373
43458.000000	-1.001030
43471.000000	-0.872670
43483.000000	-0.899698
43554.000000	0.230735
43623.000000	-0.613217
43627.000000	-0.516122
43675.000000	0.130670
43705.000000	-0.523026
43822.000000	-0.027396
43849.000000	1.158237
43954.000000	2.847291
43981.000000	-0.687613
43983.000000	-0.875194
44079.000000	-0.875121
44145.000000	-0.373743
44199.000000	-1.021100
44395.000000	-1.017285
44464.000000	-0.499011
44468.000000	-0.555288
44475.000000	-0.813450
44483.000000	-0.861752
44616.000000	-0.745095
44618.000000	-0.629774
44734.000000	-0.815266
44744.000000	-0.116966
44774.000000	-0.491964
44890.000000	-0.515988
44982.000000	-0.687953
45066.000000	-0.188211
45121.000000	-0.048664
45141.000000	-0.712126
45163.000000	0.406811
45169.000000	0.138980
45187.000000	0.260494
45197.000000	0.075696
45236.000000	-0.059192
45408.000000	1.157823
45419.000000	0.979795
45465.000000	1.126285
45514.000000	1.101093
45542.000000	1.267374
45661.000000	1.057490
45704.000000	0.657886
45822.000000	1.365833
45823.000000	1.349037
46047.000000	1.013845
46084.000000	1.593869
46132.000000	1.450193
46306.000000	0.140814
46421.000000	0.583193
46535.000000	0.945645
46628.000000	0.783659
46650.000000	3.442988
46685.000000	3.578856
46698.000000	3.737620
46759.000000	5.409098
46983.000000	6.832497
47003.000000	6.279954
47016.000000	5.440945
47020.000000	4.824205
47035.000000	5.665912
47052.000000	9.727494
47130.000000	10.208305
47156.000000	8.826029
47177.000000	7.836760
47202.000000	6.263295
47234.000000	7.474479
47329.000000	6.998576
47398.000000	3.934105
47481.000000	1.088404
47559.000000	1.083507
47637.000000	1.241053
47653.000000	3.847405
47663.000000	3.248757
47675.000000	1.163430
47757.000000	4.741390
47854.000000	3.636402
48027.000000	4.047392
48051.000000	4.242717
48251.000000	4.537161
48264.000000	4.548010
48275.000000	5.248028
48427.000000	2.477108
48562.000000	2.041856
48567.000000	1.688046
48581.000000	1.830291
48621.000000	1.095284
48629.000000	0.578762
48660.000000	0.533867
48683.000000	-0.467624
48754.000000	0.621366
48827.000000	0.148628
48834.000000	0.827325
48874.000000	1.277822
48887.000000	0.981217
48905.000000	1.308185
48980.000000	1.971195
49049.000000	2.661276
49115.000000	2.644167
49159.000000	1.827046
