311.000000	-1.837590
313.000000	-1.839858
391.000000	-1.844995
406.000000	-1.234781
424.000000	-0.627330
427.000000	-0.169481
459.000000	-0.162345
473.000000	-0.158298
507.000000	0.299710
565.000000	-0.152903
629.000000	-0.139685
632.000000	-0.596988
637.000000	-0.445794
698.000000	0.030401
747.000000	0.187579
800.000000	0.186860
813.000000	0.855873
831.000000	0.335999
909.000000	0.336790
912.000000	0.480602
927.000000	0.624631
987.000000	0.608120
995.000000	0.146494
1004.000000	0.290051
1006.000000	-0.321046
1014.000000	-0.783569
1021.000000	-1.245751
1063.000000	-1.252982
1123.000000	-0.664089
1133.000000	-1.126840
1149.000000	-1.122991
1197.000000	-1.733133
1205.000000	-1.278244
1225.000000	-0.821837
1305.000000	-1.421830
1320.000000	-1.566053
1396.000000	-1.702417
1449.000000	-2.148206
1578.000000	-2.280328
1602.000000	-1.820526
1651.000000	-1.973382
1663.000000	-2.128769
1679.000000	-2.133000
1691.000000	-2.139610
1716.000000	-2.149751
1717.000000	-2.005715
1833.000000	-2.029221
1841.000000	-2.036952
1842.000000	-1.572859
1855.000000	-1.567755
1873.000000	-1.722167
1890.000000	-1.875654
1901.000000	-1.258320
1902.000000	-1.256171
1953.000000	-1.862331
1956.000000	-1.712760
1980.000000	-1.557906
1982.000000	-0.937831
2002.000000	-1.075427
2011.000000	-1.066529
2012.000000	-1.531551
2037.000000	-1.520813
2058.000000	-1.510605
2099.000000	-1.509146
2120.000000	-1.658083
2134.000000	-1.202706
2189.000000	-1.206568
2203.000000	-0.749544
2376.000000	-0.789198
2391.000000	-0.785006
2418.000000	-1.394405
2441.000000	-1.251224
2457.000000	-1.257650
2492.000000	-1.243743
2509.000000	-1.699969
2536.000000	-1.083884
2563.000000	-1.232662
2587.000000	-1.381464
2606.000000	-1.988661
2611.000000	-1.373487
2614.000000	-1.222034
2648.000000	-1.369523
2658.000000	-1.217408
2662.000000	-0.606377
2700.000000	-0.753434
2797.000000	-0.610258
2800.000000	-0.613664
2839.000000	-0.763142
2860.000000	-1.224082
2872.000000	-1.220632
2899.000000	-1.681822
2925.000000	-1.680668
2939.000000	-1.675477
3034.000000	-1.074887
3071.000000	-1.529445
3099.000000	-1.673299
3156.000000	-2.275882
3180.000000	-2.128147
3224.000000	-2.129121
3262.000000	-1.983968
3284.000000	-2.439706
3292.000000	-2.585213
3474.000000	-2.449425
3479.000000	-1.996557
3610.000000	-2.465898
3620.000000	-1.864173
3647.000000	-1.410067
3660.000000	-1.859677
3673.000000	-1.862102
3725.000000	-2.003980
3748.000000	-1.548580
3766.000000	-1.092114
3832.000000	-0.927574
3855.000000	-0.464822
3866.000000	-1.066347
3918.000000	-1.199303
3950.000000	-1.046770
4023.000000	-0.439576
4040.000000	0.019995
4100.000000	0.172264
4144.000000	0.175822
4146.000000	0.636085
4189.000000	0.777388
4212.000000	1.645077
4213.000000	0.629670
4232.000000	0.479360
4240.000000	-0.129181
4291.000000	-0.584436
4313.000000	-0.734747
4342.000000	-0.740810
4384.000000	-0.749692
4398.000000	-0.751117
4407.000000	-0.753737
4418.000000	-0.903097
4494.000000	-1.534975
4565.000000	-1.554663
4568.000000	-1.560712
4587.000000	-1.567900
4598.000000	-2.031653
4618.000000	-2.493772
4654.000000	-2.645535
4659.000000	-2.646755
4681.000000	-3.110007
4705.000000	-3.114051
4707.000000	-3.117077
4715.000000	-2.964035
4750.000000	-2.351192
4756.000000	-2.343453
4773.000000	-2.485414
4846.000000	-2.476370
4868.000000	-2.323449
4871.000000	-1.712349
4976.000000	-1.696410
5006.000000	-2.299841
5039.000000	-2.143488
5041.000000	-1.530572
5088.000000	-1.527613
5154.000000	-1.382393
5165.000000	-1.385915
5177.000000	-1.386319
5189.000000	-1.385139
5219.000000	-0.772950
5220.000000	-0.773446
5221.000000	-0.920434
5263.000000	-1.069521
5268.000000	-1.679131
5290.000000	-1.224151
5354.000000	-1.838901
5392.000000	-1.836534
5516.000000	-1.697538
5520.000000	-1.085982
5533.000000	-0.623938
5545.000000	-1.085412
5558.000000	-1.697064
5627.000000	-1.550221
5630.000000	-1.704167
5634.000000	-1.698265
5657.000000	-1.697989
5714.000000	-1.844662
5754.000000	-1.842638
5758.000000	-1.840440
5764.000000	-1.986557
5798.000000	-2.602965
5799.000000	-2.600990
5801.000000	-2.596958
5840.000000	-2.597215
5865.000000	-2.595545
5975.000000	-3.234484
5982.000000	-3.088700
6013.000000	-3.094519
6077.000000	-2.645746
6115.000000	-3.112586
6140.000000	-3.105953
6146.000000	-3.259201
6151.000000	-3.262753
6179.000000	-2.797938
6223.000000	-2.645022
6240.000000	-3.251490
6242.000000	-3.251967
6324.000000	-3.237290
6333.000000	-3.238639
6335.000000	-2.771587
6338.000000	-2.622000
6343.000000	-2.618481
6379.000000	-2.613144
6415.000000	-2.003748
6446.000000	-1.852566
6469.000000	-1.700923
6480.000000	-1.548215
6483.000000	-1.545165
6496.000000	-1.537676
6504.000000	-2.151363
6519.000000	-2.147637
6651.000000	-2.767128
6791.000000	-2.776615
6807.000000	-2.633911
6809.000000	-3.092519
6839.000000	-3.099222
6858.000000	-2.956516
6859.000000	-2.808704
6863.000000	-2.661730
6872.000000	-2.812133
6912.000000	-3.271148
6963.000000	-3.276284
7006.000000	-3.129632
7053.000000	-3.129414
7081.000000	-3.741619
7104.000000	-3.277405
7122.000000	-2.814974
7215.000000	-2.951476
7221.000000	-2.489898
7223.000000	-1.879445
7255.000000	-1.874979
7264.000000	-1.875334
7292.000000	-1.720380
7323.000000	-1.565294
7334.000000	-1.098905
7341.000000	-0.631291
7407.000000	-0.614018
7453.000000	-0.760163
7457.000000	-0.910122
7468.000000	-0.908569
7471.000000	-0.299540
7486.000000	-0.298010
7521.000000	-0.446624
7535.000000	-0.444970
7571.000000	0.015034
7574.000000	0.624039
7620.000000	0.614377
7659.000000	0.150065
7675.000000	0.152281
7774.000000	-0.456513
7803.000000	-1.065578
7807.000000	-0.918100
7835.000000	-0.917338
7875.000000	-0.461255
7879.000000	-0.604590
7904.000000	-1.060198
7913.000000	-1.069063
7940.000000	-0.621863
7943.000000	-0.614652
7944.000000	-0.606712
8010.000000	-0.752900
8094.000000	-1.360991
8224.000000	-0.899347
8307.000000	-0.750850
8377.000000	-0.763170
8423.000000	-0.751301
8426.000000	-1.204804
8442.000000	-1.659382
8446.000000	-1.667273
8461.000000	-1.681073
8464.000000	-1.693257
8495.000000	-1.085269
8502.000000	-0.623598
8564.000000	-0.627960
8567.000000	-1.093958
8593.000000	-0.474368
8594.000000	-0.625566
8603.000000	-1.243523
8611.000000	-1.859912
8612.000000	-1.707588
8624.000000	-1.702688
8696.000000	-1.695101
8701.000000	-1.694417
8731.000000	-1.704488
8738.000000	-1.241390
8748.000000	-1.387077
8764.000000	-1.395498
8828.000000	-1.395826
8836.000000	-0.935346
8840.000000	-0.933077
8888.000000	-0.778682
8924.000000	-0.776306
8935.000000	-1.240050
9033.000000	-1.679182
9049.000000	-1.679405
9075.000000	-1.216593
9113.000000	-1.203062
9130.000000	-1.057707
9147.000000	-0.910943
9151.000000	-0.916876
9153.000000	-0.919453
9169.000000	-0.772312
9179.000000	-0.773730
9213.000000	-0.628740
9259.000000	-1.100600
9273.000000	-1.718164
9288.000000	-1.720657
9290.000000	-1.723696
9304.000000	-1.874874
9322.000000	-1.878523
9362.000000	-1.879542
9403.000000	-1.881931
9426.000000	-1.885080
9442.000000	-1.887283
9445.000000	-1.888083
9487.000000	-2.038133
9496.000000	-2.036435
9502.000000	-2.651865
9524.000000	-2.649946
9535.000000	-2.183359
9542.000000	-1.566079
9567.000000	-1.099546
9603.000000	-1.241346
9614.000000	-0.623762
9643.000000	-0.150455
9725.000000	-0.127722
9729.000000	0.022804
9742.000000	0.175825
9754.000000	-0.284547
9756.000000	-0.131814
9763.000000	-0.590633
9833.000000	-0.732532
9871.000000	-0.734882
9874.000000	-0.731512
9878.000000	-0.877525
9898.000000	-0.882112
9927.000000	-0.886410
10007.000000	-1.528896
10031.000000	-1.535225
10088.000000	-1.557046
10230.000000	-1.602136
10234.000000	-2.207181
10235.000000	-2.812742
10259.000000	-2.669303
10267.000000	-2.667381
10282.000000	-2.663832
10310.000000	-2.203312
10327.000000	-2.348249
10373.000000	-1.875211
10377.000000	-1.417601
10511.000000	-1.507454
10522.000000	-1.503541
10545.000000	-0.886360
10569.000000	-0.416861
10593.000000	-0.404904
10621.000000	-0.246688
10653.000000	0.216598
10680.000000	0.367102
10695.000000	0.517596
10785.000000	0.512747
10827.000000	0.501234
10839.000000	0.041686
10846.000000	0.044066
10851.000000	0.194980
10932.000000	0.164078
11006.000000	-0.316595
11008.000000	-0.319734
11010.000000	-0.774359
11062.000000	-0.785225
11095.000000	-0.795901
11098.000000	-1.253631
11203.000000	-1.255688
11267.000000	-0.803020
11281.000000	-1.255882
11305.000000	-1.853360
11354.000000	-1.699070
11436.000000	-1.232263
11449.000000	-1.685369
11462.000000	-1.832886
11533.000000	-1.973620
11552.000000	-1.978111
11591.000000	-2.130943
11627.000000	-2.133287
11652.000000	-1.989921
11682.000000	-2.139396
11713.000000	-2.142222
11800.000000	-2.303073
11830.000000	-2.310120
11852.000000	-2.462625
11881.000000	-2.467493
11890.000000	-3.071226
11927.000000	-3.071960
11949.000000	-2.922843
11972.000000	-3.527678
12169.000000	-3.532064
12178.000000	-3.389834
12192.000000	-3.544125
12209.000000	-3.537795
12219.000000	-3.540092
12289.000000	-3.394398
12335.000000	-3.249844
12349.000000	-3.106672
12361.000000	-2.497210
12397.000000	-2.031183
12408.000000	-2.034279
12444.000000	-2.030439
12459.000000	-2.030432
12476.000000	-2.030809
12495.000000	-2.493970
12499.000000	-2.496348
12531.000000	-2.341379
12565.000000	-2.335974
12569.000000	-2.482673
12592.000000	-2.482644
12597.000000	-2.479696
12602.000000	-2.478008
12612.000000	-2.473868
12642.000000	-2.323641
12689.000000	-2.792568
12699.000000	-2.787036
12834.000000	-2.947071
12858.000000	-3.096258
12887.000000	-3.097768
12909.000000	-3.103495
12910.000000	-3.559513
12923.000000	-3.552831
13058.000000	-2.938377
13071.000000	-2.486738
13182.000000	-1.865921
13211.000000	-2.005630
13245.000000	-1.851321
13257.000000	-1.991317
13279.000000	-1.833882
13353.000000	-1.808121
13374.000000	-1.355678
13469.000000	-1.339649
13561.000000	-0.871443
13591.000000	-0.414412
13647.000000	-0.566517
13682.000000	-0.723332
13732.000000	-0.270702
13798.000000	0.329447
13808.000000	0.471032
13873.000000	0.319968
13893.000000	-0.279443
13900.000000	-0.284721
13932.000000	-0.435393
13936.000000	-1.039582
13973.000000	-1.501484
13991.000000	-2.102317
14000.000000	-1.949237
14113.000000	-2.115167
14120.000000	-1.512756
14169.000000	-1.673959
14171.000000	-1.523163
14182.000000	-1.984943
14252.000000	-1.390966
14283.000000	-1.997823
14435.000000	-2.451847
14518.000000	-2.456223
14524.000000	-2.313198
14537.000000	-2.762197
14543.000000	-3.363218
14545.000000	-3.363232
14571.000000	-3.361083
14598.000000	-3.360393
14613.000000	-2.904871
14674.000000	-2.760708
14749.000000	-2.161038
14839.000000	-2.310938
14895.000000	-2.313701
14910.000000	-1.853035
14953.000000	-1.855808
14965.000000	-2.462419
14974.000000	-1.855098
14998.000000	-2.002466
15001.000000	-2.152556
15061.000000	-2.752173
15070.000000	-2.755997
15140.000000	-2.913098
15149.000000	-2.766119
15158.000000	-2.767227
15215.000000	-2.929309
15220.000000	-2.313598
15221.000000	-2.464226
15289.000000	-1.865837
15315.000000	-1.872482
15328.000000	-2.335769
15334.000000	-2.486159
15340.000000	-2.484002
15365.000000	-1.868226
15373.000000	-1.863006
15384.000000	-2.323475
15392.000000	-2.314963
15461.000000	-2.304775
15493.000000	-2.761878
15532.000000	-2.759520
15559.000000	-2.608654
15581.000000	-2.607701
15583.000000	-2.606434
15677.000000	-2.004534
15694.000000	-1.543318
15720.000000	-1.082777
15740.000000	-0.938326
15742.000000	-0.933514
15764.000000	-0.318691
15788.000000	-0.926552
15792.000000	-0.926826
15837.000000	-0.917298
15853.000000	-0.764028
15863.000000	-1.373860
15869.000000	-1.988482
15915.000000	-1.830652
15972.000000	-1.982337
15973.000000	-1.368244
15986.000000	-1.218155
15996.000000	-1.218621
16003.000000	-1.215739
16046.000000	-1.224960
16100.000000	-1.237312
16102.000000	-1.087094
16125.000000	-1.554279
16228.000000	-1.566321
16233.000000	-2.176229
16250.000000	-1.713989
16303.000000	-2.173433
16333.000000	-2.629375
16336.000000	-2.629469
16356.000000	-2.019726
16397.000000	-2.014139
16398.000000	-2.163405
16487.000000	-2.152916
16495.000000	-2.006840
16514.000000	-2.159375
16564.000000	-2.163969
16644.000000	-2.638013
16647.000000	-2.792192
16652.000000	-2.945980
16683.000000	-2.954539
16690.000000	-3.109246
16696.000000	-3.113483
16698.000000	-3.265147
16699.000000	-2.802366
16715.000000	-3.268272
16734.000000	-2.658034
16753.000000	-3.123130
16839.000000	-3.115291
16857.000000	-3.112227
16873.000000	-3.109095
16913.000000	-3.568369
16920.000000	-3.714787
16938.000000	-3.097357
16960.000000	-3.090117
17031.000000	-3.230007
17065.000000	-3.227892
17078.000000	-3.230299
17084.000000	-3.381377
17121.000000	-3.383738
17134.000000	-3.235056
17196.000000	-2.626424
17203.000000	-2.628472
17212.000000	-2.479094
17222.000000	-1.874301
17296.000000	-2.485562
17341.000000	-2.485140
17352.000000	-2.943514
17354.000000	-2.485886
17400.000000	-2.621919
17414.000000	-2.162151
17421.000000	-1.556371
17440.000000	-1.096769
17502.000000	-0.926518
17610.000000	-1.351568
17668.000000	-1.346040
17688.000000	-1.196763
17756.000000	-1.038904
17767.000000	-1.042447
17814.000000	-1.047493
17815.000000	-0.903011
17888.000000	-0.916842
17892.000000	-1.374326
17918.000000	-0.774870
17926.000000	-0.781785
17929.000000	-1.392636
17952.000000	-1.248040
17993.000000	-1.258110
18019.000000	-0.797631
18086.000000	-1.268335
18088.000000	-1.272435
18105.000000	-1.736625
18110.000000	-2.201121
18116.000000	-2.809778
18138.000000	-2.351928
18189.000000	-1.890921
18197.000000	-1.284239
18202.000000	-0.825177
18218.000000	-0.362824
18224.000000	-0.203093
18250.000000	-0.037144
18276.000000	-0.166541
18362.000000	-0.139527
18509.000000	-0.103927
18562.000000	-0.688600
18579.000000	-0.832895
18615.000000	-0.829210
18617.000000	-0.973874
18656.000000	-1.130521
18803.000000	-1.184137
18852.000000	-0.748087
18907.000000	-0.623684
18958.000000	-0.643870
18975.000000	-0.804328
19015.000000	-0.670833
19031.000000	-1.276670
19132.000000	-1.739300
19145.000000	-2.190710
19146.000000	-2.792920
19148.000000	-3.394739
19184.000000	-3.543919
19203.000000	-3.547267
19209.000000	-3.399242
19241.000000	-2.941652
19322.000000	-2.946260
19331.000000	-2.336943
19377.000000	-2.188137
19417.000000	-2.038745
19422.000000	-1.890416
19468.000000	-1.742694
19475.000000	-2.203808
19490.000000	-2.195519
19494.000000	-2.195964
19534.000000	-2.336306
19541.000000	-2.336895
19600.000000	-2.330240
19603.000000	-1.719749
19615.000000	-1.257209
19631.000000	-0.794700
19645.000000	-0.639940
19675.000000	-0.023742
19703.000000	-0.015755
19714.000000	-0.014033
19759.000000	-0.011217
19808.000000	-0.619635
19864.000000	-0.149236
19899.000000	-0.602022
19906.000000	-0.601249
19966.000000	-0.752775
19975.000000	-0.293531
19980.000000	0.164778
19991.000000	0.163752
19992.000000	0.159649
20054.000000	0.620529
20055.000000	0.770168
20106.000000	1.032003
20136.000000	0.784940
20195.000000	0.168292
20212.000000	-0.290592
20249.000000	-0.746387
20279.000000	-0.286412
20330.000000	-0.284145
20331.000000	-0.136608
20337.000000	0.321715
20372.000000	0.792033
20388.000000	1.922806
20513.000000	1.958486
20530.000000	1.949302
20552.000000	1.960424
20588.000000	2.346387
20595.000000	1.101509
20609.000000	0.333608
20623.000000	0.182274
20631.000000	0.184571
20661.000000	-0.275136
20672.000000	-0.426594
20678.000000	-0.576512
20712.000000	-0.435190
20799.000000	-0.468116
20811.000000	-0.622314
20823.000000	-0.775996
20836.000000	-1.392548
20853.000000	-1.860473
20880.000000	-2.013847
20885.000000	-2.476382
20934.000000	-2.951883
20982.000000	-3.421559
21055.000000	-3.427024
21056.000000	-2.969792
21085.000000	-3.110761
21087.000000	-2.656353
21116.000000	-2.496908
21147.000000	-2.484457
21196.000000	-1.872775
21208.000000	-1.873695
21241.000000	-1.407765
21275.000000	-1.383310
21338.000000	-1.347461
21410.000000	-0.874930
21521.000000	-0.253379
21584.000000	0.365343
21590.000000	0.363459
21606.000000	0.365685
21678.000000	0.230836
21700.000000	0.377261
21746.000000	0.222740
21846.000000	0.652916
21910.000000	0.637420
21942.000000	0.187085
21973.000000	-0.268358
21983.000000	-0.276952
21998.000000	-0.888847
22069.000000	-0.453320
22109.000000	-0.472620
22113.000000	-1.080406
22145.000000	-1.693552
22165.000000	-2.151763
22203.000000	-2.160923
22252.000000	-1.559286
22271.000000	-2.172177
22278.000000	-2.170819
22299.000000	-2.630725
22316.000000	-2.018964
22318.000000	-1.407010
22333.000000	-0.792995
22368.000000	-0.323045
22471.000000	0.325746
22479.000000	0.334682
22487.000000	0.869308
22553.000000	0.742413
22559.000000	1.648561
22564.000000	3.059500
22614.000000	3.273560
22628.000000	3.360007
22659.000000	3.812037
22673.000000	5.923759
22677.000000	6.443600
22678.000000	8.347832
22760.000000	10.654321
22780.000000	8.618798
22783.000000	11.394588
22795.000000	11.353836
22814.000000	10.367436
22826.000000	10.363467
22833.000000	7.591464
22871.000000	7.587693
22906.000000	5.256631
22928.000000	3.812572
22974.000000	2.123231
22976.000000	2.120290
22990.000000	2.122948
23005.000000	2.094508
23019.000000	2.064883
23027.000000	2.077246
23028.000000	0.923374
23049.000000	0.917609
23064.000000	0.859170
23074.000000	0.656300
23090.000000	0.043976
23186.000000	-0.571543
23242.000000	-0.726517
23295.000000	-1.193622
23314.000000	-1.196543
23326.000000	-0.589511
23344.000000	-0.591302
23358.000000	-0.590588
23510.000000	-0.577674
23546.000000	-0.588006
23550.000000	-0.744364
23556.000000	-0.601443
23575.000000	-0.595306
23598.000000	-0.442656
23630.000000	-0.896086
23653.000000	-1.499403
23678.000000	-1.349276
23691.000000	-0.744013
23725.000000	-0.286243
23740.000000	-0.292341
23763.000000	-0.137549
23809.000000	0.478470
23888.000000	0.637433
23904.000000	1.659221
23919.000000	1.397599
23993.000000	0.639808
24038.000000	0.186743
24054.000000	0.196257
24060.000000	0.876868
24084.000000	0.349807
24100.000000	0.345353
24115.000000	0.491774
24164.000000	0.481658
24168.000000	0.481806
24205.000000	1.063944
24207.000000	1.956040
24272.000000	3.591598
24302.000000	3.151053
24306.000000	3.180363
24314.000000	1.695856
24317.000000	1.707779
24350.000000	1.440272
24357.000000	0.643630
24385.000000	1.484711
24402.000000	1.518882
24427.000000	1.505542
24430.000000	2.478632
24439.000000	3.796084
24460.000000	3.816053
24463.000000	3.830263
24466.000000	3.829034
24472.000000	5.828274
24476.000000	7.556860
24483.000000	9.426804
24505.000000	9.558456
24516.000000	7.075873
24537.000000	7.148045
24547.000000	7.163643
24554.000000	9.912526
24577.000000	9.975536
24594.000000	13.290181
24596.000000	13.232028
24603.000000	17.067065
24622.000000	19.652681
24634.000000	19.552161
24677.000000	19.382808
24729.000000	24.923059
24735.000000	25.175967
24767.000000	25.958101
24782.000000	26.314210
24806.000000	26.805048
24818.000000	29.635828
24824.000000	29.690666
24831.000000	29.737725
24833.000000	29.709928
24836.000000	29.673446
24843.000000	30.761290
24853.000000	30.409724
24924.000000	29.707616
24935.000000	29.422148
24941.000000	29.134354
25043.000000	25.709725
25060.000000	21.763315
25077.000000	21.389776
25087.000000	21.092615
25094.000000	20.839015
25219.000000	14.707243
25249.000000	12.613073
25258.000000	10.556485
25308.000000	10.237421
25346.000000	10.074795
25355.000000	8.164738
25391.000000	6.240924
25398.000000	6.303091
25449.000000	6.318422
25467.000000	4.151172
25485.000000	2.867247
25493.000000	2.806319
25523.000000	1.436246
25528.000000	0.644021
25541.000000	0.175797
25543.000000	-0.290495
25577.000000	0.168724
25581.000000	0.170636
25601.000000	-0.451662
25628.000000	-0.464989
25655.000000	-0.472715
25661.000000	-0.470482
25681.000000	-0.621470
25682.000000	-0.618067
25728.000000	-0.622107
25795.000000	-0.616454
25813.000000	-0.613638
25837.000000	-0.763684
25854.000000	-1.374546
25859.000000	-1.374485
25890.000000	-1.368466
25899.000000	-0.906026
25906.000000	-0.293565
25990.000000	-0.131176
26018.000000	-0.279622
26020.000000	0.184131
26039.000000	0.031730
26046.000000	-0.585268
26084.000000	-0.587574
26137.000000	-0.439981
26188.000000	-0.436811
26204.000000	-0.427754
26220.000000	-0.435345
26222.000000	-0.442758
26223.000000	-0.445309
26244.000000	-0.446367
26249.000000	-0.912874
26251.000000	-0.913746
26256.000000	-0.763924
26270.000000	-0.612472
26288.000000	-0.613825
26295.000000	-0.610109
26322.000000	-1.236733
26343.000000	-1.709034
26355.000000	-1.704631
26386.000000	-1.699109
26398.000000	-2.166725
26429.000000	-2.014131
26433.000000	-2.007615
26468.000000	-1.857961
26473.000000	-2.003775
26501.000000	-2.623447
26523.000000	-2.633631
26568.000000	-2.484019
26669.000000	-2.343252
26698.000000	-1.881872
26729.000000	-2.341171
26788.000000	-2.341634
26808.000000	-2.494097
26816.000000	-2.647830
26831.000000	-2.650289
26833.000000	-3.111303
26871.000000	-2.958892
26883.000000	-2.961033
26884.000000	-2.502218
26898.000000	-2.496222
26930.000000	-1.890043
26949.000000	-1.430333
27017.000000	-1.571321
27026.000000	-1.566385
27027.000000	-1.710749
27032.000000	-1.555618
27050.000000	-0.945856
27161.000000	-1.538371
27239.000000	-1.523731
27328.000000	-1.058739
27331.000000	-1.054007
27344.000000	-0.595579
27359.000000	-0.596876
27370.000000	0.011501
27399.000000	0.622862
27405.000000	1.327953
27456.000000	2.262195
27492.000000	2.038854
27503.000000	3.535874
27586.000000	3.848626
27630.000000	5.601869
27669.000000	3.713171
27678.000000	3.744985
27696.000000	5.909540
27743.000000	8.565868
27757.000000	11.430757
27805.000000	10.312346
27850.000000	7.440895
27879.000000	7.268632
27921.000000	6.476274
27929.000000	4.390805
27952.000000	4.331831
27957.000000	3.061080
27977.000000	4.261851
28026.000000	4.127427
28038.000000	2.459542
28077.000000	1.222440
28081.000000	0.357714
28132.000000	1.155108
28138.000000	0.341375
28155.000000	-0.272617
28169.000000	-0.884624
28170.000000	-0.273478
28208.000000	-0.737415
28215.000000	-1.349950
28272.000000	-1.972426
28274.000000	-2.434651
28355.000000	-2.437777
28383.000000	-2.437777
28385.000000	-2.435331
28490.000000	-2.309232
28498.000000	-1.699792
28532.000000	-2.312611
28558.000000	-2.469368
28562.000000	-2.467656
28568.000000	-3.077320
28576.000000	-3.077829
28621.000000	-2.466227
28707.000000	-2.312501
28730.000000	-2.303965
28742.000000	-2.154952
28760.000000	-2.151657
28780.000000	-2.002302
28830.000000	-2.611089
28831.000000	-2.762302
28845.000000	-2.763563
28854.000000	-2.763230
28857.000000	-2.911919
28888.000000	-2.764492
28912.000000	-2.614870
28965.000000	-2.628093
28976.000000	-2.630175
28979.000000	-2.634176
29025.000000	-2.639794
29059.000000	-2.642775
29075.000000	-2.645193
29136.000000	-2.029614
29149.000000	-2.030838
29173.000000	-2.489432
29198.000000	-2.019481
29219.000000	-2.476697
29258.000000	-2.615830
29276.000000	-1.994915
29287.000000	-1.529938
29323.000000	-1.370542
29354.000000	-0.742702
29357.000000	-0.594381
29368.000000	-0.595347
29395.000000	-0.443991
29398.000000	-0.444947
29413.000000	0.023898
29453.000000	0.173998
29467.000000	0.645548
29513.000000	0.649454
29515.000000	0.645637
29519.000000	1.716488
29545.000000	0.793134
29548.000000	0.172511
29561.000000	0.794852
29567.000000	1.708496
29574.000000	1.721993
29593.000000	2.829363
29598.000000	4.658220
29634.000000	3.324973
29641.000000	2.038006
29658.000000	1.775402
29659.000000	0.659582
29670.000000	1.507467
29681.000000	2.952285
29700.000000	4.296038
29703.000000	4.302007
29726.000000	2.527783
29729.000000	2.530715
29745.000000	2.467478
29773.000000	1.463903
29792.000000	1.725142
29804.000000	1.722990
29807.000000	2.810300
29844.000000	4.610766
29853.000000	2.806806
29857.000000	1.443164
29883.000000	0.491564
29898.000000	0.020591
29915.000000	0.023367
29920.000000	0.492449
29930.000000	0.341642
29931.000000	1.169745
29941.000000	1.451742
29968.000000	0.492633
29981.000000	0.486659
29987.000000	-0.128966
30031.000000	-0.123100
30041.000000	0.488561
30048.000000	0.495905
30061.000000	0.481876
30076.000000	0.487580
30103.000000	0.492826
30141.000000	0.024124
30175.000000	-0.586715
30207.000000	-0.595872
30322.000000	0.008990
30439.000000	0.010564
30450.000000	0.155667
30492.000000	0.000901
30514.000000	-0.000269
30516.000000	-0.598487
30523.000000	-0.594925
30535.000000	-0.602435
30603.000000	-0.598580
30631.000000	-0.594038
30689.000000	-1.048758
30690.000000	-0.898274
30714.000000	-0.446832
30838.000000	-0.454945
30952.000000	-0.447988
30953.000000	-0.442972
31080.000000	-0.585883
31089.000000	-0.590736
31091.000000	-0.743499
31141.000000	-0.751370
31166.000000	-1.201853
31173.000000	-1.802960
31202.000000	-1.657010
31223.000000	-1.661939
31280.000000	-1.065844
31289.000000	-1.066357
31341.000000	-0.927728
31377.000000	-0.321505
31454.000000	-0.320114
31456.000000	0.140331
31460.000000	0.751146
31491.000000	0.757969
31522.000000	1.569814
31541.000000	0.774590
31562.000000	0.174701
31563.000000	0.175674
31611.000000	-0.423626
31655.000000	-0.264991
31713.000000	-0.411887
31724.000000	0.200028
31752.000000	0.195270
31771.000000	0.650842
31807.000000	0.640456
31831.000000	1.365924
31860.000000	2.196487
31874.000000	2.182183
31896.000000	1.036548
31902.000000	1.909569
31937.000000	0.786440
32010.000000	0.836537
32020.000000	0.187599
32068.000000	-0.411644
32074.000000	-0.559091
32115.000000	-1.013307
32160.000000	-1.010490
32177.000000	-0.863822
32183.000000	-1.015805
32240.000000	-1.027447
32289.000000	-1.046133
32305.000000	-0.903766
32355.000000	-1.534944
32362.000000	-0.931681
32396.000000	-1.548656
32415.000000	-1.551240
32435.000000	-2.163548
32437.000000	-2.772269
32451.000000	-3.233562
32557.000000	-2.627914
32598.000000	-3.086266
32618.000000	-2.475002
32671.000000	-2.924992
32736.000000	-2.914746
32776.000000	-2.302638
32786.000000	-2.157879
32802.000000	-2.159644
32822.000000	-1.692548
32834.000000	-1.692348
32836.000000	-1.082994
32854.000000	-1.080820
32884.000000	-1.076238
32952.000000	-0.609779
32963.000000	-0.460644
32969.000000	-0.462703
32970.000000	-0.309562
32988.000000	-0.155180
33037.000000	-0.148973
33076.000000	0.000855
33091.000000	0.002087
33098.000000	-0.605983
33104.000000	-0.749631
33163.000000	-1.214009
33194.000000	-1.216744
33250.000000	-0.620527
33258.000000	-1.080170
33264.000000	-0.625154
33279.000000	-0.769588
33417.000000	-1.391561
33438.000000	-0.934899
33550.000000	-1.539459
33558.000000	-1.544522
33568.000000	-1.696326
33570.000000	-2.300366
33619.000000	-1.836352
33666.000000	-1.826712
33671.000000	-1.369064
33769.000000	-1.364405
33773.000000	-0.759217
33784.000000	-0.908274
33840.000000	-0.444008
33853.000000	-0.293200
33879.000000	-0.289732
33880.000000	-0.290487
33917.000000	-0.433528
33924.000000	-1.042588
34023.000000	-0.579366
34044.000000	-1.190109
34062.000000	-1.193598
34069.000000	-1.196143
34082.000000	-1.659101
34142.000000	-1.525964
34149.000000	-1.378289
34150.000000	-1.227068
34187.000000	-1.087477
34196.000000	-1.699736
34197.000000	-1.703583
34276.000000	-2.331369
34287.000000	-2.331900
34321.000000	-2.334877
34425.000000	-2.331674
34436.000000	-2.941623
34451.000000	-2.940436
34495.000000	-2.325946
34497.000000	-2.475405
34502.000000	-2.325478
34512.000000	-2.174513
34528.000000	-2.780084
34552.000000	-2.774231
34600.000000	-2.768074
34613.000000	-2.618138
34654.000000	-2.617743
34739.000000	-2.621483
34751.000000	-2.160567
34805.000000	-1.707312
34812.000000	-1.707134
34825.000000	-1.101052
34889.000000	-1.554484
34919.000000	-1.552800
34972.000000	-1.697350
34989.000000	-2.300721
35014.000000	-2.148398
35021.000000	-1.542292
35026.000000	-1.538768
35140.000000	-2.132506
35143.000000	-2.133549
35205.000000	-2.137218
35228.000000	-2.144128
35263.000000	-2.004678
35277.000000	-1.395525
35326.000000	-0.787814
35372.000000	-0.789898
35414.000000	-0.944181
35415.000000	-0.480311
35446.000000	-1.091145
35450.000000	-1.086117
35462.000000	-0.619416
35479.000000	-1.230686
35488.000000	-0.763232
35490.000000	-0.760747
35576.000000	-0.128450
35589.000000	0.488112
35597.000000	1.140485
35602.000000	0.341110
35612.000000	0.195605
35620.000000	0.202274
35658.000000	0.357376
35668.000000	0.209845
35710.000000	0.059146
35764.000000	-0.103291
35820.000000	-0.110207
35825.000000	-0.726475
35828.000000	-0.877401
35876.000000	-0.900763
35885.000000	-0.904022
35915.000000	-0.916257
35969.000000	-1.392749
35985.000000	-1.856801
35993.000000	-1.859931
35998.000000	-2.321252
36029.000000	-2.320307
36033.000000	-2.325052
36072.000000	-2.789426
36088.000000	-2.789337
36104.000000	-2.633490
36109.000000	-2.023285
36122.000000	-2.015193
36222.000000	-1.538746
36243.000000	-1.383850
36301.000000	-0.760174
36314.000000	-0.144746
36344.000000	-0.594068
36356.000000	-0.593670
36378.000000	-0.589571
36420.000000	-0.588474
36468.000000	-1.043230
36506.000000	-0.900018
36510.000000	-1.054489
36527.000000	-1.058906
36538.000000	-0.913246
36542.000000	-0.914536
36580.000000	-0.782489
36593.000000	-0.788335
36634.000000	-0.337080
36662.000000	-0.955355
36691.000000	-1.109036
36698.000000	-1.723388
36722.000000	-1.722933
36735.000000	-2.187916
36744.000000	-2.185343
36775.000000	-2.186530
36777.000000	-2.798778
36826.000000	-2.325420
36880.000000	-2.319526
36891.000000	-2.168309
36923.000000	-2.166813
36959.000000	-2.166273
36965.000000	-2.164682
36989.000000	-1.551739
37060.000000	-1.544261
37068.000000	-1.543525
37075.000000	-1.088266
37103.000000	-0.630607
37124.000000	-1.238008
37217.000000	-1.689448
37237.000000	-1.689740
37263.000000	-1.539093
37296.000000	-0.925164
37299.000000	-0.925056
37379.000000	-0.926553
37386.000000	-0.923550
37473.000000	-1.523120
37478.000000	-1.375862
37502.000000	-1.836160
37505.000000	-1.685935
37510.000000	-1.682246
37515.000000	-1.528775
37584.000000	-1.678498
37620.000000	-1.684507
37623.000000	-2.288909
37842.000000	-1.870668
37848.000000	-2.022445
37854.000000	-2.626598
37856.000000	-3.230171
37986.000000	-3.237300
38000.000000	-3.392787
38003.000000	-3.399868
38067.000000	-3.410352
38076.000000	-3.400943
38101.000000	-3.406613
38194.000000	-3.406673
38203.000000	-3.411669
38211.000000	-2.800705
38219.000000	-2.337288
38238.000000	-1.875479
38249.000000	-2.021329
38291.000000	-2.159898
38317.000000	-2.301053
38324.000000	-2.148183
38360.000000	-1.684355
38366.000000	-1.680529
38367.000000	-2.294115
38403.000000	-2.279422
38424.000000	-2.124158
38511.000000	-1.517751
38545.000000	-1.526102
38547.000000	-1.378904
38629.000000	-0.775790
38637.000000	-0.777177
38680.000000	-1.239041
38700.000000	-1.244496
38721.000000	-0.785352
38744.000000	-0.325933
38750.000000	-0.322354
38754.000000	-0.928546
38763.000000	-0.929352
38777.000000	-0.920820
38808.000000	-0.301735
38911.000000	-0.283540
38933.000000	-0.427989
38952.000000	-0.424848
38989.000000	0.197737
39043.000000	0.356381
39070.000000	0.505900
39086.000000	0.352818
39088.000000	0.356959
39134.000000	0.349602
39135.000000	0.347663
39194.000000	-0.270969
39262.000000	-0.280703
39265.000000	-0.431913
39268.000000	-0.283285
39270.000000	-0.287521
39327.000000	-0.763188
39341.000000	-1.228048
39366.000000	-1.080386
39381.000000	-1.084428
39409.000000	-0.478571
39468.000000	-0.478405
39512.000000	-0.473526
39530.000000	-0.470914
39587.000000	-0.465686
39613.000000	-0.917254
39639.000000	-0.452982
39648.000000	-0.599941
39662.000000	0.010964
39712.000000	-0.434558
39755.000000	-0.280089
39769.000000	-0.430785
39783.000000	-0.282407
39812.000000	-0.429417
39906.000000	-0.434778
39931.000000	0.018479
39943.000000	-0.440848
39969.000000	-0.594227
39975.000000	-0.742516
39979.000000	-0.742441
39996.000000	-1.208383
40033.000000	-1.826001
40111.000000	-2.300417
40234.000000	-1.707969
40247.000000	-1.718038
40281.000000	-2.179105
40309.000000	-2.188000
40332.000000	-2.804307
40358.000000	-2.663524
40360.000000	-2.656802
40371.000000	-2.193696
40372.000000	-2.346011
40384.000000	-2.197265
40416.000000	-2.342727
40426.000000	-1.727572
40439.000000	-1.723018
40448.000000	-1.726082
40460.000000	-1.867932
40468.000000	-1.709415
40579.000000	-1.532552
40608.000000	-1.528933
40622.000000	-1.072026
40645.000000	-0.918609
40649.000000	-0.462286
40700.000000	-0.912570
40702.000000	-0.905025
40708.000000	-1.047417
40787.000000	-1.201176
40816.000000	-1.201738
40822.000000	-1.349491
40922.000000	-1.817628
41038.000000	-2.428425
41072.000000	-2.290100
41098.000000	-2.447978
41178.000000	-2.334606
41184.000000	-2.792435
41185.000000	-2.802867
41198.000000	-3.261884
41209.000000	-3.120622
41210.000000	-3.274983
41231.000000	-3.280256
41346.000000	-3.448460
41350.000000	-4.063499
41359.000000	-4.217622
41363.000000	-4.833407
41366.000000	-4.366955
41375.000000	-4.215209
41401.000000	-4.061888
41417.000000	-3.444847
41434.000000	-2.827739
41487.000000	-2.666334
41513.000000	-2.810007
41518.000000	-2.655001
41531.000000	-2.192268
41555.000000	-2.178423
41561.000000	-1.714339
41581.000000	-1.855255
41602.000000	-1.845813
41667.000000	-1.368527
41701.000000	-1.363697
41745.000000	-1.365647
41802.000000	-1.369256
41824.000000	-1.373354
41900.000000	-1.230521
41901.000000	-1.236349
41905.000000	-0.625603
41907.000000	-1.235363
41933.000000	-1.392679
41941.000000	-0.929947
41947.000000	-1.545882
41958.000000	-1.545838
41961.000000	-1.696633
41992.000000	-1.695967
42045.000000	-1.696723
42111.000000	-2.163567
42117.000000	-2.013066
42130.000000	-2.479080
42138.000000	-1.863654
42140.000000	-1.861740
42148.000000	-1.864377
42154.000000	-2.011713
42168.000000	-2.010262
42190.000000	-2.010372
42204.000000	-1.859585
42223.000000	-2.009277
42323.000000	-1.862289
42390.000000	-2.330463
42395.000000	-1.711673
42404.000000	-1.566409
42412.000000	-2.032238
42419.000000	-1.886445
42426.000000	-2.499761
42429.000000	-2.499399
42433.000000	-2.497128
42435.000000	-2.495268
42438.000000	-2.035559
42504.000000	-1.570670
42506.000000	-1.564978
42514.000000	-1.577489
42541.000000	-0.962651
42570.000000	-0.966788
42667.000000	-0.938625
42689.000000	-0.782028
42731.000000	-0.769891
42752.000000	-0.913187
42777.000000	-0.907496
42812.000000	-1.053904
42858.000000	-1.205768
42880.000000	-1.201147
42909.000000	-1.203994
42935.000000	-1.360183
42952.000000	-1.517991
42989.000000	-1.530963
43005.000000	-1.388526
43026.000000	-1.245796
43036.000000	-1.397150
43083.000000	-2.019221
43099.000000	-2.630929
43140.000000	-2.634879
43193.000000	-2.646512
43203.000000	-3.258013
43213.000000	-3.868840
43241.000000	-3.718293
43256.000000	-3.865833
43333.000000	-3.865521
43343.000000	-3.718541
43355.000000	-3.719751
43420.000000	-3.720698
43449.000000	-3.724118
43458.000000	-3.721989
43471.000000	-3.259656
43483.000000	-3.256710
43528.000000	-3.251461
43554.000000	-2.639364
43556.000000	-2.638666
43567.000000	-2.634349
43623.000000	-2.016775
43627.000000	-2.013302
43675.000000	-1.390702
43705.000000	-0.922074
43763.000000	-1.365015
43822.000000	-1.206587
43849.000000	-1.203570
43855.000000	-1.350808
43872.000000	-1.198903
43907.000000	-1.340804
43954.000000	-1.336317
43981.000000	-1.335029
43983.000000	-1.184119
44079.000000	-1.206449
44111.000000	-1.216500
44121.000000	-1.825064
44145.000000	-1.678253
44199.000000	-1.686080
44284.000000	-2.306381
44395.000000	-2.329551
44450.000000	-2.344228
44464.000000	-2.799531
44467.000000	-2.806697
44468.000000	-3.409135
44475.000000	-3.405023
44483.000000	-3.551798
44597.000000	-3.551577
44616.000000	-3.407636
44618.000000	-3.261618
44622.000000	-3.409116
44643.000000	-3.254562
44660.000000	-3.249527
44734.000000	-3.243863
44744.000000	-3.241215
44774.000000	-3.237388
44890.000000	-3.855222
44925.000000	-3.713700
44930.000000	-3.252487
44944.000000	-3.256188
44982.000000	-2.643790
45051.000000	-2.796496
45055.000000	-2.953922
45066.000000	-3.109813
45118.000000	-2.963783
45121.000000	-2.349490
45141.000000	-2.807198
45156.000000	-2.804530
45163.000000	-2.340402
45169.000000	-2.487739
45182.000000	-2.025120
45187.000000	-1.871392
45197.000000	-2.014181
45236.000000	-2.004499
45256.000000	-1.845695
45278.000000	-1.382182
45314.000000	-0.768608
45408.000000	-0.148099
45419.000000	-0.143276
45465.000000	-0.598979
45514.000000	-0.443677
45525.000000	-1.052367
45542.000000	-1.053952
45628.000000	-0.904626
45658.000000	-0.757623
45661.000000	-0.906257
45690.000000	-1.364594
45704.000000	-1.367725
45801.000000	-0.792306
45805.000000	-1.248763
45806.000000	-1.249061
45822.000000	-1.712036
45823.000000	-1.254719
45874.000000	-0.649824
45963.000000	-0.648515
46047.000000	-0.650393
46055.000000	-1.257333
46064.000000	-1.861755
46084.000000	-1.854871
46129.000000	-1.389131
46132.000000	-1.386907
46147.000000	-1.530485
46222.000000	-1.512405
46251.000000	-0.908823
46258.000000	-0.908470
46263.000000	-0.905971
46306.000000	-0.298977
46421.000000	-0.441878
46423.000000	-0.443476
46469.000000	-0.902578
46531.000000	-1.063906
46535.000000	-0.919695
46628.000000	-0.935686
46650.000000	-1.394967
46663.000000	-1.855376
46678.000000	-1.859828
46685.000000	-2.012634
46698.000000	-1.410697
46702.000000	-0.802791
46715.000000	-0.806529
46759.000000	-1.417042
46803.000000	-0.949797
46851.000000	-0.794274
46894.000000	-0.638562
46898.000000	-1.102239
46959.000000	-0.622559
46983.000000	-0.618633
47003.000000	-0.605200
47016.000000	-0.606347
47020.000000	-0.139177
47035.000000	0.326536
47052.000000	0.325592
47061.000000	0.323877
47114.000000	0.173318
47120.000000	0.173967
47130.000000	0.174638
47153.000000	0.023291
47156.000000	0.176474
47177.000000	-0.294305
47186.000000	-0.910391
47202.000000	-1.378696
47234.000000	-1.384692
47239.000000	-1.390608
47329.000000	-1.408469
47371.000000	-0.954240
47384.000000	-0.493231
47398.000000	-1.106242
47435.000000	-1.255551
47469.000000	-1.248463
47481.000000	-1.099210
47515.000000	-1.088469
47559.000000	-1.684675
47576.000000	-1.532299
47630.000000	-1.523476
47637.000000	-1.525080
47653.000000	-1.522769
47663.000000	-1.521722
47675.000000	-1.371120
47681.000000	-1.517354
47714.000000	-1.062522
47731.000000	-0.911141
47757.000000	-0.914135
47798.000000	-0.768552
47849.000000	-1.387954
47854.000000	-0.932065
47986.000000	-1.549595
48018.000000	-2.007612
48026.000000	-1.858259
48027.000000	-1.254643
48051.000000	-1.259332
48111.000000	-1.399881
48152.000000	-1.850268
48242.000000	-1.693636
48251.000000	-1.237599
48264.000000	-1.384125
48275.000000	-1.385049
48350.000000	-1.379566
48408.000000	-1.527382
48427.000000	-1.678665
48562.000000	-1.551260
48567.000000	-2.157886
48571.000000	-1.698251
48576.000000	-1.238991
48581.000000	-1.391042
48621.000000	-0.789719
48629.000000	-1.398055
48648.000000	-0.787497
48660.000000	-0.938399
48683.000000	-0.937331
48724.000000	-1.543782
48754.000000	-1.539571
48813.000000	-1.520749
48827.000000	-1.666996
48834.000000	-1.665643
48874.000000	-2.273351
48887.000000	-1.663512
48894.000000	-1.511835
48905.000000	-1.511126
48923.000000	-1.360787
48980.000000	-0.758674
49011.000000	-0.758204
49049.000000	-0.761855
49115.000000	-0.773173
49150.000000	-1.232734
49159.000000	-1.084097
49165.000000	-1.690903
49247.000000	-1.084629
49251.000000	-1.540259
49272.000000	-0.936460
49329.000000	-0.925756
49338.000000	-0.775064
49394.000000	-0.775810
49409.000000	-0.170074
49427.000000	-0.017817
49431.000000	-0.162775
49516.000000	-0.005654
49628.000000	-0.594891
