311.000000	-1.253883
313.000000	-1.173014
391.000000	-1.336483
406.000000	-0.824960
424.000000	0.142830
427.000000	0.228157
459.000000	0.483432
473.000000	0.081314
507.000000	0.623265
565.000000	0.155811
629.000000	1.057301
632.000000	0.115580
637.000000	0.452360
698.000000	0.579456
747.000000	1.104697
800.000000	0.930894
813.000000	2.053514
831.000000	1.378746
909.000000	0.891771
912.000000	0.947519
927.000000	1.563549
987.000000	1.519057
995.000000	1.103384
1004.000000	1.360530
1006.000000	0.408677
1014.000000	0.160376
1021.000000	-0.256097
1063.000000	-0.370229
1123.000000	0.279564
1133.000000	0.109209
1149.000000	0.041957
1197.000000	-0.892077
1205.000000	-0.934485
1225.000000	-0.193633
1305.000000	-0.899943
1320.000000	-1.036643
1396.000000	-1.190604
1449.000000	-2.503446
1578.000000	-2.084639
1602.000000	-1.804691
1651.000000	-1.586315
1663.000000	-1.559751
1679.000000	-2.045249
1691.000000	-1.722487
1716.000000	-1.700728
1717.000000	-1.610493
1833.000000	-2.022015
1841.000000	-1.844555
1842.000000	-1.618642
1855.000000	-1.496612
1873.000000	-1.489631
1890.000000	-2.029144
1901.000000	-1.401680
1902.000000	-1.354297
1953.000000	-2.488943
1956.000000	-2.305663
1980.000000	-2.213223
1982.000000	-0.975695
2002.000000	-1.417043
2011.000000	-1.357031
2012.000000	-2.121309
2037.000000	-0.719702
2058.000000	-1.895368
2099.000000	-1.994116
2120.000000	-2.344333
2134.000000	-1.528038
2189.000000	-1.498371
2203.000000	-1.490271
2376.000000	-1.924631
2391.000000	-0.965392
2418.000000	-1.739727
2441.000000	-1.941117
2457.000000	-2.196407
2492.000000	-1.286338
2509.000000	-2.178171
2536.000000	-1.174924
2563.000000	-1.586609
2587.000000	-2.074156
2606.000000	-2.751109
2611.000000	-1.712745
2614.000000	-1.837272
2648.000000	-2.046714
2658.000000	-2.071588
2662.000000	-1.707588
2700.000000	-1.623970
2797.000000	-1.629956
2800.000000	-0.984734
2839.000000	-1.459925
2860.000000	-1.691299
2872.000000	-1.296223
2899.000000	-2.674990
2925.000000	-2.079467
2939.000000	-2.725299
3034.000000	-1.446982
3071.000000	-2.349438
3099.000000	-1.700531
3156.000000	-2.341870
3180.000000	-2.065512
3224.000000	-2.596483
3262.000000	-1.775456
3284.000000	-2.148029
3292.000000	-2.011789
3474.000000	-2.699036
3479.000000	-2.376440
3610.000000	-2.277053
3620.000000	-1.457006
3647.000000	-1.662321
3660.000000	-2.134627
3673.000000	-1.650885
3725.000000	-2.065861
3748.000000	-0.315956
3766.000000	-0.792463
3832.000000	-0.661055
3855.000000	-0.212837
3866.000000	-0.898939
3918.000000	-1.033675
3950.000000	-1.162861
4023.000000	-0.700546
4040.000000	-0.222957
4100.000000	0.414559
4144.000000	0.849166
4146.000000	1.358405
4189.000000	0.918382
4212.000000	1.565449
4213.000000	0.832990
4232.000000	0.127592
4240.000000	0.117311
4291.000000	-1.213818
4313.000000	-1.045982
4342.000000	-1.293863
4384.000000	-1.257297
4398.000000	-2.012807
4407.000000	-2.302894
4418.000000	-3.387145
4494.000000	-3.266980
4565.000000	-2.640436
4568.000000	-3.467699
4587.000000	-2.571893
4598.000000	-2.615438
4618.000000	-3.375126
4654.000000	-3.944597
4659.000000	-3.409339
4681.000000	-3.942886
4705.000000	-3.931617
4707.000000	-3.281763
4715.000000	-3.587171
4750.000000	-2.793052
4756.000000	-2.938604
4773.000000	-3.024427
4846.000000	-2.643069
4868.000000	-2.687875
4871.000000	-2.049195
4976.000000	-1.534220
5006.000000	-1.665055
5039.000000	-1.751347
5041.000000	-0.923355
5088.000000	-0.814198
5154.000000	-0.576021
5165.000000	-0.739559
5177.000000	-1.001791
5189.000000	-0.955426
5219.000000	-0.595037
5220.000000	-0.620428
5221.000000	-0.856880
5263.000000	-0.669209
5268.000000	-1.636453
5290.000000	-1.051270
5354.000000	-1.573116
5392.000000	-1.519832
5516.000000	-1.405654
5520.000000	-0.622652
5533.000000	-0.151944
5545.000000	-0.150354
5558.000000	-1.536689
5627.000000	-1.548356
5630.000000	-1.754507
5634.000000	-2.025587
5657.000000	-1.608687
5714.000000	-1.745739
5754.000000	-1.459791
5758.000000	-1.569930
5764.000000	-1.904305
5798.000000	-2.236017
5799.000000	-2.194936
5801.000000	-1.971850
5840.000000	-1.873659
5865.000000	-2.006407
5975.000000	-2.889164
5982.000000	-3.188493
6013.000000	-3.171998
6077.000000	-3.092399
6115.000000	-4.070503
6140.000000	-3.415024
6146.000000	-3.700727
6151.000000	-3.613646
6179.000000	-3.336768
6223.000000	-3.014324
6240.000000	-3.093754
6242.000000	-3.223494
6324.000000	-3.287783
6333.000000	-3.281817
6335.000000	-2.804207
6338.000000	-2.771493
6343.000000	-2.465632
6379.000000	-2.647139
6415.000000	-2.101528
6446.000000	-1.679258
6469.000000	-1.680705
6480.000000	-1.341110
6483.000000	-1.424505
6496.000000	-1.695694
6504.000000	-1.620228
6519.000000	-1.631458
6651.000000	-2.512358
6791.000000	-2.581195
6807.000000	-2.408894
6809.000000	-2.967741
6839.000000	-2.940416
6858.000000	-2.811839
6859.000000	-2.670507
6863.000000	-2.496621
6872.000000	-2.670102
6912.000000	-3.202168
6963.000000	-3.176317
7006.000000	-3.017257
7053.000000	-3.023660
7081.000000	-3.741619
7104.000000	-3.304874
7122.000000	-3.184855
7215.000000	-3.775381
7221.000000	-2.044916
7223.000000	-2.158129
7255.000000	-2.089614
7264.000000	-3.059193
7292.000000	-1.747557
7323.000000	-2.177439
7334.000000	-1.656023
7341.000000	-1.303641
7407.000000	-1.690344
7453.000000	-1.650732
7457.000000	-1.728544
7468.000000	-1.615806
7471.000000	0.935759
7486.000000	1.730855
7521.000000	0.662818
7535.000000	0.572559
7571.000000	1.662209
7574.000000	2.773887
7620.000000	4.404819
7659.000000	1.676627
7675.000000	2.961417
7774.000000	2.175740
7803.000000	1.601494
7807.000000	1.822956
7835.000000	2.260224
7875.000000	2.398463
7879.000000	1.787500
7904.000000	1.295230
7913.000000	0.143378
7940.000000	0.756200
7943.000000	0.980239
7944.000000	1.020941
8010.000000	0.426399
8094.000000	-1.259452
8224.000000	-1.031088
8307.000000	-0.408472
8377.000000	-0.927527
8423.000000	-1.714102
8426.000000	-2.996922
8442.000000	-2.744455
8446.000000	-2.668577
8461.000000	-3.277013
8464.000000	-2.764342
8495.000000	-2.484531
8502.000000	-1.451591
8564.000000	-1.735505
8567.000000	-2.725984
8593.000000	-1.746791
8594.000000	-1.656255
8603.000000	-1.496325
8611.000000	-2.555259
8612.000000	-2.407424
8624.000000	-1.592276
8696.000000	-1.872972
8701.000000	-1.695386
8731.000000	-2.438572
8738.000000	-1.813041
8748.000000	-1.219667
8764.000000	-0.124347
8828.000000	-0.659639
8836.000000	-0.346846
8840.000000	-0.114705
8888.000000	0.336355
8924.000000	-0.135132
8935.000000	-0.234285
9033.000000	-0.951687
9049.000000	-1.186224
9075.000000	-0.166100
9113.000000	0.097928
9130.000000	0.104287
9147.000000	-0.369765
9151.000000	-0.328564
9153.000000	-0.250066
9169.000000	-0.546429
9179.000000	-0.213562
9213.000000	-0.112482
9259.000000	-0.432707
9273.000000	-0.561016
9288.000000	-0.821078
9290.000000	-1.851410
9304.000000	-1.965112
9322.000000	-1.408333
9362.000000	-1.669409
9403.000000	-1.890321
9426.000000	-1.590505
9442.000000	-1.527174
9445.000000	-1.558279
9487.000000	-1.708199
9496.000000	-1.666390
9502.000000	-1.998509
9524.000000	-1.912644
9535.000000	-1.411755
9542.000000	-1.454591
9567.000000	-1.175498
9603.000000	-0.675270
9614.000000	-0.186557
9643.000000	0.397382
9725.000000	-0.130422
9729.000000	0.060792
9742.000000	1.140988
9754.000000	-0.652861
9756.000000	-0.439385
9763.000000	-0.735124
9833.000000	-1.586755
9871.000000	-1.305698
9874.000000	-0.904419
9878.000000	-1.096521
9898.000000	-2.254021
9927.000000	-1.385571
10007.000000	-3.103876
10031.000000	-2.815647
10088.000000	-2.062015
10230.000000	-2.071776
10234.000000	-2.739384
10235.000000	-3.079473
10259.000000	-2.577344
10267.000000	-3.920976
10282.000000	-2.788492
10310.000000	-3.300591
10327.000000	-3.376631
10373.000000	-2.319755
10377.000000	-1.984155
10511.000000	-2.514522
10522.000000	-2.029738
10545.000000	-1.522556
10569.000000	-2.148893
10593.000000	-0.966649
10621.000000	-0.764959
10653.000000	-0.985266
10680.000000	-0.584806
10695.000000	-1.185549
10785.000000	-0.501863
10827.000000	-0.854831
10839.000000	-0.783536
10846.000000	-0.308490
10851.000000	-1.241869
10932.000000	-0.267016
11006.000000	-1.443753
11008.000000	-2.069374
11010.000000	-1.700991
11062.000000	-1.572566
11095.000000	-1.761320
11098.000000	-2.086195
11203.000000	-2.343059
11267.000000	-1.213223
11281.000000	-1.542772
11305.000000	-1.514045
11354.000000	-1.703763
11436.000000	-1.295788
11449.000000	-2.768811
11462.000000	-2.074285
11533.000000	-1.887891
11552.000000	-2.709661
11591.000000	-2.046865
11627.000000	-2.536335
11652.000000	-2.812957
11682.000000	-2.982645
11713.000000	-2.182224
11800.000000	-2.525093
11830.000000	-2.979095
11852.000000	-2.958758
11881.000000	-2.973946
11890.000000	-3.286156
11927.000000	-3.581167
11949.000000	-3.443797
11972.000000	-4.349898
12169.000000	-4.120121
12178.000000	-4.338329
12192.000000	-4.348222
12209.000000	-3.914270
12219.000000	-4.387273
12289.000000	-4.080184
12335.000000	-4.166528
12349.000000	-3.658312
12361.000000	-3.953680
12397.000000	-3.481745
12408.000000	-2.707971
12444.000000	-3.789094
12459.000000	-3.502166
12476.000000	-3.451105
12495.000000	-3.434816
12499.000000	-3.490591
12531.000000	-2.731390
12565.000000	-3.536311
12569.000000	-3.479140
12592.000000	-4.148673
12597.000000	-3.747417
12602.000000	-3.393409
12612.000000	-3.070452
12642.000000	-3.596021
12689.000000	-4.071826
12699.000000	-3.192189
12834.000000	-4.096831
12858.000000	-3.326947
12887.000000	-3.631772
12909.000000	-3.277273
12910.000000	-3.504266
12923.000000	-3.458267
13058.000000	-2.714063
13071.000000	-2.944416
13182.000000	-2.681801
13211.000000	-2.156318
13245.000000	-2.337377
13257.000000	-3.298128
13279.000000	-2.454020
13353.000000	-2.200601
13374.000000	-1.437827
13469.000000	-1.611372
13561.000000	-0.582812
13591.000000	-0.901797
13647.000000	-0.585555
13682.000000	-1.116281
13732.000000	-0.607450
13798.000000	0.547085
13808.000000	-0.350588
13873.000000	-0.128518
13893.000000	-1.333794
13900.000000	-0.811135
13932.000000	-1.109279
13936.000000	-1.178155
13973.000000	-0.932169
13991.000000	-2.182465
14000.000000	-1.770695
14113.000000	-2.030495
14120.000000	-1.252416
14169.000000	-1.153058
14171.000000	-0.983920
14182.000000	-2.256855
14252.000000	-1.256038
14283.000000	-2.374044
14435.000000	-2.545506
14518.000000	-3.385079
14524.000000	-2.590271
14537.000000	-2.501641
14543.000000	-2.949763
14545.000000	-2.969681
14571.000000	-3.019682
14598.000000	-3.050444
14613.000000	-2.750561
14674.000000	-2.573994
14749.000000	-1.999417
14839.000000	-2.876428
14895.000000	-2.427620
14910.000000	-1.973671
14953.000000	-1.780453
14965.000000	-2.388080
14974.000000	-1.511539
14998.000000	-2.304015
15001.000000	-2.351370
15061.000000	-3.192685
15070.000000	-3.308892
15140.000000	-3.465018
15149.000000	-2.919179
15158.000000	-2.855310
15215.000000	-3.025488
15220.000000	-2.787408
15221.000000	-3.064998
15289.000000	-2.282780
15315.000000	-2.228775
15328.000000	-2.520126
15334.000000	-2.362263
15340.000000	-2.214144
15365.000000	-1.862778
15373.000000	-1.560530
15384.000000	-2.825185
15392.000000	-2.910724
15461.000000	-2.815383
15493.000000	-3.504698
15532.000000	-3.436134
15559.000000	-3.347394
15581.000000	-3.392593
15583.000000	-3.426587
15677.000000	-2.933612
15694.000000	-1.998407
15720.000000	-2.255509
15740.000000	-2.065452
15742.000000	-1.715237
15764.000000	-1.152215
15788.000000	-2.206172
15792.000000	-1.855636
15837.000000	-2.371335
15853.000000	-1.323741
15863.000000	-1.817904
15869.000000	-2.149875
15915.000000	-2.672089
15972.000000	-2.360811
15973.000000	-2.329710
15986.000000	-1.939663
15996.000000	-2.407131
16003.000000	-1.526388
16046.000000	-1.792324
16100.000000	-1.057832
16102.000000	-1.182738
16125.000000	-2.535098
16228.000000	-3.060115
16233.000000	-3.155808
16250.000000	-2.799093
16303.000000	-2.514328
16333.000000	-4.178457
16336.000000	-4.297503
16356.000000	-3.436583
16397.000000	-2.948188
16398.000000	-3.129019
16487.000000	-3.441421
16495.000000	-3.940966
16514.000000	-3.373581
16564.000000	-3.789438
16644.000000	-3.842450
16647.000000	-3.976700
16652.000000	-4.173079
16683.000000	-3.659953
16690.000000	-4.085334
16696.000000	-3.967486
16698.000000	-4.192972
16699.000000	-3.417988
16715.000000	-3.358270
16734.000000	-2.599801
16753.000000	-3.330903
16839.000000	-3.139822
16857.000000	-3.179083
16873.000000	-3.287914
16913.000000	-3.385153
16920.000000	-3.584317
16938.000000	-3.150734
16960.000000	-3.330750
17031.000000	-3.399108
17065.000000	-3.433908
17078.000000	-3.158885
17084.000000	-3.311304
17121.000000	-3.357461
17134.000000	-3.252323
17196.000000	-2.577814
17203.000000	-2.360460
17212.000000	-2.298129
17222.000000	-1.748205
17296.000000	-2.576631
17341.000000	-2.683888
17352.000000	-3.206551
17354.000000	-3.026378
17400.000000	-3.265517
17414.000000	-3.161057
17421.000000	-2.529342
17440.000000	-2.823388
17502.000000	-3.594333
17610.000000	-3.369167
17668.000000	-3.423397
17688.000000	-3.090193
17756.000000	-2.726283
17767.000000	-2.490159
17814.000000	-2.812086
17815.000000	-2.573023
17888.000000	-3.455831
17892.000000	-2.723329
17918.000000	-2.730614
17926.000000	-2.695410
17929.000000	-3.192232
17952.000000	-3.100097
17993.000000	-2.868492
18019.000000	-2.053894
18086.000000	-3.304524
18088.000000	-3.272792
18105.000000	-2.811701
18110.000000	-3.116571
18116.000000	-3.278674
18138.000000	-3.730183
18189.000000	-2.693093
18197.000000	-2.196578
18202.000000	-1.359866
18218.000000	-1.587915
18224.000000	-0.698333
18250.000000	-0.949425
18276.000000	-0.631705
18362.000000	-1.183079
18509.000000	-1.252034
18562.000000	-2.009310
18579.000000	-1.811590
18615.000000	-1.750282
18617.000000	-1.719778
18656.000000	-1.611894
18803.000000	-2.261476
18852.000000	-1.457816
18907.000000	-1.187673
18958.000000	-0.999241
18975.000000	-1.511772
19015.000000	-1.012403
19031.000000	-1.229725
19132.000000	-1.943007
19145.000000	-2.212551
19146.000000	-3.054117
19148.000000	-3.398494
19184.000000	-3.825616
19203.000000	-3.618539
19209.000000	-3.586816
19241.000000	-3.417026
19322.000000	-3.632181
19331.000000	-3.539615
19377.000000	-2.997545
19417.000000	-2.619191
19422.000000	-2.820598
19468.000000	-2.648753
19475.000000	-2.330807
19490.000000	-3.218491
19494.000000	-3.293067
19534.000000	-3.500703
19541.000000	-3.474235
19600.000000	-2.945123
19603.000000	-3.484600
19615.000000	-2.599331
19631.000000	-2.372789
19645.000000	-1.431589
19675.000000	-0.394854
19703.000000	-1.468223
19714.000000	-0.933419
19759.000000	-1.566540
19808.000000	-1.412147
19864.000000	-1.474083
19899.000000	-2.006898
19906.000000	-1.154411
19966.000000	-1.872573
19975.000000	-1.844155
19980.000000	-0.724777
19991.000000	-0.054186
19992.000000	0.222173
20054.000000	-0.678822
20055.000000	-0.468976
20106.000000	0.360928
20136.000000	0.320724
20195.000000	-0.141435
20212.000000	-0.552571
20249.000000	-1.133901
20279.000000	-0.649196
20330.000000	-0.128448
20331.000000	0.298548
20337.000000	2.306726
20372.000000	2.717291
20388.000000	3.544877
20513.000000	3.573279
20530.000000	2.637709
20552.000000	3.946157
20588.000000	4.678577
20595.000000	0.797642
20609.000000	-0.057396
20623.000000	-0.729166
20631.000000	-0.938696
20661.000000	-3.136885
20672.000000	-2.689474
20678.000000	-3.584239
20712.000000	-2.802532
20799.000000	-2.715426
20811.000000	-4.311986
20823.000000	-3.715859
20836.000000	-4.026665
20853.000000	-3.301846
20880.000000	-3.290535
20885.000000	-2.980180
20934.000000	-3.279909
20982.000000	-4.020039
21055.000000	-2.925177
21056.000000	-3.332653
21085.000000	-3.906398
21087.000000	-3.936561
21116.000000	-3.949096
21147.000000	-3.941526
21196.000000	-3.182205
21208.000000	-2.649489
21241.000000	-3.734400
21275.000000	-3.654160
21338.000000	-3.171262
21410.000000	-2.872565
21521.000000	-1.892578
21584.000000	-2.691764
21590.000000	-2.346442
21606.000000	-1.492960
21678.000000	-1.792421
21700.000000	-2.691174
21746.000000	-2.626712
21846.000000	-2.003569
21910.000000	-2.470000
21942.000000	-3.168739
21973.000000	-2.382002
21983.000000	-2.974497
21998.000000	-2.704783
22069.000000	-2.061070
22109.000000	-3.735165
22113.000000	-3.969529
22145.000000	-3.946745
22165.000000	-3.773649
22203.000000	-3.652756
22252.000000	-3.493485
22271.000000	-3.882784
22278.000000	-4.559815
22299.000000	-4.508845
22316.000000	-3.440031
22318.000000	-3.434449
22333.000000	-3.281783
22368.000000	-1.239272
22471.000000	1.879912
22479.000000	0.345660
22487.000000	2.156085
22553.000000	1.879659
22559.000000	5.125220
22564.000000	10.952765
22614.000000	13.267958
22628.000000	14.433260
22659.000000	16.680757
22673.000000	23.320972
22677.000000	23.005424
22678.000000	26.010947
22760.000000	30.301465
22780.000000	24.773544
22783.000000	29.907490
22795.000000	32.303942
22814.000000	30.454871
22826.000000	27.043662
22833.000000	22.373577
22871.000000	23.580907
22906.000000	19.135207
22928.000000	13.727904
22974.000000	6.317914
22976.000000	6.475760
22990.000000	5.785579
23005.000000	2.062624
23019.000000	-1.390792
23027.000000	-0.736416
23028.000000	-1.383838
23049.000000	-2.491201
23064.000000	-1.386195
23074.000000	-1.123650
23090.000000	-1.218375
23186.000000	-1.082742
23242.000000	-1.688003
23295.000000	-1.271772
23314.000000	-1.170825
23326.000000	-1.781406
23344.000000	-0.423380
23358.000000	-2.031737
23510.000000	-1.215263
23546.000000	-1.023277
23550.000000	-1.309372
23556.000000	-2.457525
23575.000000	-2.218737
23598.000000	-1.920752
23630.000000	-2.231961
23653.000000	-3.568024
23678.000000	-3.493272
23691.000000	-2.302801
23725.000000	2.799798
23740.000000	-0.361298
23763.000000	1.653322
23809.000000	12.384727
23888.000000	16.386026
23904.000000	19.217600
23919.000000	17.928463
23993.000000	10.820879
24038.000000	6.974302
24054.000000	9.155133
24060.000000	15.209866
24084.000000	10.156170
24100.000000	9.291974
24115.000000	11.104375
24164.000000	8.879759
24168.000000	5.000698
24205.000000	5.635556
24207.000000	12.244539
24272.000000	21.623503
24302.000000	18.712938
24306.000000	19.429381
24314.000000	9.171497
24317.000000	8.712617
24350.000000	7.643335
24357.000000	1.983708
24385.000000	8.861568
24402.000000	12.700290
24427.000000	10.886001
24430.000000	15.309743
24439.000000	20.790223
24460.000000	19.875168
24463.000000	14.819431
24466.000000	14.218442
24472.000000	22.005675
24476.000000	28.967743
24483.000000	31.468423
24505.000000	33.516110
24516.000000	28.859784
24537.000000	26.882476
24547.000000	22.892451
24554.000000	31.969097
24577.000000	32.084594
24594.000000	39.408075
24596.000000	44.030961
24603.000000	52.676866
24622.000000	60.027035
24634.000000	58.407739
24677.000000	58.147068
24729.000000	67.308436
24735.000000	67.902928
24767.000000	70.115036
24782.000000	70.349670
24806.000000	76.103932
24818.000000	81.500270
24824.000000	81.881794
24831.000000	77.549398
24833.000000	77.745465
24836.000000	79.341388
24843.000000	80.931062
24853.000000	85.096688
24924.000000	88.744190
24935.000000	81.800092
24941.000000	80.628634
25043.000000	72.221408
25060.000000	64.397798
25077.000000	64.107363
25087.000000	65.075499
25094.000000	64.024179
25219.000000	52.725343
25249.000000	49.514009
25258.000000	44.853602
25308.000000	43.952284
25346.000000	36.032236
25355.000000	31.244835
25391.000000	23.866927
25398.000000	23.445646
25449.000000	24.714503
25467.000000	21.022551
25485.000000	14.273618
25493.000000	13.758206
25523.000000	7.574545
25528.000000	1.760257
25541.000000	0.381370
25543.000000	-2.229450
25577.000000	-0.451548
25581.000000	-0.111062
25601.000000	-2.695132
25628.000000	-1.677714
25655.000000	-1.949145
25661.000000	-1.938661
25681.000000	-2.353599
25682.000000	-2.364692
25728.000000	-0.840666
25795.000000	-0.952107
25813.000000	-1.448212
25837.000000	-0.965967
25854.000000	-0.594653
25859.000000	-2.225473
25890.000000	-2.007890
25899.000000	-1.763705
25906.000000	-1.332084
25990.000000	-1.109104
26018.000000	-1.164801
26020.000000	-0.924291
26039.000000	-1.403102
26046.000000	0.015245
26084.000000	-1.942089
26137.000000	-1.438301
26188.000000	-1.142061
26204.000000	0.608319
26220.000000	-0.316034
26222.000000	-0.296192
26223.000000	-0.307137
26244.000000	-0.657400
26249.000000	-0.755122
26251.000000	-1.174112
26256.000000	-1.311142
26270.000000	-0.546913
26288.000000	-0.548478
26295.000000	-1.111662
26322.000000	-1.316935
26343.000000	-1.253672
26355.000000	-2.027017
26386.000000	-1.549164
26398.000000	-1.880009
26429.000000	-1.404166
26433.000000	-1.075855
26468.000000	-1.912831
26473.000000	-1.376444
26501.000000	-2.100750
26523.000000	-2.511842
26568.000000	-2.486375
26669.000000	-2.517295
26698.000000	-2.529762
26729.000000	-2.797089
26788.000000	-3.047396
26808.000000	-2.772712
26816.000000	-3.299445
26831.000000	-2.904593
26833.000000	-3.324309
26871.000000	-3.253369
26883.000000	-3.122190
26884.000000	-2.782646
26898.000000	-3.386061
26930.000000	-3.284839
26949.000000	-3.515857
27017.000000	-3.906510
27026.000000	-2.603261
27027.000000	-2.385401
27032.000000	-2.499802
27050.000000	-2.398030
27161.000000	-2.989033
27239.000000	-4.095465
27328.000000	-3.334605
27331.000000	-3.327102
27344.000000	-2.742470
27359.000000	-2.180365
27370.000000	-2.238651
27399.000000	1.305242
27405.000000	5.563866
27456.000000	10.328684
27492.000000	10.034422
27503.000000	14.623113
27586.000000	13.128498
27630.000000	18.602258
27669.000000	15.738366
27678.000000	15.210198
27696.000000	20.587467
27743.000000	22.188930
27757.000000	23.967699
27805.000000	22.871194
27850.000000	18.848560
27879.000000	18.312689
27921.000000	17.849119
27929.000000	14.505332
27952.000000	15.673536
27957.000000	15.279709
27977.000000	20.033203
28026.000000	17.555543
28038.000000	12.308914
28077.000000	6.483233
28081.000000	0.665237
28132.000000	2.242489
28138.000000	-1.426124
28155.000000	-2.881708
28169.000000	-1.832249
28170.000000	-2.685780
28208.000000	-3.080985
28215.000000	-3.591173
28272.000000	-3.745453
28274.000000	-4.726195
28355.000000	-3.474080
28383.000000	-4.729665
28385.000000	-4.613453
28490.000000	-4.006614
28498.000000	-4.011774
28532.000000	-4.504368
28558.000000	-3.554804
28562.000000	-3.480374
28568.000000	-3.487227
28576.000000	-3.766870
28621.000000	-4.162169
28707.000000	-2.859911
28730.000000	-4.052132
28742.000000	-3.231946
28760.000000	-3.238928
28780.000000	-3.526720
28830.000000	-2.686078
28831.000000	-2.959009
28845.000000	-4.001209
28854.000000	-3.593539
28857.000000	-3.689603
28888.000000	-3.317823
28912.000000	-3.440401
28965.000000	-2.726492
28976.000000	-3.862181
28979.000000	-3.973476
29025.000000	-3.698802
29059.000000	-3.006100
29075.000000	-3.949331
29136.000000	-3.573178
29149.000000	-3.835756
29173.000000	-2.886863
29198.000000	-3.435926
29219.000000	-2.994834
29258.000000	-2.594812
29276.000000	-3.337247
29287.000000	-2.533229
29323.000000	-2.549435
29354.000000	-1.553544
29357.000000	-2.142483
29368.000000	-1.253920
29395.000000	-1.234124
29398.000000	-1.190218
29413.000000	-1.305644
29453.000000	-0.338016
29467.000000	0.093178
29513.000000	-0.232787
29515.000000	-0.379017
29519.000000	-1.023331
29545.000000	-0.487423
29548.000000	-1.084261
29561.000000	0.313719
29567.000000	-0.794356
29574.000000	2.656816
29593.000000	4.464617
29598.000000	12.757949
29634.000000	6.415930
29641.000000	4.736732
29658.000000	2.968115
29659.000000	-0.351509
29670.000000	6.210224
29681.000000	15.092246
29700.000000	16.513440
29703.000000	16.667007
29726.000000	8.436402
29729.000000	8.618757
29745.000000	8.657397
29773.000000	1.162244
29792.000000	1.197020
29804.000000	1.695974
29807.000000	2.573961
29844.000000	12.667356
29853.000000	3.943600
29857.000000	0.911982
29883.000000	-0.034023
29898.000000	0.029170
29915.000000	-0.593991
29920.000000	-0.202199
29930.000000	0.956816
29931.000000	1.005913
29941.000000	0.492605
29968.000000	-1.274449
29981.000000	-0.806811
29987.000000	-0.789221
30031.000000	-1.140096
30041.000000	-1.032552
30048.000000	-1.702715
30061.000000	-1.286527
30076.000000	-1.967922
30103.000000	-0.561771
30141.000000	-1.482908
30175.000000	-1.871522
30207.000000	-2.363174
30322.000000	-1.175150
30439.000000	-1.080066
30450.000000	-0.154702
30492.000000	-1.572354
30514.000000	-1.707059
30516.000000	-2.693062
30523.000000	-2.245883
30535.000000	-2.824829
30603.000000	-0.931814
30631.000000	-2.786022
30689.000000	-2.417978
30690.000000	-2.288502
30714.000000	-1.551307
30838.000000	-2.227882
30952.000000	-2.080237
30953.000000	-2.170055
31080.000000	-2.906008
31089.000000	-1.842259
31091.000000	-2.498065
31141.000000	-3.653453
31166.000000	-2.569735
31173.000000	-3.296774
31202.000000	-2.636099
31223.000000	-3.421588
31280.000000	-2.736817
31289.000000	-2.654707
31341.000000	-2.068143
31377.000000	-1.912018
31454.000000	-2.095570
31456.000000	-1.400024
31460.000000	1.195645
31491.000000	1.626861
31522.000000	3.274346
31541.000000	0.552267
31562.000000	-0.425004
31563.000000	-0.285009
31611.000000	-1.123555
31655.000000	-0.713630
31713.000000	-1.628056
31724.000000	-1.588955
31752.000000	-1.480551
31771.000000	1.790921
31807.000000	0.715510
31831.000000	4.784671
31860.000000	8.998557
31874.000000	4.594620
31896.000000	2.357685
31902.000000	6.331171
31937.000000	0.970660
32010.000000	0.132983
32020.000000	-1.407615
32068.000000	-0.578349
32074.000000	-2.710906
32115.000000	-1.667267
32160.000000	-1.508414
32177.000000	-3.122532
32183.000000	-3.433507
32240.000000	-2.055000
32289.000000	-2.309141
32305.000000	-2.879966
32355.000000	-2.607247
32362.000000	-2.928487
32396.000000	-2.799242
32415.000000	-2.646533
32435.000000	-2.637013
32437.000000	-3.003100
32451.000000	-3.443028
32557.000000	-3.674846
32598.000000	-3.234180
32618.000000	-2.842630
32671.000000	-3.275073
32736.000000	-3.422161
32776.000000	-2.990729
32786.000000	-2.987770
32802.000000	-3.063676
32822.000000	-1.959648
32834.000000	-2.637534
32836.000000	-1.865294
32854.000000	-1.309514
32884.000000	-1.852133
32952.000000	-2.089373
32963.000000	-1.955127
32969.000000	-1.468338
32970.000000	-1.613409
32988.000000	-0.678004
33037.000000	-2.102916
33076.000000	-0.878495
33091.000000	-1.244327
33098.000000	-1.373274
33104.000000	-1.243017
33163.000000	-1.930277
33194.000000	-1.622870
33250.000000	-1.481013
33258.000000	-1.445489
33264.000000	-0.507140
33279.000000	-1.613850
33417.000000	-2.071138
33438.000000	-1.232710
33550.000000	-1.494921
33558.000000	-2.124552
33568.000000	-2.070707
33570.000000	-2.386520
33619.000000	-1.830514
33666.000000	-1.544536
33671.000000	-2.253641
33769.000000	-0.961471
33773.000000	-0.226156
33784.000000	-1.123152
33840.000000	-0.915847
33853.000000	-0.640729
33879.000000	-0.949463
33880.000000	-1.008481
33917.000000	-1.470836
33924.000000	-1.554291
34023.000000	-2.428497
34044.000000	-2.734488
34062.000000	-1.848029
34069.000000	-3.200885
34082.000000	-3.110560
34142.000000	-1.522132
34149.000000	-2.740481
34150.000000	-2.909471
34187.000000	-2.704654
34196.000000	-3.177275
34197.000000	-4.060033
34276.000000	-3.679060
34287.000000	-3.515262
34321.000000	-3.584208
34425.000000	-4.081928
34436.000000	-4.610709
34451.000000	-4.050177
34495.000000	-3.223056
34497.000000	-3.600684
34502.000000	-2.289901
34512.000000	-2.673538
34528.000000	-3.423435
34552.000000	-3.371519
34600.000000	-4.054147
34613.000000	-3.596238
34654.000000	-3.127490
34739.000000	-3.254830
34751.000000	-3.022739
34805.000000	-2.168298
34812.000000	-1.970959
34825.000000	-1.123190
34889.000000	-2.102845
34919.000000	-1.835069
34972.000000	-2.253232
34989.000000	-3.242719
35014.000000	-3.013859
35021.000000	-1.363547
35026.000000	-1.450219
35140.000000	-3.273108
35143.000000	-2.857970
35205.000000	-3.134509
35228.000000	-2.576536
35263.000000	-2.066595
35277.000000	-1.690296
35326.000000	-0.718710
35372.000000	-0.913589
35414.000000	-1.854256
35415.000000	-1.497244
35446.000000	-2.609330
35450.000000	-2.465895
35462.000000	-1.504047
35479.000000	-0.445402
35488.000000	-0.268034
35490.000000	0.301353
35576.000000	0.389793
35589.000000	0.703392
35597.000000	0.698823
35602.000000	-0.497009
35612.000000	-0.017936
35620.000000	-0.613177
35658.000000	0.399879
35668.000000	-0.014479
35710.000000	-0.243597
35764.000000	-0.618944
35820.000000	-0.724870
35825.000000	-0.855232
35828.000000	-0.910566
35876.000000	-1.028330
35885.000000	-1.199766
35915.000000	-0.249175
35969.000000	-2.451885
35985.000000	-2.591906
35993.000000	-2.513222
35998.000000	-2.264711
36029.000000	-3.011655
36033.000000	-3.205846
36072.000000	-3.370002
36088.000000	-3.050862
36104.000000	-3.170491
36109.000000	-2.605399
36122.000000	-2.024864
36222.000000	-1.358687
36243.000000	-1.556325
36301.000000	-0.737456
36314.000000	1.762940
36344.000000	0.071078
36356.000000	0.362914
36378.000000	-0.380189
36420.000000	0.046139
36468.000000	0.370672
36506.000000	0.614121
36510.000000	0.274387
36527.000000	0.112900
36538.000000	0.621023
36542.000000	-0.135247
36580.000000	0.154930
36593.000000	-0.121018
36634.000000	-0.298707
36662.000000	-1.012606
36691.000000	-1.583849
36698.000000	-1.634004
36722.000000	-1.638246
36735.000000	-2.881374
36744.000000	-2.592051
36775.000000	-2.555844
36777.000000	-3.772774
36826.000000	-3.394451
36880.000000	-2.627734
36891.000000	-3.474648
36923.000000	-3.329503
36959.000000	-3.917682
36965.000000	-3.468598
36989.000000	-3.013125
37060.000000	-3.501668
37068.000000	-2.303546
37075.000000	-3.338620
37103.000000	-1.830966
37124.000000	-2.280887
37217.000000	-2.529558
37237.000000	-1.794063
37263.000000	-3.072532
37296.000000	-1.622100
37299.000000	-1.935386
37379.000000	-1.790342
37386.000000	-2.425388
37473.000000	-2.414574
37478.000000	-2.811327
37502.000000	-2.338434
37505.000000	-1.740411
37510.000000	-2.429150
37515.000000	-2.510220
37584.000000	-1.820715
37620.000000	-3.058619
37623.000000	-3.361578
37842.000000	-3.030146
37848.000000	-3.182105
37854.000000	-3.782960
37856.000000	-3.734215
37986.000000	-3.367465
38000.000000	-3.769723
38003.000000	-3.772892
38067.000000	-3.730557
38076.000000	-4.135251
38101.000000	-4.380264
38194.000000	-4.140537
38203.000000	-3.921441
38211.000000	-3.752227
38219.000000	-3.864312
38238.000000	-2.847595
38249.000000	-3.062817
38291.000000	-3.087887
38317.000000	-3.203861
38324.000000	-3.484762
38360.000000	-2.426636
38366.000000	-3.289846
38367.000000	-3.605706
38403.000000	-3.520472
38424.000000	-3.267188
38511.000000	-2.668110
38545.000000	-2.863658
38547.000000	-2.946039
38629.000000	-2.409672
38637.000000	-2.043255
38680.000000	-3.209312
38700.000000	-2.221067
38721.000000	-2.471797
38744.000000	-1.893695
38750.000000	-1.232931
38754.000000	-1.276367
38763.000000	-1.806543
38777.000000	-2.667928
38808.000000	-0.454013
38911.000000	0.429250
38933.000000	-0.073971
38952.000000	-0.759357
38989.000000	0.414664
39043.000000	0.779118
39070.000000	0.339891
39086.000000	0.106320
39088.000000	1.420843
39134.000000	1.532369
39135.000000	1.299024
39194.000000	0.492863
39262.000000	0.279279
39265.000000	0.133966
39268.000000	0.817162
39270.000000	-0.115548
39327.000000	-1.311219
39341.000000	-1.320414
39366.000000	-1.911519
39381.000000	-0.733069
39409.000000	-0.534752
39468.000000	-0.545311
39512.000000	-0.470770
39530.000000	-0.444284
39587.000000	-0.423531
39613.000000	-0.891242
39639.000000	-1.098420
39648.000000	-1.154393
39662.000000	-0.202960
39712.000000	-0.485388
39755.000000	-0.309786
39769.000000	-0.626826
39783.000000	-0.121318
39812.000000	-0.317778
39906.000000	-0.092472
39931.000000	0.010268
39943.000000	-0.683177
39969.000000	-0.621269
39975.000000	-0.548461
39979.000000	-0.803132
39996.000000	-2.061207
40033.000000	-2.299653
40111.000000	-2.731963
40234.000000	-2.362586
40247.000000	-2.505674
40281.000000	-2.900325
40309.000000	-2.811717
40332.000000	-3.202064
40358.000000	-3.172954
40360.000000	-3.355329
40371.000000	-3.384533
40372.000000	-3.487979
40384.000000	-3.321550
40416.000000	-3.412328
40426.000000	-3.228114
40439.000000	-3.163129
40448.000000	-2.783660
40460.000000	-3.023014
40468.000000	-3.209759
40579.000000	-3.509144
40608.000000	-3.206890
40622.000000	-2.307876
40645.000000	-2.526530
40649.000000	2.045194
40700.000000	-0.049547
40702.000000	0.196351
40708.000000	-0.191000
40787.000000	-0.656841
40816.000000	0.028297
40822.000000	-0.819037
40922.000000	-0.722640
41038.000000	-2.358437
41072.000000	-2.527231
41098.000000	-2.400053
41178.000000	-1.956968
41184.000000	-2.740186
41185.000000	-2.793296
41198.000000	-3.269977
41209.000000	-2.866895
41210.000000	-3.103563
41231.000000	-2.954047
41346.000000	-3.284192
41350.000000	-4.021557
41359.000000	-3.599497
41363.000000	-4.833407
41366.000000	-4.326068
41375.000000	-4.416627
41401.000000	-3.523162
41417.000000	-3.890855
41434.000000	-2.882629
41487.000000	-2.105824
41513.000000	-2.718574
41518.000000	-2.870322
41531.000000	-2.808943
41555.000000	-2.874389
41561.000000	-2.808271
41581.000000	-3.357088
41602.000000	-2.617635
41667.000000	-2.199493
41701.000000	-2.282204
41745.000000	-2.417104
41802.000000	-3.270775
41824.000000	-2.751278
41900.000000	-2.438370
41901.000000	-2.413082
41905.000000	-1.929024
41907.000000	-2.020669
41933.000000	-1.970776
41941.000000	-1.122596
41947.000000	-1.862393
41958.000000	-2.166340
41961.000000	-1.981712
41992.000000	-1.665051
42045.000000	-2.391653
42111.000000	-1.767849
42117.000000	-2.080994
42130.000000	-1.411845
42138.000000	-1.262785
42140.000000	-1.089694
42148.000000	-1.553980
42154.000000	-1.208593
42168.000000	-1.345051
42190.000000	-1.646907
42204.000000	-1.489294
42223.000000	-1.090985
42323.000000	-1.138877
42390.000000	-2.104174
42395.000000	-0.961398
42404.000000	-1.081299
42412.000000	-1.735213
42419.000000	-1.864630
42426.000000	-2.353927
42429.000000	-2.393624
42433.000000	-2.519129
42435.000000	-2.529313
42438.000000	-2.621648
42504.000000	-2.491078
42506.000000	-2.276285
42514.000000	-2.301059
42541.000000	-0.649586
42570.000000	-0.942945
42667.000000	-0.961192
42689.000000	-1.090009
42731.000000	-0.584342
42752.000000	-0.498021
42777.000000	-0.704800
42812.000000	-1.029831
42858.000000	-1.106548
42880.000000	-0.840127
42909.000000	-0.807561
42935.000000	-1.253646
42952.000000	-0.436693
42989.000000	-1.401769
43005.000000	-1.050824
43026.000000	-0.916912
43036.000000	-0.799061
43083.000000	-1.235279
43099.000000	-1.584901
43140.000000	-1.436877
43193.000000	-2.536888
43203.000000	-3.709498
43213.000000	-5.367151
43241.000000	-4.004574
43256.000000	-4.292758
43333.000000	-4.447786
43343.000000	-3.756837
43355.000000	-4.309923
43420.000000	-4.241610
43449.000000	-3.864857
43458.000000	-4.941097
43471.000000	-4.409669
43483.000000	-4.269974
43528.000000	-3.839550
43554.000000	-3.479341
43556.000000	-3.623626
43567.000000	-2.912877
43623.000000	-2.766105
43627.000000	-3.262577
43675.000000	-2.845373
43705.000000	-2.923972
43763.000000	-2.524943
43822.000000	-2.549905
43849.000000	-1.901274
43855.000000	-2.931336
43872.000000	-3.389309
43907.000000	-4.087319
43954.000000	-2.331552
43981.000000	-3.131467
43983.000000	-3.132022
44079.000000	-3.240652
44111.000000	-2.483741
44121.000000	-3.110184
44145.000000	-2.259298
44199.000000	-2.974831
44284.000000	-3.759601
44395.000000	-3.204194
44450.000000	-2.803530
44464.000000	-3.112795
44467.000000	-3.160778
44468.000000	-3.331392
44475.000000	-3.250099
44483.000000	-3.390492
44597.000000	-3.536522
44616.000000	-3.391820
44618.000000	-3.166583
44622.000000	-3.250549
44643.000000	-3.167848
44660.000000	-3.403542
44734.000000	-2.781533
44744.000000	-3.015552
44774.000000	-3.305116
44890.000000	-4.414883
44925.000000	-3.981597
44930.000000	-3.961370
44944.000000	-4.000859
44982.000000	-3.706961
45051.000000	-3.596050
45055.000000	-3.587333
45066.000000	-4.126372
45118.000000	-3.877838
45121.000000	-3.542341
45141.000000	-3.342107
45156.000000	-2.894319
45163.000000	-3.053359
45169.000000	-3.115907
45182.000000	-2.699985
45187.000000	-2.497166
45197.000000	-2.495057
45236.000000	-2.877533
45256.000000	-2.180272
45278.000000	-1.863092
45314.000000	-0.992881
45408.000000	-1.341332
45419.000000	-0.571754
45465.000000	-1.092046
45514.000000	-0.622338
45525.000000	-0.985471
45542.000000	-1.262008
45628.000000	-1.020560
45658.000000	-0.966038
45661.000000	-0.672935
45690.000000	-1.787529
45704.000000	-2.309794
45801.000000	-1.192015
45805.000000	-1.409801
45806.000000	-1.450584
45822.000000	-1.683002
45823.000000	-1.446119
45874.000000	-0.797083
45963.000000	-0.717596
46047.000000	-1.146183
46055.000000	-1.116702
46064.000000	-2.088851
46084.000000	-1.316171
46129.000000	-1.054838
46132.000000	-0.867942
46147.000000	-1.243538
46222.000000	-1.265114
46251.000000	-0.685199
46258.000000	-0.923813
46263.000000	-1.271528
46306.000000	-0.587224
46421.000000	-0.510235
46423.000000	-0.601724
46469.000000	-1.745133
46531.000000	-1.963166
46535.000000	-1.624661
46628.000000	-1.597277
46650.000000	-1.517499
46663.000000	-2.525043
46678.000000	-2.529071
46685.000000	-2.913210
46698.000000	-3.130928
46702.000000	-2.184495
46715.000000	-3.023466
46759.000000	-3.869793
46803.000000	-2.879776
46851.000000	-2.568974
46894.000000	-2.789487
46898.000000	-2.663528
46959.000000	-2.296414
46983.000000	-2.252064
47003.000000	-3.107447
47016.000000	-2.900467
47020.000000	-2.438893
47035.000000	-2.040209
47052.000000	-1.160029
47061.000000	-1.393670
47114.000000	-1.873371
47120.000000	-2.145693
47130.000000	-1.290768
47153.000000	-2.236754
47156.000000	-1.791616
47177.000000	-2.156015
47186.000000	-1.908796
47202.000000	-2.484441
47234.000000	-1.594093
47239.000000	-2.694615
47329.000000	-3.204750
47371.000000	-2.344277
47384.000000	-2.158606
47398.000000	-2.782296
47435.000000	-2.564534
47469.000000	-1.747284
47481.000000	-2.370020
47515.000000	-1.698066
47559.000000	-2.315171
47576.000000	-1.734390
47630.000000	-2.034644
47637.000000	-1.766575
47653.000000	-2.172216
47663.000000	-1.657505
47675.000000	-1.814697
47681.000000	-1.791858
47714.000000	-1.696891
47731.000000	-0.742032
47757.000000	-1.677379
47798.000000	-1.652728
47849.000000	-1.683590
47854.000000	-0.976115
47986.000000	-1.540817
48018.000000	-2.081506
48026.000000	-1.474742
48027.000000	-0.756574
48051.000000	-2.155452
48111.000000	-2.212151
48152.000000	-3.514145
48242.000000	-3.064981
48251.000000	-2.663906
48264.000000	-2.642915
48275.000000	-2.938101
48350.000000	-2.870873
48408.000000	-2.969030
48427.000000	-3.288934
48562.000000	-3.020541
48567.000000	-3.601179
48571.000000	-3.144865
48576.000000	-2.105266
48581.000000	-2.121609
48621.000000	-2.110669
48629.000000	-2.535782
48648.000000	-1.605480
48660.000000	-1.592259
48683.000000	-2.373921
48724.000000	-2.759632
48754.000000	-1.711665
48813.000000	-1.870479
48827.000000	-2.142558
48834.000000	-2.101247
48874.000000	-2.462847
48887.000000	-1.181537
48894.000000	-0.708956
48905.000000	-1.191101
48923.000000	-1.569668
48980.000000	-0.925896
49011.000000	-0.215145
49049.000000	-0.891769
49115.000000	-0.401250
49150.000000	-0.618784
49159.000000	-1.429460
49165.000000	-1.232278
49247.000000	-0.491976
49251.000000	-0.544064
49272.000000	0.064935
49329.000000	0.430319
49338.000000	-0.340018
49394.000000	0.561318
49409.000000	0.889797
49427.000000	0.046210
49431.000000	-0.123585
49516.000000	0.092467
49628.000000	0.076079
