224.000000	-0.905026
251.000000	-0.462843
301.000000	-0.924102
311.000000	-1.082736
313.000000	-0.925540
391.000000	-0.929564
406.000000	-0.334889
415.000000	-1.164051
424.000000	-1.554678
427.000000	-0.727191
436.000000	-0.041209
459.000000	-1.119179
473.000000	-1.555965
507.000000	-1.548918
528.000000	-1.547522
565.000000	-1.381524
567.000000	-2.208344
574.000000	-2.047279
617.000000	-2.045051
629.000000	-1.180328
632.000000	-1.179023
637.000000	-1.178361
680.000000	-1.171044
698.000000	-0.305146
747.000000	0.639089
777.000000	0.622375
786.000000	1.726966
787.000000	1.689860
800.000000	2.531422
813.000000	1.672681
831.000000	1.666176
894.000000	1.179647
909.000000	2.000000
912.000000	1.993206
927.000000	1.293849
978.000000	0.853499
987.000000	0.851349
995.000000	0.849717
1004.000000	0.812650
1005.000000	1.203817
1006.000000	1.202771
1014.000000	1.359958
1021.000000	1.360064
1062.000000	0.902408
1063.000000	0.901904
1082.000000	1.287276
1085.000000	2.115470
1117.000000	1.283611
1123.000000	0.455486
1133.000000	-0.144736
1149.000000	0.682384
1181.000000	-0.148491
1194.000000	0.714521
1196.000000	0.277718
1197.000000	0.279144
1205.000000	0.316207
1225.000000	0.281688
1252.000000	0.282514
1285.000000	0.722773
1305.000000	0.759689
1320.000000	-0.066774
1352.000000	-0.891651
1396.000000	-0.446431
1405.000000	-0.445788
1416.000000	-0.444873
1447.000000	-0.828808
1449.000000	-0.830069
1450.000000	-1.659240
1472.000000	-1.214531
1477.000000	-0.385994
1503.000000	-0.383193
1530.000000	-0.769420
1557.000000	-0.316611
1560.000000	-1.144619
1574.000000	-1.303318
1578.000000	-1.463245
1602.000000	-1.464912
1603.000000	-1.429686
1646.000000	-1.432032
1651.000000	-2.032196
1663.000000	-1.593193
1679.000000	-0.765581
1691.000000	-0.926092
1705.000000	-0.924456
1716.000000	-1.085937
1717.000000	-1.085755
1726.000000	-1.684456
1743.000000	-2.548705
1787.000000	-2.587667
1833.000000	-3.031256
1835.000000	-3.860563
1841.000000	-2.875035
1842.000000	-2.486754
1855.000000	-2.969816
1873.000000	-2.144170
1879.000000	-1.985549
1890.000000	-1.385815
1901.000000	-0.944455
1902.000000	-1.104484
1931.000000	-1.263951
1943.000000	-1.102979
1953.000000	-1.105300
1956.000000	-1.483885
1980.000000	-1.479491
1982.000000	-1.963585
2001.000000	-0.969379
2002.000000	-0.523111
2011.000000	-0.360941
2012.000000	-0.323864
2037.000000	-0.285614
2055.000000	-0.282515
2058.000000	-0.280661
2099.000000	-1.108900
2120.000000	-1.939413
2134.000000	-1.904637
2189.000000	-2.899506
2203.000000	-3.059720
2222.000000	-3.536595
2228.000000	-3.973662
2244.000000	-3.978568
2245.000000	-3.977449
2261.000000	-3.980905
2289.000000	-3.593137
2338.000000	-4.203978
2348.000000	-3.610975
2376.000000	-3.613578
2391.000000	-4.002656
2418.000000	-4.006937
2419.000000	-3.178833
2441.000000	-2.737202
2457.000000	-2.892017
2472.000000	-2.060190
2492.000000	-2.213457
2509.000000	-1.770229
2536.000000	-1.795638
2563.000000	-1.788458
2578.000000	-1.181872
2587.000000	-1.022277
2606.000000	-1.143953
2611.000000	-1.301740
2614.000000	-1.298538
2648.000000	-0.701197
2658.000000	-0.701273
2662.000000	-1.564340
2700.000000	-1.568350
2774.000000	-2.018621
2797.000000	-1.159580
2798.000000	-1.598403
2800.000000	-2.034779
2839.000000	-2.868535
2860.000000	-2.858345
2872.000000	-2.860447
2884.000000	-3.690377
2899.000000	-2.707090
2925.000000	-3.143587
2926.000000	-2.673121
2939.000000	-2.671085
2961.000000	-3.273189
2988.000000	-3.269885
3001.000000	-3.110800
3034.000000	-2.120595
3071.000000	-1.966007
3075.000000	-1.582901
3099.000000	-1.582986
3119.000000	-0.719424
3156.000000	-0.722669
3179.000000	-0.727399
3180.000000	-1.556912
3194.000000	-1.120947
3195.000000	-1.119963
3224.000000	-1.156640
3236.000000	-1.167192
3262.000000	-1.004720
3277.000000	-0.172786
3284.000000	-1.153315
3292.000000	-1.306123
3343.000000	-1.736007
3352.000000	-1.299979
3413.000000	-0.300454
3463.000000	0.531202
3474.000000	0.966298
3479.000000	0.967162
3497.000000	0.966736
3610.000000	-0.025445
3620.000000	-0.063801
3647.000000	-0.450265
3649.000000	0.532262
3658.000000	0.532053
3660.000000	0.972294
3725.000000	0.541057
3744.000000	0.977000
3748.000000	1.013105
3751.000000	0.545150
3766.000000	0.389238
3832.000000	-0.429943
3855.000000	-0.270349
3866.000000	-0.111847
3907.000000	-0.273435
3918.000000	-0.275634
3944.000000	-0.671330
3950.000000	-1.499709
4007.000000	-1.979162
4023.000000	-2.373539
4040.000000	-2.533874
4045.000000	-2.536843
4064.000000	-1.674082
4095.000000	-2.118197
4100.000000	-2.507225
4144.000000	-2.063052
4146.000000	-2.069188
4161.000000	-1.240601
4189.000000	-0.844322
4212.000000	-0.404542
4213.000000	0.459412
4232.000000	0.620155
4240.000000	1.429123
4246.000000	1.141250
4286.000000	1.180367
4291.000000	1.196781
4313.000000	0.318030
4342.000000	-0.123035
4384.000000	0.699119
4398.000000	0.574069
4407.000000	0.135724
4414.000000	0.133225
4418.000000	0.290854
4494.000000	-0.727894
4529.000000	-0.294228
4565.000000	-0.742047
4568.000000	-0.735123
4582.000000	-0.725613
4587.000000	-1.715870
4598.000000	-2.705468
4606.000000	-3.301559
4618.000000	-4.129843
4638.000000	-4.128390
4654.000000	-4.721623
4659.000000	-3.734142
4673.000000	-2.905611
4681.000000	-2.744593
4701.000000	-2.586807
4705.000000	-2.587394
4707.000000	-2.587359
4715.000000	-2.427564
4724.000000	-2.588027
4745.000000	-2.466057
4750.000000	-2.466432
4756.000000	-2.306029
4773.000000	-1.928648
4791.000000	-1.099768
4835.000000	-1.104573
4842.000000	-1.581456
4846.000000	-0.982097
4865.000000	-0.383508
4868.000000	0.212611
4871.000000	0.058282
4882.000000	0.063870
4885.000000	0.068418
4976.000000	-0.894792
5006.000000	-0.888230
5039.000000	-0.443471
5041.000000	0.002497
5067.000000	-0.152344
5088.000000	-0.980406
5129.000000	-0.985210
5154.000000	-0.870624
5156.000000	-0.387226
5165.000000	0.322348
5177.000000	0.307968
5189.000000	-0.821172
5219.000000	-1.632559
5220.000000	-2.206301
5221.000000	-1.343640
5237.000000	-1.787063
5242.000000	-1.397950
5263.000000	-1.840662
5268.000000	-1.237533
5275.000000	-0.795583
5276.000000	-0.634264
5290.000000	-0.473887
5308.000000	-0.473765
5341.000000	-0.952799
5354.000000	-0.955151
5361.000000	-0.353634
5392.000000	0.479429
5403.000000	0.321507
5422.000000	0.203094
5434.000000	-0.400982
5444.000000	-0.405907
5492.000000	-0.404379
5516.000000	-0.404811
5520.000000	-0.405771
5533.000000	-0.563834
5541.000000	-0.564422
5545.000000	-0.121099
5558.000000	-0.515143
5627.000000	0.304728
5630.000000	-0.293913
5634.000000	-0.733260
5653.000000	0.092631
5657.000000	0.092233
5670.000000	-0.736160
5714.000000	-0.258186
5754.000000	-0.861360
5758.000000	-0.849776
5764.000000	-1.677813
5798.000000	-1.521297
5799.000000	-1.522355
5800.000000	-1.523137
5801.000000	-1.960323
5812.000000	-1.131168
5816.000000	-0.971209
5824.000000	-0.969564
5840.000000	-0.846607
5865.000000	-1.831443
5944.000000	-2.297056
5948.000000	-2.892912
5975.000000	-3.760515
5982.000000	-3.760522
6002.000000	-3.922216
6013.000000	-4.752381
6058.000000	-4.759433
6068.000000	-4.762384
6077.000000	-5.359402
6115.000000	-5.207567
6120.000000	-5.810604
6140.000000	-4.984731
6146.000000	-4.985893
6151.000000	-4.985986
6179.000000	-4.827731
6180.000000	-4.380415
6189.000000	-4.380206
6214.000000	-3.929095
6223.000000	-4.087476
6230.000000	-4.051434
6240.000000	-4.049218
6242.000000	-4.048532
6272.000000	-3.884366
6324.000000	-3.390224
6328.000000	-3.232431
6333.000000	-2.244288
6335.000000	-2.244743
6338.000000	-1.801336
6343.000000	-1.960217
6347.000000	-1.960872
6379.000000	-2.120422
6383.000000	-1.997351
6396.000000	-2.383567
6415.000000	-1.554607
6425.000000	-1.394034
6446.000000	-1.394322
6453.000000	-1.843237
6465.000000	-2.829269
6469.000000	-3.277997
6480.000000	-3.117421
6483.000000	-2.680987
6496.000000	-2.518250
6504.000000	-1.686719
6519.000000	-1.254294
6551.000000	-0.873375
6623.000000	-0.870246
6650.000000	-0.869409
6651.000000	-0.041087
6657.000000	0.348325
6748.000000	0.353874
6759.000000	0.509719
6763.000000	0.502611
6791.000000	0.533132
6807.000000	0.926524
6809.000000	-0.064066
6823.000000	0.373768
6839.000000	0.213114
6858.000000	0.210725
6859.000000	0.333433
6863.000000	0.332802
6868.000000	1.162230
6872.000000	1.547811
6881.000000	2.378456
6912.000000	1.990995
6963.000000	1.557456
6970.000000	1.170799
7006.000000	1.615873
7044.000000	0.795066
7053.000000	-0.032062
7056.000000	-0.895751
7081.000000	0.094770
7104.000000	-0.062998
7122.000000	0.924432
7129.000000	1.751691
7158.000000	1.750602
7159.000000	1.873512
7171.000000	1.874226
7190.000000	1.870628
7191.000000	1.870513
7215.000000	2.342957
7221.000000	2.342594
7223.000000	1.951815
7255.000000	1.124533
7264.000000	0.139618
7292.000000	0.136612
7323.000000	0.580571
7328.000000	-0.018385
7334.000000	-0.459157
7340.000000	0.370041
7341.000000	1.198842
7396.000000	2.065845
7407.000000	1.676868
7416.000000	2.282769
7453.000000	1.455443
7457.000000	1.455231
7468.000000	0.626698
7471.000000	0.504364
7482.000000	-0.096269
7486.000000	0.062624
7521.000000	0.058447
7535.000000	-0.379702
7571.000000	-0.381141
7574.000000	0.009296
7577.000000	0.837918
7620.000000	0.828949
7646.000000	0.824453
7659.000000	0.385969
7675.000000	1.370960
7682.000000	1.370683
7690.000000	0.979138
7733.000000	0.589334
7741.000000	0.199527
7774.000000	-0.232276
7807.000000	-0.669172
7835.000000	-0.698646
7847.000000	-1.684482
7870.000000	-1.682210
7875.000000	-1.525201
7877.000000	-1.528356
7879.000000	-1.528144
7904.000000	-1.563928
7913.000000	-1.564564
7919.000000	-1.565305
7933.000000	-2.395212
7940.000000	-2.394046
7943.000000	-1.796492
7976.000000	-1.813382
8008.000000	-1.381572
8010.000000	-2.206010
8071.000000	-2.201729
8094.000000	-2.792503
8116.000000	-2.395620
8141.000000	-2.394511
8184.000000	-1.950938
8224.000000	-2.096120
8307.000000	-2.195747
8348.000000	-2.199083
8350.000000	-2.203287
8355.000000	-2.366110
8358.000000	-1.771273
8377.000000	-1.775572
8423.000000	-1.779697
8426.000000	-1.339994
8442.000000	-0.516544
8446.000000	-0.519733
8461.000000	-0.866923
8464.000000	-1.396199
8471.000000	-1.875033
8495.000000	-1.487763
8509.000000	-1.646556
8522.000000	-1.647206
8564.000000	-1.648844
8566.000000	-2.477999
8567.000000	-2.918999
8575.000000	-2.909936
8593.000000	-2.309477
8594.000000	-2.149850
8603.000000	-2.025997
8611.000000	-1.198938
8612.000000	-0.599828
8621.000000	-0.600669
8624.000000	-0.759515
8644.000000	-0.719556
8665.000000	-1.319782
8696.000000	-2.299584
8701.000000	-2.334463
8705.000000	-2.334214
8731.000000	-2.456438
8738.000000	-2.577857
8748.000000	-3.562558
8752.000000	-3.402007
8764.000000	-3.404343
8823.000000	-3.261088
8828.000000	-2.817538
8836.000000	-2.374060
8840.000000	-2.821388
8874.000000	-3.415695
8888.000000	-3.416239
8924.000000	-3.417604
8935.000000	-3.810493
8955.000000	-3.415652
8957.000000	-3.025874
8969.000000	-3.022085
9033.000000	-3.045977
9049.000000	-2.059264
9051.000000	-1.902301
9075.000000	-1.041504
9104.000000	-1.043637
9130.000000	-0.437690
9147.000000	0.548045
9151.000000	0.668754
9153.000000	0.668013
9169.000000	0.506557
9179.000000	1.333931
9213.000000	0.886342
9244.000000	1.269646
9259.000000	1.110854
9273.000000	2.097335
9288.000000	2.923811
9290.000000	2.959078
9304.000000	2.518087
9314.000000	1.688643
9322.000000	0.859260
9362.000000	0.851285
9376.000000	0.723470
9403.000000	0.332473
9426.000000	0.169551
9442.000000	-0.217966
9445.000000	-0.656788
9458.000000	-0.276160
9468.000000	-0.276392
9479.000000	-0.399251
9481.000000	0.428363
9487.000000	0.552902
9496.000000	-0.272762
9502.000000	-0.270115
9524.000000	-0.651205
9535.000000	-0.487639
9536.000000	-1.472415
9542.000000	-2.334334
9567.000000	-1.896377
9603.000000	-1.446926
9614.000000	-1.444805
9643.000000	-1.440800
9688.000000	-1.277352
9719.000000	-1.117100
9729.000000	-1.552815
9734.000000	-0.954137
9742.000000	-1.391168
9754.000000	-1.391098
9756.000000	-2.379773
9763.000000	-2.767141
9777.000000	-2.159799
9778.000000	-2.160661
9785.000000	-2.125532
9817.000000	-1.297660
9831.000000	-1.296895
9833.000000	-0.918491
9843.000000	-0.089640
9845.000000	0.901412
9871.000000	0.937044
9874.000000	0.497702
9878.000000	0.050367
9898.000000	0.050242
9909.000000	0.879996
9927.000000	0.722580
9980.000000	0.678690
10007.000000	1.111580
10031.000000	0.514664
10088.000000	0.352459
10128.000000	1.175643
10129.000000	1.171850
10185.000000	0.733743
10215.000000	0.292321
10230.000000	-0.539033
10234.000000	-0.702015
10235.000000	-0.705125
10245.000000	-0.706978
10259.000000	-1.538103
10267.000000	-2.367799
10282.000000	-3.196020
10310.000000	-2.760378
10319.000000	-2.917282
10326.000000	-3.074217
10370.000000	-3.107837
10373.000000	-3.934717
10377.000000	-3.773551
10384.000000	-3.300828
10428.000000	-3.289634
10448.000000	-2.689815
10501.000000	-2.518020
10511.000000	-3.344403
10522.000000	-3.344583
10545.000000	-2.894443
10569.000000	-2.445047
10574.000000	-2.600764
10578.000000	-2.439899
10593.000000	-2.435123
10621.000000	-1.996550
10653.000000	-1.262069
10655.000000	-0.341453
10678.000000	-0.320433
10680.000000	-1.255840
10695.000000	-1.232661
10785.000000	-0.935031
10827.000000	-0.984084
10833.000000	-0.183746
10839.000000	0.825220
10846.000000	-0.153568
10851.000000	-1.007807
10874.000000	-0.619886
10909.000000	-0.787023
10914.000000	0.038963
10932.000000	0.191515
10955.000000	-0.255461
10973.000000	0.125141
11006.000000	0.124793
11008.000000	0.089986
11010.000000	-0.736705
11027.000000	-0.348734
11062.000000	-0.790006
11095.000000	-1.231495
11098.000000	-1.266578
11114.000000	-1.266017
11160.000000	-1.108733
11203.000000	-1.111154
11267.000000	-1.115825
11281.000000	-1.506985
11291.000000	-1.983767
11305.000000	-2.106596
11306.000000	-2.108253
11334.000000	-2.934685
11354.000000	-2.339362
11364.000000	-3.203194
11369.000000	-3.360383
11405.000000	-2.912481
11427.000000	-3.772183
11436.000000	-3.767774
11449.000000	-3.730524
11462.000000	-2.900515
11480.000000	-3.726253
11528.000000	-3.722719
11533.000000	-3.721538
11552.000000	-3.252827
11591.000000	-3.253397
11627.000000	-2.425256
11652.000000	-2.586576
11682.000000	-2.591730
11685.000000	-3.185213
11713.000000	-3.311339
11719.000000	-3.155748
11770.000000	-3.320263
11782.000000	-2.494796
11800.000000	-2.102200
11809.000000	-2.068906
11830.000000	-1.915774
11852.000000	-1.926672
11879.000000	-2.046343
11881.000000	-1.057481
11890.000000	-1.213175
11923.000000	-2.039648
11927.000000	-1.598674
11949.000000	-1.751189
11972.000000	-1.746709
11988.000000	-2.337442
12034.000000	-2.329281
12103.000000	-3.306144
12169.000000	-2.325133
12178.000000	-1.498947
12192.000000	-1.343943
12193.000000	-1.345963
12209.000000	-1.383156
12219.000000	-1.229654
12284.000000	-2.068149
12289.000000	-2.071772
12312.000000	-2.236358
12335.000000	-2.241416
12349.000000	-2.680279
12361.000000	-2.081858
12366.000000	-2.082702
12397.000000	-1.959065
12408.000000	-1.995067
12420.000000	-2.474795
12434.000000	-1.876144
12444.000000	-1.434763
12459.000000	-0.443953
12467.000000	-0.600877
12474.000000	-0.439133
12476.000000	-1.301824
12495.000000	-2.287088
12499.000000	-2.321403
12531.000000	-2.317021
12565.000000	-2.279039
12569.000000	-2.277958
12592.000000	-2.278610
12597.000000	-2.278110
12602.000000	-2.275436
12609.000000	-2.275096
12612.000000	-2.273789
12642.000000	-2.875866
12689.000000	-3.710237
12699.000000	-2.847719
12760.000000	-2.978985
12770.000000	-2.980887
12831.000000	-2.979745
12834.000000	-3.415450
12858.000000	-4.244414
12859.000000	-3.647620
12864.000000	-2.819778
12887.000000	-2.341217
12906.000000	-2.215654
12909.000000	-2.179741
12910.000000	-2.021835
12923.000000	-1.188241
12959.000000	-1.177827
12960.000000	-1.175873
12981.000000	-1.171366
13016.000000	-1.006174
13058.000000	-1.007379
13060.000000	-1.165596
13071.000000	-0.568099
13085.000000	-0.728244
13125.000000	-0.735246
13182.000000	-0.150746
13185.000000	-0.116177
13195.000000	-0.590264
13211.000000	-0.591677
13225.000000	-0.593063
13235.000000	-1.030986
13245.000000	-1.893814
13249.000000	-1.895294
13257.000000	-1.857719
13279.000000	-1.422728
13353.000000	-0.965386
13370.000000	-1.358964
13374.000000	-1.356568
13395.000000	-1.351664
13396.000000	-2.177986
13442.000000	-2.326306
13469.000000	-2.321513
13479.000000	-2.162566
13511.000000	-1.769735
13561.000000	-1.768295
13591.000000	-1.772864
13647.000000	-2.218499
13661.000000	-2.381642
13664.000000	-1.904364
13675.000000	-1.907725
13682.000000	-1.476797
13716.000000	-1.047446
13722.000000	-1.169941
13732.000000	-1.173931
13798.000000	-1.172019
13808.000000	-1.169215
13813.000000	-1.171620
13873.000000	-1.620678
13893.000000	-1.611612
13916.000000	-1.604746
13932.000000	-1.599993
13936.000000	-1.599928
13973.000000	-1.759039
14000.000000	-0.931362
14011.000000	-1.761712
14083.000000	-1.772070
14113.000000	-2.610716
14120.000000	-2.616147
14127.000000	-2.463825
14141.000000	-3.071939
14166.000000	-3.081351
14169.000000	-3.516103
14171.000000	-3.122055
14182.000000	-2.963975
14226.000000	-3.561723
14252.000000	-2.736381
14265.000000	-3.332691
14268.000000	-3.778484
14279.000000	-3.300204
14283.000000	-3.454813
14407.000000	-3.444536
14429.000000	-2.616675
14435.000000	-2.461454
14459.000000	-2.340071
14518.000000	-2.725831
14524.000000	-2.885955
14537.000000	-2.729514
14538.000000	-1.902241
14543.000000	-1.901744
14545.000000	-2.058629
14560.000000	-1.901122
14571.000000	-1.898578
14584.000000	-1.895402
14598.000000	-2.287462
14613.000000	-1.455460
14674.000000	-0.469642
14710.000000	-1.297901
14749.000000	-1.300326
14796.000000	-1.340004
14839.000000	-1.942543
14840.000000	-1.948211
14854.000000	-1.502582
14885.000000	-2.332074
14893.000000	-1.505883
14895.000000	-1.034496
14910.000000	-1.466811
14932.000000	-1.466888
14953.000000	-1.624664
14965.000000	-2.015691
14974.000000	-2.171897
14998.000000	-2.166625
15001.000000	-1.730824
15013.000000	-1.728705
15061.000000	-1.725162
15070.000000	-2.164451
15086.000000	-3.151242
15140.000000	-4.139641
15149.000000	-4.140461
15158.000000	-4.140154
15215.000000	-4.274376
15220.000000	-4.279180
15221.000000	-4.122452
15251.000000	-3.746262
15262.000000	-2.922912
15268.000000	-3.312485
15289.000000	-3.751724
15315.000000	-3.310799
15320.000000	-3.153154
15328.000000	-3.155529
15334.000000	-3.155144
15340.000000	-2.992630
15344.000000	-2.989505
15365.000000	-3.459318
15373.000000	-3.455920
15392.000000	-3.449625
15398.000000	-3.605845
15437.000000	-3.001169
15457.000000	-2.405197
15461.000000	-2.403488
15493.000000	-2.398247
15525.000000	-1.412373
15532.000000	-1.413436
15559.000000	-1.574675
15562.000000	-1.574827
15573.000000	-2.562306
15581.000000	-3.035630
15583.000000	-3.034971
15677.000000	-3.643424
15681.000000	-3.803424
15694.000000	-3.202531
15720.000000	-3.202269
15740.000000	-2.765510
15742.000000	-2.606707
15764.000000	-2.568946
15788.000000	-1.738917
15792.000000	-1.301435
15806.000000	-0.705165
15837.000000	-1.291665
15853.000000	-1.883250
15863.000000	-1.050995
15869.000000	-0.891048
15915.000000	-0.885389
15945.000000	-0.887416
15955.000000	-0.889315
15972.000000	-0.889712
15973.000000	-0.887306
15986.000000	-0.412727
15996.000000	0.414507
16003.000000	0.573304
16046.000000	0.685808
16050.000000	0.084529
16100.000000	0.468671
16102.000000	0.466359
16125.000000	0.310745
16228.000000	1.141496
16233.000000	0.312080
16250.000000	-0.119954
16303.000000	-0.586180
16310.000000	0.006580
16333.000000	0.003359
16336.000000	-0.382752
16356.000000	-0.380384
16389.000000	-0.374945
16397.000000	-0.254002
16398.000000	-0.253367
16412.000000	-0.638927
16420.000000	0.350782
16487.000000	-0.244498
16495.000000	-1.230257
16514.000000	-0.402954
16564.000000	-0.368003
16590.000000	-0.376667
16644.000000	-1.216975
16647.000000	-1.816431
16652.000000	-1.696814
16683.000000	-2.531411
16690.000000	-2.536268
16696.000000	-2.540911
16698.000000	-2.665366
16699.000000	-3.102699
16707.000000	-3.104868
16715.000000	-3.713194
16722.000000	-3.871509
16734.000000	-4.857496
16753.000000	-4.979604
16769.000000	-4.820251
16779.000000	-4.834141
16780.000000	-5.660216
16839.000000	-5.055295
16840.000000	-4.452902
16857.000000	-5.278443
16873.000000	-5.275349
16913.000000	-4.280247
16920.000000	-3.839526
16938.000000	-3.710745
16955.000000	-2.841707
16960.000000	-2.840430
16970.000000	-2.010559
16982.000000	-2.168090
16985.000000	-2.008783
16990.000000	-1.179933
17028.000000	-1.180503
17031.000000	-0.583186
17065.000000	-0.584020
17078.000000	-0.426425
17084.000000	-0.425560
17112.000000	-0.589880
17121.000000	-1.186456
17134.000000	-1.345701
17151.000000	-1.945360
17196.000000	-1.561773
17203.000000	-1.118643
17212.000000	-1.117889
17222.000000	-2.105314
17268.000000	-2.546486
17296.000000	-2.512023
17341.000000	-3.377467
17352.000000	-3.378468
17354.000000	-4.206369
17400.000000	-3.608729
17414.000000	-3.607145
17421.000000	-3.996312
17430.000000	-3.837874
17440.000000	-4.429850
17443.000000	-4.270295
17494.000000	-3.433694
17502.000000	-3.274865
17509.000000	-3.113985
17595.000000	-2.947934
17610.000000	-2.791874
17613.000000	-2.636186
17638.000000	-3.502897
17658.000000	-3.500740
17668.000000	-3.503177
17687.000000	-3.507644
17688.000000	-3.068716
17695.000000	-3.069104
17700.000000	-2.596481
17724.000000	-1.766535
17725.000000	-1.801014
17726.000000	-2.400004
17756.000000	-2.430348
17767.000000	-2.871115
17799.000000	-2.903617
17814.000000	-2.899258
17815.000000	-3.053351
17866.000000	-3.920029
17892.000000	-3.957299
17918.000000	-3.998528
17926.000000	-3.563214
17929.000000	-2.735383
17952.000000	-2.738003
17954.000000	-2.702399
17993.000000	-3.307613
18019.000000	-3.310036
18086.000000	-2.712369
18088.000000	-2.318962
18105.000000	-1.491778
18110.000000	-1.486213
18116.000000	-1.486744
18138.000000	-1.451334
18150.000000	-1.454527
18154.000000	-1.420246
18189.000000	-0.593152
18194.000000	-0.558808
18195.000000	0.043256
18197.000000	1.031496
18202.000000	1.069031
18218.000000	1.107146
18224.000000	1.144975
18241.000000	1.134245
18250.000000	0.310076
18258.000000	0.742337
18276.000000	0.747646
18287.000000	0.912172
18297.000000	1.345315
18362.000000	1.349672
18450.000000	1.167744
18491.000000	1.440220
18532.000000	0.467569
18562.000000	-0.303884
18573.000000	0.509432
18579.000000	0.933329
18585.000000	0.994104
18601.000000	0.206949
18615.000000	0.211870
18617.000000	-1.106973
18656.000000	-1.932408
18722.000000	-1.164799
18791.000000	-1.351072
18794.000000	-1.511008
18803.000000	-1.948171
18813.000000	-1.516083
18852.000000	-1.958226
18855.000000	-1.959145
18877.000000	-2.122376
18907.000000	-2.560418
18958.000000	-3.006176
18975.000000	-3.605823
19015.000000	-3.602644
19031.000000	-3.163594
19062.000000	-2.330956
19072.000000	-2.331305
19105.000000	-2.331405
19110.000000	-2.455947
19132.000000	-2.456439
19134.000000	-2.457818
19136.000000	-1.472961
19146.000000	-1.594360
19148.000000	-2.421830
19184.000000	-1.434484
19203.000000	-1.277623
19209.000000	-1.435132
19239.000000	-2.038102
19241.000000	-2.193917
19290.000000	-1.371691
19297.000000	-0.384443
19322.000000	0.047807
19331.000000	0.875459
19341.000000	1.033136
19377.000000	0.595901
19419.000000	0.598440
19422.000000	0.598091
19468.000000	-0.260271
19475.000000	-0.295779
19490.000000	-0.136950
19494.000000	-0.136955
19534.000000	0.698200
19541.000000	-0.131166
19554.000000	0.853693
19580.000000	1.303473
19600.000000	0.441088
19603.000000	0.440111
19615.000000	0.597185
19631.000000	0.754881
19637.000000	0.912720
19644.000000	-0.075001
19645.000000	-0.902524
19651.000000	-0.514750
19675.000000	-1.341506
19703.000000	-0.904011
19714.000000	-0.466926
19728.000000	-0.468524
19747.000000	-1.293245
19762.000000	-0.819055
19780.000000	-0.815286
19808.000000	-0.372401
19828.000000	-0.525192
19864.000000	-1.380096
19878.000000	-1.377581
19899.000000	-1.372693
19906.000000	-1.975665
19954.000000	-1.499108
19959.000000	-1.500413
19966.000000	-0.673143
19975.000000	-0.710083
19980.000000	-0.868612
19991.000000	-0.201678
19992.000000	0.632260
20012.000000	-0.177941
20054.000000	0.612092
20055.000000	0.589285
20106.000000	0.592054
20112.000000	0.549501
20136.000000	0.577908
20195.000000	0.069060
20212.000000	-0.047420
20249.000000	-0.628290
20279.000000	-0.505591
20317.000000	-0.472053
20330.000000	0.354671
20331.000000	-0.473908
20337.000000	0.113149
20372.000000	0.106199
20388.000000	0.067524
20398.000000	-0.220731
20513.000000	0.579890
20530.000000	2.137966
20552.000000	2.240141
20575.000000	1.115374
20588.000000	1.916567
20592.000000	1.114451
20595.000000	1.162820
20609.000000	0.173522
20623.000000	0.182504
20631.000000	0.981745
20661.000000	0.681958
20672.000000	2.021387
20678.000000	2.018228
20691.000000	1.505104
20712.000000	2.562631
20713.000000	1.857993
20760.000000	1.729064
20795.000000	0.574381
20799.000000	-0.414058
20811.000000	-0.381901
20823.000000	-0.821702
20829.000000	-1.419635
20836.000000	-1.894734
20853.000000	-2.491724
20880.000000	-2.492491
20885.000000	-2.881920
20902.000000	-3.043120
20904.000000	-3.643120
20934.000000	-3.802759
20962.000000	-4.632539
20963.000000	-4.631978
20982.000000	-4.474476
21055.000000	-5.076688
21056.000000	-4.955941
21063.000000	-4.356238
21082.000000	-3.963388
21085.000000	-3.099729
21087.000000	-3.099322
21116.000000	-3.097532
21121.000000	-2.502818
21147.000000	-2.498888
21159.000000	-2.059835
21196.000000	-1.894688
21208.000000	-1.855599
21215.000000	-1.258298
21241.000000	-1.254134
21275.000000	-1.688676
21293.000000	-1.682986
21329.000000	-1.077808
21338.000000	-0.089612
21342.000000	-0.245301
21395.000000	-1.069519
21396.000000	-0.637576
21407.000000	0.062258
21410.000000	0.056967
21451.000000	0.034555
21456.000000	-0.767268
21521.000000	-1.570482
21584.000000	-1.553168
21590.000000	-1.805574
21606.000000	-2.238213
21677.000000	-2.237132
21678.000000	-2.671860
21700.000000	-2.674038
21734.000000	-2.841329
21746.000000	-2.828759
21769.000000	-2.398817
21774.000000	-1.957046
21807.000000	-1.961913
21846.000000	-2.407142
21856.000000	-3.236526
21894.000000	-3.081553
21896.000000	-3.240525
21908.000000	-3.834493
21910.000000	-3.450521
21942.000000	-3.603874
21973.000000	-3.611102
21983.000000	-3.647148
21998.000000	-3.212197
22040.000000	-3.250624
22044.000000	-3.128478
22058.000000	-3.287520
22069.000000	-3.287574
22109.000000	-3.447070
22113.000000	-3.447291
22145.000000	-2.851907
22165.000000	-3.453279
22203.000000	-3.889810
22224.000000	-4.492654
22252.000000	-3.895279
22271.000000	-4.058518
22278.000000	-4.060973
22284.000000	-4.062514
22299.000000	-3.906360
22307.000000	-3.783408
22316.000000	-4.770496
22318.000000	-4.174347
22328.000000	-4.771081
22333.000000	-4.291000
22367.000000	-3.901099
22368.000000	-3.430096
22387.000000	-3.389912
22422.000000	-2.789623
22467.000000	-2.345040
22471.000000	-1.662075
22479.000000	-0.793591
22487.000000	-1.630263
22553.000000	-1.239464
22559.000000	-0.265635
22564.000000	0.220084
22614.000000	-1.160972
22645.000000	0.422015
22659.000000	1.938542
22673.000000	1.207045
22677.000000	2.761907
22678.000000	3.375540
22718.000000	3.885123
22749.000000	2.250001
22760.000000	4.481373
22775.000000	3.628274
22780.000000	4.389964
22783.000000	4.395096
22795.000000	6.128623
22814.000000	4.476946
22826.000000	4.495359
22833.000000	4.485445
22851.000000	2.271833
22856.000000	3.847819
22871.000000	3.207682
22906.000000	3.272617
22928.000000	2.613886
22945.000000	3.479761
22974.000000	1.919452
22976.000000	0.182844
22990.000000	0.628183
23005.000000	-0.404724
23019.000000	-0.266623
23027.000000	-0.288167
23028.000000	-0.291230
23049.000000	-1.576148
23064.000000	-2.405402
23074.000000	-2.425367
23079.000000	-2.451312
23090.000000	-3.039286
23118.000000	-3.161747
23172.000000	-3.768082
23186.000000	-4.240953
23190.000000	-4.081676
23203.000000	-4.519310
23242.000000	-4.361367
23292.000000	-4.802949
23295.000000	-4.645793
23314.000000	-4.166512
23323.000000	-4.168196
23326.000000	-4.169069
23344.000000	-4.330197
23358.000000	-4.490175
23361.000000	-4.927378
23387.000000	-4.488837
23443.000000	-4.490171
23459.000000	-4.493422
23503.000000	-4.531587
23510.000000	-4.527291
23530.000000	-4.515065
23546.000000	-4.515392
23550.000000	-3.917001
23556.000000	-3.917058
23557.000000	-3.434806
23566.000000	-3.591943
23567.000000	-3.750510
23575.000000	-3.748001
23598.000000	-2.914497
23630.000000	-2.907665
23653.000000	-3.354024
23654.000000	-3.352226
23678.000000	-2.747629
23691.000000	-2.588224
23725.000000	-1.992035
23740.000000	-1.167238
23763.000000	-0.782568
23787.000000	-0.343218
23809.000000	-0.343536
23847.000000	-0.344826
23873.000000	-0.342058
23885.000000	-0.337937
23888.000000	0.320200
23899.000000	-0.361958
23903.000000	0.659784
23904.000000	0.636293
23919.000000	0.676854
23938.000000	1.931393
23993.000000	2.061688
24038.000000	2.703367
24054.000000	4.318335
24060.000000	4.550788
24084.000000	3.780683
24100.000000	2.366274
24115.000000	2.481992
24168.000000	2.342119
24205.000000	2.930075
24207.000000	3.778563
24272.000000	4.006031
24302.000000	6.886758
24306.000000	8.703137
24314.000000	5.568314
24317.000000	2.949558
24350.000000	2.244003
24357.000000	3.691042
24385.000000	3.845806
24402.000000	3.959434
24414.000000	3.871749
24427.000000	4.763145
24430.000000	6.437992
24460.000000	6.279672
24463.000000	6.309968
24472.000000	8.010768
24476.000000	9.732998
24483.000000	11.589006
24505.000000	13.655808
24515.000000	11.524595
24516.000000	11.534557
24531.000000	11.776540
24537.000000	8.655651
24547.000000	8.680745
24554.000000	6.803178
24577.000000	9.982590
24594.000000	13.726883
24596.000000	13.080331
24603.000000	12.989885
24611.000000	12.860616
24622.000000	12.747526
24634.000000	17.043027
24677.000000	16.253134
24686.000000	16.371326
24714.000000	16.917736
24729.000000	17.313534
24735.000000	17.541208
24745.000000	19.780370
24767.000000	20.502134
24782.000000	21.001042
24806.000000	24.178725
24818.000000	24.525514
24822.000000	24.693367
24824.000000	29.657532
24831.000000	29.738897
24833.000000	32.430687
24836.000000	32.409988
24843.000000	32.316268
24853.000000	34.927256
24861.000000	34.753152
24880.000000	34.580998
24924.000000	34.456551
24935.000000	34.379303
24936.000000	34.195984
24941.000000	31.718692
24950.000000	31.457692
24962.000000	31.192297
25019.000000	30.789695
25043.000000	30.581281
25060.000000	28.842585
25063.000000	28.700703
25077.000000	26.223336
25094.000000	25.887670
25196.000000	24.890760
25247.000000	24.531842
25249.000000	20.454154
25258.000000	18.735105
25308.000000	16.414022
25346.000000	15.827467
25355.000000	13.293744
25374.000000	13.186802
25383.000000	11.534691
25398.000000	10.047272
25449.000000	9.717752
25467.000000	7.695925
25485.000000	7.457926
25493.000000	7.529810
25523.000000	5.797398
25528.000000	4.248112
25540.000000	2.567942
25541.000000	1.750402
25543.000000	0.903121
25577.000000	0.642750
25581.000000	0.035345
25595.000000	0.410267
25600.000000	-0.040146
25601.000000	0.120017
25612.000000	0.116780
25624.000000	0.114650
25628.000000	-0.327207
25633.000000	0.119353
25655.000000	-0.324455
25661.000000	-1.309982
25681.000000	-2.297203
25682.000000	-2.300108
25711.000000	-2.296699
25715.000000	-2.295311
25728.000000	-2.295707
25795.000000	-2.441271
25807.000000	-2.600823
25813.000000	-2.442937
25818.000000	-2.000519
25837.000000	-1.963673
25854.000000	-0.976225
25859.000000	-0.817771
25865.000000	-1.198520
25888.000000	-0.757404
25890.000000	0.070449
25899.000000	-0.917706
25906.000000	-1.744712
25924.000000	-1.742859
25951.000000	-2.349817
25966.000000	-1.906602
25990.000000	-1.747572
26007.000000	-1.138446
26018.000000	-1.577039
26020.000000	-1.577269
26039.000000	-1.579722
26046.000000	-2.188179
26056.000000	-1.582099
26077.000000	-0.974355
26084.000000	-1.009649
26085.000000	-1.611282
26107.000000	-1.770520
26137.000000	-2.757890
26143.000000	-2.919526
26160.000000	-2.543270
26179.000000	-2.539040
26188.000000	-2.924821
26204.000000	-2.320841
26220.000000	-2.480519
26222.000000	-2.641391
26223.000000	-2.517072
26249.000000	-2.521665
26251.000000	-2.556952
26256.000000	-2.563783
26270.000000	-1.731348
26278.000000	-0.900449
26288.000000	-0.069712
26295.000000	0.542621
26322.000000	-0.072206
26343.000000	-0.680023
26355.000000	-0.642835
26386.000000	-0.481808
26398.000000	0.505583
26406.000000	0.663618
26429.000000	0.817134
26433.000000	0.817504
26468.000000	0.369594
26473.000000	-0.226464
26501.000000	-0.231425
26523.000000	0.752107
26529.000000	0.911284
26550.000000	1.773757
26568.000000	1.335868
26579.000000	1.214746
26593.000000	1.603337
26669.000000	0.615719
26686.000000	-0.372922
26698.000000	-0.764927
26703.000000	-0.380156
26729.000000	-0.258264
26748.000000	0.338515
26788.000000	1.166434
26790.000000	1.993183
26808.000000	1.606176
26816.000000	1.448155
26831.000000	2.277666
26833.000000	2.278697
26871.000000	2.250899
26883.000000	2.411119
26884.000000	1.972496
26898.000000	1.147574
26930.000000	1.148570
26949.000000	0.322015
26962.000000	0.763676
27026.000000	0.916325
27027.000000	0.089426
27032.000000	0.213298
27050.000000	0.801428
27073.000000	0.806868
27144.000000	-0.014892
27150.000000	-0.137835
27200.000000	-0.724804
27208.000000	-1.553491
27239.000000	-2.538055
27267.000000	-2.973663
27316.000000	-1.989474
27328.000000	-2.821155
27331.000000	-3.207915
27344.000000	-2.733418
27358.000000	-2.737839
27359.000000	-1.911183
27370.000000	-1.912780
27395.000000	-1.914330
27399.000000	-1.914799
27402.000000	-1.924175
27405.000000	-1.488227
27413.000000	-1.051055
27438.000000	-0.178840
27456.000000	-0.172673
27481.000000	-0.175281
27503.000000	0.557329
27548.000000	2.128809
27561.000000	2.801132
27572.000000	4.470833
27586.000000	5.719816
27630.000000	4.962285
27669.000000	6.297355
27678.000000	8.404643
27696.000000	8.491059
27743.000000	5.321663
27747.000000	7.271207
27757.000000	8.503380
27791.000000	8.186939
27805.000000	8.065287
27820.000000	7.864646
27850.000000	7.609671
27879.000000	7.736858
27921.000000	4.843548
27929.000000	3.158648
27952.000000	1.533333
27957.000000	-0.331310
27977.000000	-1.775422
27979.000000	-2.788702
28016.000000	-2.800912
28020.000000	-2.799031
28026.000000	-2.836521
28038.000000	-2.682760
28077.000000	-2.696820
28081.000000	-2.696699
28127.000000	-3.306081
28132.000000	-3.306489
28138.000000	-3.752803
28155.000000	-4.356672
28165.000000	-4.355018
28169.000000	-3.909570
28170.000000	-4.067078
28185.000000	-4.065646
28208.000000	-4.498881
28215.000000	-4.338355
28272.000000	-4.184536
28274.000000	-4.342103
28316.000000	-4.342990
28355.000000	-4.188571
28370.000000	-3.584139
28383.000000	-2.756598
28385.000000	-3.360548
28394.000000	-3.483964
28408.000000	-3.487542
28416.000000	-3.106000
28424.000000	-3.551975
28490.000000	-2.955562
28498.000000	-2.959940
28515.000000	-2.959967
28532.000000	-2.958325
28558.000000	-3.121576
28562.000000	-3.603889
28568.000000	-2.999527
28569.000000	-3.439395
28576.000000	-2.999298
28582.000000	-3.155461
28602.000000	-3.151769
28621.000000	-3.147415
28682.000000	-2.548647
28707.000000	-2.104705
28730.000000	-2.707313
28742.000000	-3.692762
28760.000000	-3.088506
28773.000000	-2.930785
28777.000000	-2.487384
28780.000000	-2.489088
28804.000000	-2.488934
28830.000000	-2.482181
28831.000000	-2.325044
28840.000000	-1.496690
28845.000000	-1.338253
28854.000000	-1.337205
28857.000000	-0.473880
28875.000000	-1.085603
28887.000000	-1.244987
28888.000000	-1.248085
28908.000000	-1.090615
28912.000000	-1.090149
28932.000000	-1.094905
28965.000000	-1.102433
28971.000000	-1.546048
28976.000000	-1.544292
28979.000000	-1.542988
29025.000000	-1.986782
29059.000000	-1.160353
29060.000000	-1.601520
29065.000000	-1.602604
29073.000000	-1.603403
29075.000000	-2.202371
29113.000000	-2.237080
29131.000000	-3.067253
29136.000000	-2.619618
29149.000000	-2.621942
29163.000000	-3.608760
29173.000000	-3.007930
29195.000000	-2.399302
29198.000000	-2.402505
29214.000000	-2.557365
29219.000000	-1.727745
29258.000000	-1.111273
29274.000000	-0.720539
29276.000000	-0.719789
29287.000000	-0.717012
29323.000000	-0.103510
29342.000000	-0.098341
29354.000000	-0.486642
29357.000000	0.341573
29368.000000	0.055577
29395.000000	0.060734
29398.000000	1.173913
29413.000000	0.839893
29425.000000	0.851448
29453.000000	1.163158
29467.000000	1.967287
29497.000000	3.067518
29513.000000	3.084519
29515.000000	2.314580
29519.000000	2.316691
29534.000000	2.313039
29545.000000	2.266172
29548.000000	2.273793
29561.000000	2.279674
29567.000000	3.303810
29574.000000	3.307200
29593.000000	3.330673
29598.000000	4.604675
29618.000000	4.636085
29634.000000	5.505018
29641.000000	5.543786
29654.000000	7.309295
29658.000000	6.587361
29659.000000	7.855999
29664.000000	9.603428
29670.000000	9.625360
29681.000000	9.776895
29695.000000	7.973284
29700.000000	6.042815
29703.000000	5.082594
29726.000000	5.016895
29729.000000	7.886875
29731.000000	7.829310
29745.000000	6.020299
29770.000000	5.170153
29773.000000	2.612898
29775.000000	5.133823
29792.000000	3.246487
29794.000000	1.771835
29804.000000	0.350439
29807.000000	0.341430
29844.000000	-0.836034
29853.000000	-0.972058
29857.000000	-0.052010
29881.000000	1.122658
29883.000000	1.139476
29892.000000	-0.153095
29896.000000	-1.533567
29898.000000	-1.218878
29900.000000	-1.217662
29915.000000	-1.215623
29920.000000	-1.243078
29930.000000	-1.237244
29931.000000	-1.240393
29941.000000	-1.204249
29968.000000	-1.206619
29981.000000	-1.210939
29987.000000	-1.207409
30005.000000	-0.380084
30019.000000	-0.504706
30031.000000	-0.504850
30041.000000	-0.498658
30048.000000	-0.461418
30061.000000	-1.288182
30069.000000	-1.736487
30072.000000	-1.739181
30076.000000	-2.344314
30103.000000	-2.178795
30141.000000	-2.018299
30175.000000	-2.018440
30203.000000	-1.189511
30207.000000	-0.587011
30244.000000	-0.589623
30281.000000	-0.602268
30305.000000	-0.206833
30309.000000	0.621249
30322.000000	1.448225
30342.000000	1.605380
30413.000000	1.163487
30422.000000	0.333669
30439.000000	0.331061
30450.000000	0.766959
30492.000000	0.323355
30514.000000	0.321817
30516.000000	0.758570
30523.000000	0.597871
30535.000000	0.158858
30572.000000	1.142248
30574.000000	1.141943
30590.000000	0.986068
30603.000000	0.987303
30631.000000	0.160806
30669.000000	-0.287267
30677.000000	-1.115039
30689.000000	-1.110627
30690.000000	-2.095162
30697.000000	-2.921373
30714.000000	-3.902256
30789.000000	-3.475826
30838.000000	-3.476040
30873.000000	-3.039614
30889.000000	-3.037971
30891.000000	-2.641214
30907.000000	-1.810379
30952.000000	-1.804962
30953.000000	-1.796837
31000.000000	-1.633297
31080.000000	-1.625555
31089.000000	-2.455774
31093.000000	-1.629478
31122.000000	-1.035422
31141.000000	-0.597913
31166.000000	-0.157632
31173.000000	-0.316942
31199.000000	0.512304
31223.000000	0.072916
31250.000000	0.071157
31256.000000	-0.087429
31263.000000	0.898988
31280.000000	0.305359
31289.000000	1.134556
31326.000000	1.520833
31337.000000	1.677071
31341.000000	1.291944
31377.000000	0.892081
31380.000000	0.891707
31454.000000	0.879392
31456.000000	1.706557
31460.000000	1.706066
31491.000000	2.149011
31522.000000	1.856139
31541.000000	1.333401
31549.000000	0.896756
31562.000000	0.906419
31563.000000	1.510854
31566.000000	1.452468
31580.000000	2.484120
31611.000000	3.148879
31624.000000	5.597317
31629.000000	5.109328
31655.000000	5.356740
31661.000000	5.425943
31677.000000	4.786789
31680.000000	3.830927
31713.000000	2.154378
31724.000000	0.156427
31746.000000	0.098426
31771.000000	-0.921334
31807.000000	-0.914449
31831.000000	0.197942
31860.000000	-1.322693
31874.000000	-1.328152
31888.000000	-1.646909
31896.000000	-1.654783
31902.000000	-1.650455
31937.000000	-2.238128
31944.000000	-2.672899
31948.000000	-2.666815
31963.000000	-2.190959
32010.000000	-2.785063
32020.000000	-2.304004
32068.000000	-2.135003
32074.000000	-2.376123
32098.000000	-2.648439
32115.000000	-2.630341
32132.000000	-2.797602
32145.000000	-2.629821
32160.000000	-1.809160
32177.000000	-0.982860
32183.000000	-0.593298
32240.000000	-1.046838
32270.000000	-1.057814
32305.000000	-1.511229
32355.000000	-0.932932
32362.000000	-1.094997
32396.000000	-1.544935
32401.000000	-1.582662
32415.000000	-1.585906
32435.000000	-1.202142
32437.000000	-1.636034
32439.000000	-1.478863
32451.000000	-1.923343
32475.000000	-2.079218
32534.000000	-2.511314
32557.000000	-1.906979
32572.000000	-1.747755
32598.000000	-1.589154
32609.000000	-1.749036
32618.000000	-2.735934
32629.000000	-3.723783
32644.000000	-4.552935
32645.000000	-4.711583
32671.000000	-3.726844
32672.000000	-3.280406
32736.000000	-2.889744
32745.000000	-2.292239
32766.000000	-2.293197
32776.000000	-1.816142
32786.000000	-1.373697
32802.000000	-1.370758
32808.000000	-1.529297
32822.000000	-1.087419
32834.000000	-1.119590
32836.000000	-0.132756
32854.000000	0.316766
32884.000000	-0.122535
32886.000000	0.706815
32932.000000	1.155052
32943.000000	1.156115
32952.000000	2.141896
32963.000000	2.301504
32969.000000	3.086698
32970.000000	3.398357
32988.000000	2.583179
33037.000000	2.509132
33060.000000	2.530118
33076.000000	1.686867
33091.000000	2.490554
33098.000000	1.960672
33104.000000	1.520079
33155.000000	0.691797
33163.000000	0.851136
33165.000000	0.852367
33178.000000	0.852319
33194.000000	-0.011462
33250.000000	-0.610336
33258.000000	-0.766693
33264.000000	-0.765208
33329.000000	-0.378391
33334.000000	-0.219583
33372.000000	-0.618077
33391.000000	-0.181450
33397.000000	-0.650231
33417.000000	-0.217368
33438.000000	-0.216654
33550.000000	-1.045036
33558.000000	-1.476724
33568.000000	-1.000934
33570.000000	-1.988340
33614.000000	-2.139828
33619.000000	-1.693801
33623.000000	-1.694457
33666.000000	-1.854859
33671.000000	-2.449932
33686.000000	-2.575568
33697.000000	-2.701119
33715.000000	-2.108052
33753.000000	-1.505555
33769.000000	-2.335712
33773.000000	-3.163661
33784.000000	-2.721108
33800.000000	-2.331157
33840.000000	-2.772669
33853.000000	-2.292287
33879.000000	-2.884499
33880.000000	-2.447945
33917.000000	-2.436863
33924.000000	-1.607374
33999.000000	-1.600307
34015.000000	-1.442724
34023.000000	-1.444542
34044.000000	-1.060717
34052.000000	-1.062646
34062.000000	-0.905527
34069.000000	-0.909565
34082.000000	-0.308830
34130.000000	0.567047
34142.000000	-0.314494
34144.000000	-0.919333
34145.000000	-0.919395
34149.000000	-1.077606
34150.000000	-1.525110
34170.000000	-1.524031
34172.000000	-1.557887
34187.000000	-1.570807
34189.000000	-0.579667
34197.000000	-1.019458
34276.000000	-1.064029
34287.000000	-1.063705
34297.000000	-1.662812
34321.000000	-1.226426
34396.000000	-1.064640
34425.000000	-2.053056
34436.000000	-2.090213
34443.000000	-2.092462
34451.000000	-1.937450
34453.000000	-1.926351
34495.000000	-2.518301
34497.000000	-2.362361
34502.000000	-2.364168
34512.000000	-2.364729
34513.000000	-2.207737
34528.000000	-2.208335
34552.000000	-2.208247
34559.000000	-1.735324
34582.000000	-2.333786
34600.000000	-2.331541
34613.000000	-1.503586
34624.000000	-1.623141
34654.000000	-2.607741
34655.000000	-2.446608
34657.000000	-3.040085
34696.000000	-2.210018
34739.000000	-1.617200
34751.000000	-0.751591
34805.000000	0.071111
34812.000000	0.505898
34825.000000	0.062683
34889.000000	0.223578
34919.000000	0.224011
34965.000000	0.384222
34972.000000	0.829289
34989.000000	0.794468
35007.000000	0.795996
35014.000000	0.406735
35021.000000	0.420182
35026.000000	1.406870
35039.000000	0.579953
35063.000000	-0.245937
35072.000000	-0.086543
35105.000000	-0.084413
35140.000000	-0.081788
35143.000000	-0.081987
35164.000000	-1.071572
35197.000000	-1.072845
35205.000000	-1.937806
35228.000000	-2.772291
35230.000000	-2.768008
35234.000000	-2.322678
35259.000000	-1.496307
35263.000000	-1.497115
35271.000000	-1.497407
35277.000000	-2.105032
35326.000000	-2.225114
35343.000000	-1.396303
35372.000000	-1.010712
35384.000000	-0.629902
35385.000000	-1.016315
35414.000000	-1.016996
35415.000000	-1.017897
35416.000000	-1.018307
35420.000000	-0.417094
35446.000000	0.021270
35450.000000	0.178859
35462.000000	1.167368
35479.000000	0.564650
35488.000000	1.051040
35490.000000	0.892622
35536.000000	0.894511
35551.000000	0.446976
35556.000000	0.062044
35567.000000	-0.096269
35576.000000	0.349303
35579.000000	1.113475
35589.000000	1.426041
35597.000000	1.593287
35602.000000	0.375388
35612.000000	-0.427782
35620.000000	-0.428914
35624.000000	0.785057
35658.000000	2.121452
35668.000000	3.707471
35674.000000	2.155696
35710.000000	0.419603
35720.000000	-0.064087
35753.000000	-0.846905
35764.000000	-0.368920
35779.000000	-1.802414
35820.000000	-0.405046
35825.000000	-0.685792
35828.000000	-0.692616
35834.000000	-1.822242
35870.000000	-1.838841
35876.000000	-2.281696
35885.000000	-2.883047
35895.000000	-2.886825
35910.000000	-2.892176
35915.000000	-2.893975
35928.000000	-3.055599
35969.000000	-3.071745
35981.000000	-3.081071
35985.000000	-3.688206
35993.000000	-4.128273
35994.000000	-4.126350
35998.000000	-3.136684
36005.000000	-2.974368
36029.000000	-3.126331
36033.000000	-3.124469
36072.000000	-2.962910
36090.000000	-2.573767
36104.000000	-3.557982
36109.000000	-3.114341
36200.000000	-2.997134
36220.000000	-2.842639
36222.000000	-2.843586
36235.000000	-1.860216
36243.000000	-1.861953
36259.000000	-1.861154
36275.000000	-1.860354
36301.000000	-1.265368
36314.000000	-1.737514
36344.000000	-1.729395
36356.000000	-1.133916
36362.000000	-1.131968
36404.000000	-1.158134
36420.000000	-1.982925
36422.000000	-2.142126
36468.000000	-1.975465
36506.000000	-2.134790
36510.000000	-2.294372
36527.000000	-3.160105
36538.000000	-3.040063
36542.000000	-3.045414
36558.000000	-3.173200
36580.000000	-2.351149
36591.000000	-1.526317
36593.000000	-2.354741
36629.000000	-1.535007
36634.000000	-1.146918
36662.000000	-0.551372
36691.000000	-0.989381
36698.000000	-0.516575
36710.000000	-1.110805
36722.000000	-1.706924
36735.000000	-1.705267
36744.000000	-1.825484
36772.000000	-1.980643
36775.000000	-1.856525
36777.000000	-1.855116
36826.000000	-1.691696
36877.000000	-0.710783
36880.000000	-0.675428
36891.000000	-0.205372
36923.000000	-0.808052
36942.000000	-0.212399
36959.000000	-1.200937
36965.000000	-2.029715
36989.000000	-2.029231
36999.000000	-2.857949
37059.000000	-3.686146
37060.000000	-3.293610
37065.000000	-2.852025
37068.000000	-3.288399
37075.000000	-3.288389
37103.000000	-3.161913
37124.000000	-3.198463
37140.000000	-2.593328
37146.000000	-2.470033
37161.000000	-2.468743
37178.000000	-2.466073
37217.000000	-2.029821
37222.000000	-2.423453
37226.000000	-2.421434
37237.000000	-3.014639
37263.000000	-2.022599
37296.000000	-2.613902
37299.000000	-2.489291
37379.000000	-2.047914
37386.000000	-1.603360
37454.000000	-1.756387
37473.000000	-0.929014
37478.000000	-1.758130
37493.000000	-2.196099
37502.000000	-2.196213
37505.000000	-1.210235
37510.000000	-1.329815
37515.000000	-1.292257
37519.000000	-0.905657
37584.000000	-0.048676
37620.000000	0.808601
37623.000000	1.239584
37699.000000	1.623634
37709.000000	2.018393
37832.000000	2.011486
37842.000000	2.165387
37848.000000	1.177212
37849.000000	2.160247
37854.000000	2.631319
37856.000000	2.199369
37986.000000	1.614721
37997.000000	1.767938
38000.000000	1.381542
38003.000000	1.221067
38006.000000	1.060849
38035.000000	0.902489
38067.000000	0.073909
38076.000000	0.073384
38095.000000	-0.086138
38096.000000	-1.074272
38101.000000	-1.903863
38173.000000	-1.912344
38194.000000	-1.905730
38203.000000	-2.736152
38211.000000	-3.725780
38219.000000	-3.727522
38226.000000	-2.900644
38238.000000	-1.915584
38249.000000	-2.744576
38291.000000	-2.743146
38305.000000	-2.300676
38317.000000	-2.140482
38324.000000	-1.697415
38337.000000	-1.702464
38360.000000	-1.097457
38363.000000	-1.095310
38366.000000	-1.091942
38367.000000	-1.090032
38378.000000	-1.082721
38403.000000	-0.087250
38424.000000	0.510044
38451.000000	0.355103
38486.000000	-0.627611
38507.000000	-1.233194
38511.000000	-0.404685
38545.000000	-0.256519
38547.000000	0.178444
38601.000000	-0.820839
38629.000000	-0.829450
38637.000000	-0.832812
38680.000000	-0.833383
38700.000000	-1.271796
38721.000000	-1.276915
38744.000000	-1.716464
38750.000000	-2.154754
38752.000000	-2.589976
38754.000000	-2.467270
38763.000000	-1.868617
38777.000000	-1.867599
38790.000000	-1.743418
38808.000000	-2.729844
38810.000000	-2.723119
38813.000000	-2.560802
38832.000000	-2.398801
38855.000000	-1.790332
38856.000000	-2.616711
38911.000000	-2.611275
38912.000000	-2.602085
38921.000000	-2.004319
38933.000000	-2.988915
38952.000000	-2.326053
38989.000000	-2.286205
39023.000000	-2.265124
39026.000000	-2.268430
39043.000000	-2.567647
39044.000000	-2.569988
39069.000000	-2.570988
39070.000000	-2.804199
39088.000000	-2.799868
39134.000000	-2.053947
39135.000000	-2.056931
39142.000000	-1.760389
39154.000000	-2.643323
39167.000000	-2.657053
39194.000000	-2.665789
39202.000000	-3.312221
39210.000000	-3.313562
39262.000000	-2.869245
39265.000000	-3.315827
39268.000000	-3.914003
39270.000000	-2.926280
39271.000000	-3.533208
39276.000000	-4.011163
39282.000000	-4.166449
39327.000000	-4.169047
39341.000000	-4.009336
39344.000000	-4.043866
39366.000000	-3.610269
39371.000000	-2.620686
39381.000000	-3.105926
39409.000000	-2.717115
39468.000000	-2.237326
39512.000000	-1.798954
39530.000000	-1.353811
39536.000000	-1.509287
39556.000000	-1.467971
39587.000000	-1.459206
39613.000000	-1.454506
39639.000000	-1.892819
39648.000000	-1.891999
39662.000000	-1.301206
39712.000000	-1.292775
39755.000000	-0.688773
39769.000000	-0.654316
39783.000000	-0.659849
39795.000000	-0.220236
39812.000000	0.599148
39816.000000	0.633902
39887.000000	1.024856
39889.000000	0.036200
39906.000000	0.035821
39931.000000	-0.795812
39943.000000	-1.240019
39948.000000	-1.239895
39969.000000	-1.684656
39975.000000	-1.525355
39979.000000	-1.682584
39984.000000	-1.523437
39996.000000	-1.681768
40033.000000	-1.684966
40111.000000	-1.246595
40163.000000	-1.718434
40165.000000	-2.105914
40189.000000	-2.707333
40228.000000	-2.870126
40232.000000	-2.749941
40234.000000	-3.184128
40242.000000	-3.186119
40247.000000	-3.347123
40271.000000	-3.348050
40281.000000	-3.192671
40309.000000	-3.160463
40313.000000	-2.719714
40332.000000	-2.723797
40358.000000	-3.330260
40360.000000	-2.503398
40366.000000	-1.676687
40371.000000	-1.678545
40372.000000	-1.714359
40384.000000	-1.555376
40385.000000	-1.555252
40405.000000	-2.005779
40416.000000	-1.970272
40419.000000	-2.414647
40426.000000	-1.814501
40439.000000	-1.204648
40448.000000	-1.167274
40460.000000	-1.323085
40468.000000	-1.320427
40480.000000	-1.316912
40508.000000	-2.141850
40514.000000	-2.140557
40520.000000	-1.701318
40569.000000	-2.291948
40579.000000	-1.841280
40608.000000	-1.679615
40613.000000	-2.666005
40622.000000	-2.666037
40645.000000	-2.542957
40649.000000	-2.506740
40669.000000	-2.505733
40689.000000	-2.540279
40700.000000	-2.537851
40702.000000	-2.104731
40708.000000	-1.664748
40726.000000	-2.138359
40787.000000	-2.582301
40816.000000	-2.138414
40822.000000	-1.545899
40866.000000	-2.363939
40886.000000	-1.373510
40922.000000	-1.366645
41008.000000	-1.511880
41032.000000	-2.098884
41038.000000	-2.104193
41072.000000	-2.545911
41094.000000	-2.710276
41098.000000	-2.717123
41135.000000	-2.729732
41162.000000	-2.707483
41178.000000	-2.716721
41181.000000	-2.276997
41184.000000	-2.243785
41185.000000	-1.416194
41198.000000	-1.859925
41204.000000	-2.466121
41209.000000	-2.466197
41210.000000	-2.501024
41231.000000	-3.107690
41238.000000	-3.551161
41284.000000	-2.716191
41305.000000	-3.541437
41323.000000	-2.714263
41350.000000	-2.557464
41358.000000	-2.560897
41359.000000	-2.438464
41363.000000	-2.598443
41366.000000	-2.598746
41375.000000	-2.601034
41394.000000	-3.430926
41401.000000	-3.590222
41409.000000	-3.151866
41417.000000	-3.596013
41425.000000	-3.630307
41434.000000	-4.491909
41487.000000	-4.487704
41513.000000	-3.879975
41518.000000	-3.397449
41531.000000	-2.529642
41545.000000	-2.366045
41555.000000	-2.519994
41561.000000	-2.516237
41563.000000	-2.513688
41581.000000	-3.336275
41602.000000	-2.901552
41620.000000	-2.893711
41667.000000	-2.406947
41701.000000	-2.403068
41745.000000	-2.407552
41790.000000	-1.817169
41802.000000	-0.991690
41824.000000	-0.996517
41849.000000	-0.602802
41896.000000	-0.765428
41900.000000	-0.732080
41901.000000	0.129543
41905.000000	0.126865
41907.000000	-0.317222
41933.000000	-0.764578
41941.000000	-1.593853
41947.000000	-1.595139
41958.000000	-1.596865
41961.000000	-1.985807
41992.000000	-1.545263
42032.000000	-1.704487
42045.000000	-2.304024
42051.000000	-2.146184
42064.000000	-2.150107
42071.000000	-2.150736
42077.000000	-1.548129
42083.000000	-2.148192
42111.000000	-3.132075
42117.000000	-2.145528
42125.000000	-2.146043
42130.000000	-1.987097
42138.000000	-1.157802
42139.000000	-1.983923
42140.000000	-1.152911
42148.000000	-0.709256
42154.000000	-0.864625
42168.000000	-0.431503
42190.000000	-0.588288
42204.000000	-0.583445
42223.000000	-0.197456
42289.000000	0.188229
42323.000000	0.185841
42333.000000	0.307074
42390.000000	0.304922
42395.000000	0.697454
42404.000000	1.293689
42412.000000	0.823255
42419.000000	0.978425
42426.000000	1.099253
42429.000000	0.269219
42433.000000	0.267838
42435.000000	0.267930
42438.000000	-0.559235
42500.000000	-0.715519
42504.000000	-1.700151
42506.000000	-2.148974
42514.000000	-2.144700
42518.000000	-1.756415
42541.000000	-1.163131
42545.000000	-1.001746
42570.000000	-1.395807
42585.000000	-2.221702
42588.000000	-2.060181
42667.000000	-1.195660
42689.000000	-0.758276
42710.000000	-1.147627
42731.000000	-1.142867
42752.000000	-1.258485
42777.000000	-1.250495
42801.000000	-1.210339
42812.000000	-0.381066
42833.000000	-0.380456
42842.000000	-0.538718
42858.000000	-0.696857
42880.000000	-0.538232
42909.000000	-0.542854
42935.000000	-0.708323
42952.000000	-0.558695
42955.000000	-0.950926
42958.000000	-1.388559
42989.000000	-1.395787
43005.000000	-1.007525
43026.000000	-1.169335
43036.000000	-1.330348
43046.000000	-2.159844
43083.000000	-2.759040
43099.000000	-2.368508
43101.000000	-2.805464
43140.000000	-2.641711
43145.000000	-2.677635
43180.000000	-2.838037
43193.000000	-3.825885
43203.000000	-4.655021
43213.000000	-4.497441
43222.000000	-4.339754
43241.000000	-4.499739
43256.000000	-3.899746
43309.000000	-3.741261
43325.000000	-2.914627
43333.000000	-3.352413
43343.000000	-2.912031
43355.000000	-3.071278
43377.000000	-4.055760
43393.000000	-3.896141
43394.000000	-2.909584
43420.000000	-2.907232
43426.000000	-2.908114
43433.000000	-2.909116
43449.000000	-2.081505
43457.000000	-2.239178
43458.000000	-2.361357
43471.000000	-2.361961
43483.000000	-2.203525
43520.000000	-1.771160
43528.000000	-1.770273
43543.000000	-1.326557
43554.000000	-1.164292
43556.000000	-1.763096
43567.000000	-1.759995
43623.000000	-2.741330
43627.000000	-2.296978
43675.000000	-2.758437
43686.000000	-1.768231
43705.000000	-1.605334
43748.000000	-1.165036
43763.000000	-2.149325
43821.000000	-1.711311
43822.000000	-1.555645
43835.000000	-2.383180
43849.000000	-3.210708
43855.000000	-2.617820
43872.000000	-1.631493
43907.000000	-1.507790
43939.000000	-1.664987
43954.000000	-2.097708
43981.000000	-2.257853
43983.000000	-1.871714
44025.000000	-1.874135
44065.000000	-1.718827
44075.000000	-1.718939
44079.000000	-1.559527
44111.000000	-2.165000
44121.000000	-2.166206
44145.000000	-2.998103
44172.000000	-3.159164
44199.000000	-2.768335
44284.000000	-2.778912
44331.000000	-2.774900
44368.000000	-2.938063
44376.000000	-2.941269
44394.000000	-2.943620
44395.000000	-2.546621
44450.000000	-3.532079
44457.000000	-3.656525
44464.000000	-2.675110
44467.000000	-1.848882
44468.000000	-0.864200
44475.000000	-1.691717
44483.000000	-1.691160
44507.000000	-1.847468
44593.000000	-2.012185
44597.000000	-2.013261
44616.000000	-1.419101
44618.000000	-1.382220
44622.000000	-1.536869
44643.000000	-0.939705
44660.000000	-1.764873
44667.000000	-0.777092
44694.000000	-0.381233
44734.000000	0.609238
44744.000000	0.453815
44753.000000	0.456820
44774.000000	-0.366253
44859.000000	0.234291
44890.000000	1.219854
44898.000000	0.390426
44919.000000	0.387175
44925.000000	-0.603278
44930.000000	-0.605094
44944.000000	-0.607062
44982.000000	0.374817
44988.000000	0.372192
45007.000000	0.210452
45032.000000	-0.261420
45051.000000	0.175996
45054.000000	0.172961
45055.000000	-0.269401
45066.000000	0.179937
45098.000000	-0.807854
45107.000000	-1.797690
45118.000000	-2.626510
45121.000000	-2.468101
45141.000000	-2.628544
45156.000000	-2.663348
45163.000000	-3.106364
45169.000000	-3.483860
45171.000000	-2.655206
45182.000000	-3.481897
45187.000000	-3.320571
45197.000000	-3.477516
45223.000000	-3.040078
45232.000000	-3.865347
45236.000000	-3.862392
45256.000000	-3.699892
45276.000000	-3.224431
45278.000000	-3.229105
45314.000000	-3.100189
45316.000000	-3.255932
45380.000000	-3.255631
45408.000000	-3.091377
45419.000000	-2.966309
45464.000000	-2.963423
45465.000000	-2.135910
45479.000000	-1.539458
45496.000000	-1.501653
45514.000000	-1.501997
45525.000000	-1.499175
45542.000000	-2.328046
45561.000000	-1.825631
45615.000000	-1.831326
45628.000000	-1.536379
45642.000000	-2.171284
45658.000000	-2.171614
45661.000000	-2.048870
45664.000000	-1.221940
45680.000000	-0.836398
45690.000000	-1.434254
45699.000000	-1.560792
45704.000000	-1.403051
45711.000000	-1.018774
45747.000000	-1.025887
45759.000000	-0.992380
45797.000000	-1.000755
45801.000000	-1.001239
45805.000000	-1.441543
45806.000000	-1.440296
45822.000000	-1.441509
45823.000000	-2.047611
45867.000000	-2.084330
45874.000000	-1.693611
45926.000000	-1.254318
45935.000000	-1.254080
45938.000000	-0.812229
45963.000000	-0.808454
45979.000000	0.057444
46030.000000	-0.923480
46035.000000	-1.788165
46047.000000	-1.630619
46055.000000	-1.472411
46064.000000	-1.024322
46084.000000	-1.407824
46085.000000	-0.960663
46087.000000	-0.131856
46108.000000	0.697519
46129.000000	-0.129056
46132.000000	-0.128485
46147.000000	-0.284398
46174.000000	-0.280843
46192.000000	-0.275194
46222.000000	0.207466
46250.000000	-0.620867
46251.000000	-1.057965
46258.000000	-0.614745
46263.000000	-0.617015
46287.000000	0.212111
46304.000000	-0.773548
46306.000000	-0.613217
46378.000000	-0.733917
46421.000000	-0.297128
46423.000000	0.298164
46430.000000	-0.342007
46463.000000	-0.776962
46469.000000	-0.391637
46473.000000	-0.784607
46531.000000	-1.613904
46535.000000	-1.774819
46611.000000	-0.947709
46628.000000	-0.795345
46640.000000	0.029989
46650.000000	0.183927
46663.000000	-0.264085
46674.000000	0.177508
46678.000000	0.014985
46685.000000	-0.431715
46695.000000	-0.908262
46698.000000	-1.737150
46702.000000	-1.578340
46710.000000	-0.750369
46715.000000	-0.589939
46730.000000	-0.208098
46740.000000	-0.686272
46758.000000	-0.649067
46759.000000	-0.647349
46778.000000	-0.646928
46803.000000	-1.247657
46837.000000	-1.248533
46850.000000	-0.650621
46851.000000	-1.478523
46873.000000	-1.478667
46894.000000	-1.866753
46898.000000	-1.426593
46940.000000	-1.583347
46948.000000	-1.581544
46959.000000	-0.594839
46983.000000	-0.591026
46994.000000	0.274441
47003.000000	1.104041
47005.000000	1.103735
47006.000000	0.716519
47016.000000	0.718480
47020.000000	0.718920
47035.000000	1.193773
47052.000000	1.035761
47061.000000	1.034889
47079.000000	0.655610
47114.000000	1.716293
47120.000000	1.714623
47126.000000	0.656200
47130.000000	1.484132
47151.000000	1.324120
47153.000000	0.849813
47156.000000	0.375725
47177.000000	0.378268
47179.000000	-0.060238
47186.000000	-0.886025
47202.000000	-0.057967
47220.000000	-0.888254
47234.000000	-0.889606
47239.000000	-1.046793
47329.000000	-1.541043
47371.000000	-1.547639
47384.000000	-1.938201
47398.000000	-2.532475
47417.000000	-2.377328
47433.000000	-1.931469
47435.000000	-2.374268
47463.000000	-2.805216
47469.000000	-1.977733
47481.000000	-1.820356
47515.000000	-2.204433
47554.000000	-1.596271
47555.000000	-1.722091
47559.000000	-1.846098
47568.000000	-1.237080
47576.000000	-0.407774
47615.000000	0.044075
47619.000000	-0.943025
47630.000000	-0.941949
47636.000000	-0.941268
47637.000000	-0.780828
47653.000000	0.083323
47663.000000	-0.075863
47675.000000	-0.520049
47681.000000	-0.359494
47714.000000	0.464951
47731.000000	0.016435
47757.000000	0.840279
47781.000000	0.800534
47798.000000	-0.187246
47831.000000	-0.194060
47849.000000	-0.196816
47854.000000	-0.633117
47872.000000	0.354646
47900.000000	1.340600
47986.000000	0.898001
48009.000000	0.508140
48018.000000	0.507341
48026.000000	0.629073
48027.000000	0.471553
48049.000000	0.082586
48051.000000	-0.075291
48079.000000	-0.899693
48111.000000	-0.737863
48152.000000	-0.769475
48154.000000	-0.769817
48202.000000	-0.762829
48212.000000	-0.762643
48242.000000	-1.155294
48251.000000	-0.683002
48264.000000	-0.526140
48275.000000	-0.527838
48289.000000	-0.531191
48318.000000	0.028926
48350.000000	-0.749763
48370.000000	-0.740031
48408.000000	0.281563
48420.000000	-0.711300
48424.000000	-1.386650
48427.000000	-1.350306
48458.000000	-1.191956
48476.000000	-1.786046
48562.000000	-1.785334
48568.000000	-0.961429
48571.000000	-1.125723
48576.000000	-0.648066
48581.000000	-0.810219
48584.000000	-1.640387
48603.000000	-0.819700
48619.000000	-1.425099
48620.000000	-1.422385
48621.000000	-0.976791
48629.000000	-0.539922
48648.000000	-1.139268
48660.000000	-1.582020
48678.000000	-1.105531
48683.000000	-2.089885
48695.000000	-2.527565
48724.000000	-2.073658
48754.000000	-2.224361
48802.000000	-1.382115
48813.000000	-1.538855
48827.000000	-0.935387
48834.000000	-0.936622
48849.000000	-1.921083
48874.000000	-1.763389
48887.000000	-1.375293
48893.000000	-1.374146
48894.000000	-0.941850
48905.000000	-1.770705
48923.000000	-1.612641
48980.000000	-2.062437
49011.000000	-1.681214
49049.000000	-1.294605
49115.000000	-1.179167
49125.000000	-0.744719
49150.000000	-0.348508
49159.000000	-0.191078
49165.000000	-0.191559
49181.000000	-0.632589
49202.000000	-0.634047
49230.000000	-1.027375
49247.000000	-0.042918
49251.000000	0.342125
49272.000000	0.502220
49329.000000	0.663238
49338.000000	0.660724
49364.000000	-0.171255
49369.000000	-0.016278
49391.000000	-0.454318
49394.000000	-0.616144
49409.000000	-0.616074
49427.000000	-0.173536
49431.000000	-1.001387
49432.000000	-1.391590
49436.000000	-1.354835
49437.000000	-1.359077
49439.000000	-1.355750
49445.000000	-1.351878
49475.000000	-0.911558
49516.000000	-0.072652
49609.000000	0.107101
49628.000000	0.504104
49641.000000	0.115452
49659.000000	-0.710216
49666.000000	-0.268434
49691.000000	0.452441
49696.000000	1.250547
49698.000000	0.931447
49708.000000	1.781768
49753.000000	1.770162
49776.000000	2.991567
49789.000000	2.558766
49797.000000	2.547811
