224.000000	-0.183004
251.000000	0.839925
301.000000	-0.644875
311.000000	-0.784838
313.000000	-0.714370
391.000000	-0.507554
406.000000	-0.430709
415.000000	-0.637135
424.000000	-0.767190
427.000000	-0.204270
436.000000	0.716957
459.000000	-0.717476
473.000000	-1.466060
507.000000	-0.956698
528.000000	-0.954352
565.000000	-0.768794
567.000000	-1.409880
574.000000	-1.356008
617.000000	-1.647177
629.000000	-0.509591
632.000000	-0.557958
637.000000	-0.549039
680.000000	-1.142201
698.000000	-0.770800
747.000000	0.798627
777.000000	-0.057514
786.000000	1.284227
787.000000	2.151899
800.000000	3.004853
813.000000	2.191826
831.000000	2.369135
894.000000	1.316757
909.000000	2.347840
912.000000	2.247300
927.000000	2.173259
978.000000	1.831002
987.000000	1.332699
995.000000	1.590820
1004.000000	1.502759
1005.000000	2.092178
1006.000000	2.017554
1014.000000	2.293936
1021.000000	2.391913
1062.000000	1.966198
1063.000000	2.020029
1082.000000	2.241791
1085.000000	2.957649
1117.000000	2.174092
1123.000000	1.396853
1133.000000	0.330756
1149.000000	1.064596
1181.000000	0.298983
1194.000000	1.271709
1196.000000	0.277718
1197.000000	0.279144
1205.000000	0.316207
1225.000000	0.281688
1252.000000	0.282514
1285.000000	1.200252
1305.000000	1.199091
1320.000000	0.392767
1352.000000	-0.497070
1396.000000	0.299566
1405.000000	0.206304
1416.000000	0.115051
1447.000000	0.013382
1449.000000	-0.015066
1450.000000	-0.857871
1472.000000	1.675134
1477.000000	2.569201
1503.000000	2.297663
1530.000000	1.946960
1557.000000	2.270842
1560.000000	1.384335
1574.000000	1.824658
1578.000000	1.000752
1602.000000	0.748879
1603.000000	0.694672
1646.000000	0.849096
1651.000000	-0.079899
1663.000000	1.250724
1679.000000	1.898132
1691.000000	1.239752
1705.000000	0.656995
1716.000000	0.385781
1717.000000	0.244116
1726.000000	-0.438637
1743.000000	-1.078742
1787.000000	-1.066421
1833.000000	-2.826557
1835.000000	-3.650828
1841.000000	-2.445806
1842.000000	-1.734044
1855.000000	-2.437224
1873.000000	-1.651061
1879.000000	-1.500078
1890.000000	-1.603733
1901.000000	-0.885655
1902.000000	-0.941123
1931.000000	-0.806118
1943.000000	-1.465483
1953.000000	-1.158218
1956.000000	-2.000594
1980.000000	-2.058615
1982.000000	-2.623361
2001.000000	-1.783914
2002.000000	-1.015775
2011.000000	-0.861215
2012.000000	-0.837430
2037.000000	0.591690
2055.000000	-0.498716
2058.000000	-0.589231
2099.000000	-1.517677
2120.000000	-2.549470
2134.000000	-1.746331
2189.000000	-2.719261
2203.000000	-3.234526
2222.000000	-3.284381
2228.000000	-3.789518
2244.000000	-4.081233
2245.000000	-4.110316
2261.000000	-4.048837
2289.000000	-3.627661
2338.000000	-3.949079
2348.000000	-3.686477
2376.000000	-3.616344
2391.000000	-3.722875
2418.000000	-4.408063
2419.000000	-3.619208
2441.000000	-2.976208
2457.000000	-3.601507
2472.000000	-2.053877
2492.000000	-1.855496
2509.000000	-2.280901
2536.000000	-1.791422
2563.000000	-1.952282
2578.000000	-1.874518
2587.000000	-1.715431
2606.000000	-1.854548
2611.000000	-1.772438
2614.000000	-2.021810
2648.000000	-1.121296
2658.000000	-1.336489
2662.000000	-2.429135
2700.000000	-1.949834
2774.000000	-2.023077
2797.000000	-1.357711
2798.000000	-1.914868
2800.000000	-2.118832
2839.000000	-2.560332
2860.000000	-3.445554
2872.000000	-3.001672
2884.000000	-3.610703
2899.000000	-3.754118
2925.000000	-3.684154
2926.000000	-3.012013
2939.000000	-3.727863
2961.000000	-3.031650
2988.000000	-2.980668
3001.000000	-3.464925
3034.000000	-2.407653
3071.000000	-2.384441
3075.000000	-2.063340
3099.000000	-1.682217
3119.000000	-1.229027
3156.000000	-1.159900
3179.000000	-0.897154
3180.000000	-1.636639
3194.000000	-0.267031
3195.000000	-0.426135
3224.000000	-1.430181
3236.000000	-0.538740
3262.000000	-0.562758
3277.000000	0.378390
3284.000000	-0.458412
3292.000000	-0.603651
3343.000000	-1.273155
3352.000000	1.003280
3413.000000	2.233859
3463.000000	2.618997
3474.000000	3.171212
3479.000000	3.220299
3497.000000	2.717803
3610.000000	2.146037
3620.000000	2.059141
3647.000000	1.731596
3649.000000	2.614847
3658.000000	2.767736
3660.000000	2.665236
3725.000000	1.747794
3744.000000	3.775948
3748.000000	3.286289
3751.000000	2.043252
3766.000000	1.704126
3832.000000	1.234947
3855.000000	0.959403
3866.000000	1.329523
3907.000000	0.880836
3918.000000	-0.379322
3944.000000	-0.493617
3950.000000	-1.936153
4007.000000	-1.683830
4023.000000	-2.077017
4040.000000	-2.663201
4045.000000	-2.134678
4064.000000	-1.677643
4095.000000	-1.940977
4100.000000	-2.253377
4144.000000	-1.760158
4146.000000	-1.752221
4161.000000	-1.386605
4189.000000	-0.221235
4212.000000	0.555517
4213.000000	1.276344
4232.000000	1.286935
4240.000000	1.559548
4246.000000	0.621899
4286.000000	1.168484
4291.000000	0.401173
4313.000000	-0.199447
4342.000000	-1.001264
4384.000000	-0.145550
4398.000000	0.043894
4407.000000	-0.672525
4414.000000	0.120075
4418.000000	-1.024844
4494.000000	-1.661694
4529.000000	-1.324062
4565.000000	-1.495615
4568.000000	-2.090226
4582.000000	-1.689563
4587.000000	-2.235618
4598.000000	-3.445238
4606.000000	-4.607146
4618.000000	-4.902732
4638.000000	-5.695430
4654.000000	-5.957944
4659.000000	-3.930758
4673.000000	-4.074293
4681.000000	-2.970939
4701.000000	-3.233035
4705.000000	-3.014144
4707.000000	-2.921578
4715.000000	-3.122308
4724.000000	-3.015752
4745.000000	-2.791921
4750.000000	-3.112943
4756.000000	-3.139914
4773.000000	-1.951806
4791.000000	-1.149907
4835.000000	-0.604028
4842.000000	-1.313123
4846.000000	-0.598172
4865.000000	0.031897
4868.000000	0.978928
4871.000000	0.971302
4882.000000	1.103765
4885.000000	1.110213
4976.000000	0.106634
5006.000000	0.145696
5039.000000	0.192289
5041.000000	1.427023
5067.000000	1.157107
5088.000000	0.402466
5129.000000	0.311813
5154.000000	0.542168
5156.000000	2.007949
5165.000000	3.833607
5177.000000	3.461831
5189.000000	2.373889
5219.000000	2.109862
5220.000000	0.377153
5221.000000	1.064013
5237.000000	-0.848109
5242.000000	-0.398666
5263.000000	-1.389788
5268.000000	-0.330144
5275.000000	-0.755580
5276.000000	-0.288041
5290.000000	0.067869
5308.000000	-0.223186
5341.000000	-0.758573
5354.000000	-1.907397
5361.000000	-1.065842
5392.000000	-0.125319
5403.000000	-0.179630
5422.000000	-0.371354
5434.000000	-1.119878
5444.000000	-0.519807
5492.000000	-0.628822
5516.000000	-0.058222
5520.000000	0.050447
5533.000000	-0.580828
5541.000000	-0.615132
5545.000000	0.293088
5558.000000	-0.630873
5627.000000	0.430658
5630.000000	-0.218786
5634.000000	-0.059626
5653.000000	1.211514
5657.000000	0.897453
5670.000000	-0.120534
5714.000000	0.939554
5754.000000	1.127346
5758.000000	0.171213
5764.000000	-0.673783
5798.000000	-0.659488
5799.000000	-0.606622
5800.000000	-0.595468
5801.000000	-1.331074
5812.000000	-0.449287
5816.000000	-0.453445
5824.000000	-0.449112
5840.000000	0.029286
5865.000000	-1.140960
5944.000000	-2.056699
5948.000000	-2.926929
5975.000000	-3.611296
5982.000000	-3.900484
6002.000000	-3.851665
6013.000000	-4.738335
6058.000000	-4.733567
6068.000000	-4.604034
6077.000000	-5.587330
6115.000000	-5.631605
6120.000000	-5.810604
6140.000000	-4.984731
6146.000000	-4.985893
6151.000000	-4.985986
6179.000000	-4.827731
6180.000000	-4.732435
6189.000000	-4.703696
6214.000000	-3.918275
6223.000000	-4.117110
6230.000000	-4.134001
6240.000000	-3.993700
6242.000000	-4.115053
6272.000000	-3.670633
6324.000000	-3.410585
6328.000000	-3.442635
6333.000000	-2.257334
6335.000000	-2.311847
6338.000000	-1.180135
6343.000000	-0.752957
6347.000000	-1.069659
6379.000000	-1.556943
6383.000000	-1.176955
6396.000000	-1.268499
6415.000000	-0.950333
6425.000000	-0.417849
6446.000000	-0.477304
6453.000000	-0.243147
6465.000000	-0.861972
6469.000000	-1.364851
6480.000000	-2.013537
6483.000000	-1.305662
6496.000000	-1.352526
6504.000000	-0.243068
6519.000000	0.312052
6551.000000	0.305881
6623.000000	0.540645
6650.000000	0.682043
6651.000000	1.553312
6657.000000	1.021353
6748.000000	0.932085
6759.000000	1.129936
6763.000000	1.115831
6791.000000	1.071852
6807.000000	1.430294
6809.000000	0.462147
6823.000000	0.920202
6839.000000	0.773979
6858.000000	0.828111
6859.000000	0.956004
6863.000000	0.878306
6868.000000	1.754168
6872.000000	1.671238
6881.000000	2.562513
6912.000000	2.358926
6963.000000	2.532399
6970.000000	2.438968
7006.000000	2.758365
7044.000000	2.084588
7053.000000	1.322158
7056.000000	0.441900
7081.000000	1.644685
7104.000000	1.467456
7122.000000	2.186622
7129.000000	3.482429
7158.000000	3.218695
7159.000000	3.521752
7171.000000	3.236591
7190.000000	3.030727
7191.000000	3.202365
7215.000000	2.715417
7221.000000	3.207501
7223.000000	3.881447
7255.000000	3.425283
7264.000000	2.427590
7292.000000	0.509100
7323.000000	0.641454
7328.000000	0.113841
7334.000000	0.227885
7340.000000	0.476782
7341.000000	1.326570
7396.000000	1.784474
7407.000000	1.115225
7416.000000	1.893983
7453.000000	1.032582
7457.000000	1.428543
7468.000000	0.295578
7471.000000	-0.191104
7482.000000	-0.942196
7486.000000	-0.384299
7521.000000	-0.239047
7535.000000	-1.375210
7571.000000	-0.079075
7574.000000	-0.059258
7577.000000	0.412201
7620.000000	0.611581
7646.000000	0.889659
7659.000000	0.956305
7675.000000	1.887843
7682.000000	1.195918
7690.000000	1.738137
7733.000000	0.824646
7741.000000	0.845688
7774.000000	0.632703
7807.000000	0.288149
7835.000000	0.173778
7847.000000	-0.815688
7870.000000	-1.044874
7875.000000	-0.816527
7877.000000	-0.725301
7879.000000	-0.696147
7904.000000	-0.811150
7913.000000	-0.919800
7919.000000	-0.866523
7933.000000	-1.706991
7940.000000	-1.627687
7943.000000	-0.886206
7976.000000	-1.533248
8008.000000	-1.799950
8010.000000	-2.398077
8071.000000	-2.751413
8094.000000	-3.532499
8116.000000	-2.352843
8141.000000	-1.935412
8184.000000	-2.997060
8224.000000	-3.225175
8307.000000	-1.993796
8348.000000	-3.907651
8350.000000	-3.615612
8355.000000	-3.652879
8358.000000	-2.500943
8377.000000	-1.852649
8423.000000	-2.892157
8426.000000	-2.790344
8442.000000	-0.667002
8446.000000	-0.554923
8461.000000	-1.794032
8464.000000	-1.649462
8471.000000	-2.122230
8495.000000	-1.827750
8509.000000	-2.023005
8522.000000	-1.440797
8564.000000	-1.834297
8566.000000	-3.087997
8567.000000	-2.239245
8575.000000	-2.350721
8593.000000	-1.625158
8594.000000	-1.559545
8603.000000	-1.655356
8611.000000	-0.431378
8612.000000	0.344239
8621.000000	0.086153
8624.000000	-0.103256
8644.000000	-0.224037
8665.000000	-1.397195
8696.000000	-2.285428
8701.000000	-2.018088
8705.000000	-1.341941
8731.000000	-1.709783
8738.000000	-1.352019
8748.000000	-2.606941
8752.000000	-2.614621
8764.000000	-2.275708
8823.000000	-1.658990
8828.000000	-1.801203
8836.000000	-1.777364
8840.000000	-2.200457
8874.000000	-3.159255
8888.000000	-2.853055
8924.000000	-2.843354
8935.000000	-3.638946
8955.000000	-3.428029
8957.000000	-3.099705
8969.000000	-3.279502
9033.000000	-2.668453
9049.000000	-2.071254
9051.000000	-1.913966
9075.000000	-0.451108
9104.000000	-0.904596
9130.000000	-0.526361
9147.000000	-0.155114
9151.000000	0.228055
9153.000000	0.292331
9169.000000	-0.199771
9179.000000	0.920942
9213.000000	0.672750
9244.000000	1.145679
9259.000000	1.061115
9273.000000	1.874087
9288.000000	2.787242
9290.000000	2.807365
9304.000000	2.284756
9314.000000	1.556856
9322.000000	0.832275
9362.000000	0.737427
9376.000000	0.599906
9403.000000	0.051544
9426.000000	0.088884
9442.000000	0.185631
9445.000000	-0.373233
9458.000000	0.190139
9468.000000	0.195316
9479.000000	0.030593
9481.000000	0.820407
9487.000000	1.056541
9496.000000	0.034470
9502.000000	0.101160
9524.000000	0.131580
9535.000000	0.297061
9536.000000	-0.715112
9542.000000	-1.683902
9567.000000	-1.155450
9603.000000	-0.392589
9614.000000	-0.402615
9643.000000	-0.644487
9688.000000	-0.819506
9719.000000	-0.484617
9729.000000	-0.825507
9734.000000	-1.022342
9742.000000	-0.905254
9754.000000	-2.191881
9756.000000	-3.045919
9763.000000	-2.813107
9777.000000	-2.427945
9778.000000	-2.470874
9785.000000	-2.872578
9817.000000	-1.655626
9831.000000	-1.523239
9833.000000	-1.995994
9843.000000	-1.269308
9845.000000	-0.411402
9871.000000	0.173503
9874.000000	0.052755
9878.000000	-0.401204
9898.000000	-1.079369
9909.000000	-0.145778
9927.000000	0.696820
9980.000000	0.489516
10007.000000	-0.695116
10031.000000	-0.415473
10088.000000	-0.259122
10128.000000	1.179406
10129.000000	1.131438
10185.000000	-0.180550
10215.000000	-0.484379
10230.000000	-0.510936
10234.000000	-1.063159
10235.000000	-1.176672
10245.000000	-1.668493
10259.000000	-1.600453
10267.000000	-2.580313
10282.000000	-3.370177
10310.000000	-3.785196
10319.000000	-3.721959
10326.000000	-3.777630
10370.000000	-4.034021
10373.000000	-4.947786
10377.000000	-4.634366
10384.000000	-4.532553
10428.000000	-3.418941
10448.000000	-3.017967
10501.000000	-3.449008
10511.000000	-4.351517
10522.000000	-3.997940
10545.000000	-3.326757
10569.000000	-2.970099
10574.000000	-3.361188
10578.000000	-3.069533
10593.000000	-2.257199
10621.000000	-1.609771
10653.000000	-1.912548
10655.000000	-2.153541
10678.000000	-1.594030
10680.000000	-2.976408
10695.000000	-3.326051
10785.000000	-2.649517
10827.000000	-2.818975
10833.000000	-1.839996
10839.000000	-1.255002
10846.000000	-0.861938
10851.000000	-2.155895
10874.000000	-0.622917
10909.000000	-1.555952
10914.000000	-0.441958
10932.000000	-0.029055
10955.000000	-0.942099
10973.000000	-0.977546
11006.000000	-1.287425
11008.000000	-1.269332
11010.000000	-1.800286
11027.000000	-0.698242
11062.000000	-0.677365
11095.000000	-1.127046
11098.000000	-1.174185
11114.000000	-1.162746
11160.000000	-0.990060
11203.000000	-0.995562
11267.000000	-0.997967
11281.000000	-1.216905
11291.000000	-2.075150
11305.000000	-2.282532
11306.000000	-2.238853
11334.000000	-3.423897
11354.000000	-2.603352
11364.000000	-3.523403
11369.000000	-3.697017
11405.000000	-2.637196
11427.000000	-3.970887
11436.000000	-3.547380
11449.000000	-4.104808
11462.000000	-2.460073
11480.000000	-3.578861
11528.000000	-3.965572
11533.000000	-3.625074
11552.000000	-3.958680
11591.000000	-3.143622
11627.000000	-2.802606
11652.000000	-3.383915
11682.000000	-3.409282
11685.000000	-3.254119
11713.000000	-3.240296
11719.000000	-3.233546
11770.000000	-3.236958
11782.000000	-2.122440
11800.000000	-2.300903
11809.000000	-1.821058
11830.000000	-1.964776
11852.000000	-2.133912
11879.000000	-2.251471
11881.000000	-1.299314
11890.000000	-1.273022
11923.000000	-2.410595
11927.000000	-2.236694
11949.000000	-2.298155
11972.000000	-2.405553
11988.000000	-2.236364
12034.000000	-2.467454
12103.000000	-3.320733
12169.000000	-2.570446
12178.000000	-1.680763
12192.000000	-1.659528
12193.000000	-1.517935
12209.000000	-1.460381
12219.000000	-1.430840
12284.000000	-1.741036
12289.000000	-2.138990
12312.000000	-2.487574
12335.000000	-2.473033
12349.000000	-2.930582
12361.000000	-2.890879
12366.000000	-2.862203
12397.000000	-2.854863
12408.000000	-2.474831
12420.000000	-2.972380
12434.000000	-2.402142
12444.000000	-2.755122
12459.000000	-1.429245
12467.000000	-1.582621
12474.000000	-1.655435
12476.000000	-2.667242
12495.000000	-3.218888
12499.000000	-3.306598
12531.000000	-2.697984
12565.000000	-3.470330
12569.000000	-3.265378
12592.000000	-3.935594
12597.000000	-3.536787
12602.000000	-3.181793
12609.000000	-2.516913
12612.000000	-2.861325
12642.000000	-3.650029
12689.000000	-4.991352
12699.000000	-3.254729
12760.000000	-3.546525
12770.000000	-3.295505
12831.000000	-3.291326
12834.000000	-3.378045
12858.000000	-4.217320
12859.000000	-3.179573
12864.000000	-2.378754
12887.000000	-2.023403
12906.000000	-1.934307
12909.000000	-2.205625
12910.000000	-2.158703
12923.000000	-0.954682
12959.000000	-1.136237
12960.000000	-1.027784
12981.000000	-1.134203
13016.000000	-0.548533
13058.000000	-0.754878
13060.000000	-0.752136
13071.000000	-0.663181
13085.000000	-1.017470
13125.000000	-1.382912
13182.000000	-0.383044
13185.000000	-0.319053
13195.000000	-0.540478
13211.000000	-0.847113
13225.000000	-0.508423
13235.000000	-1.547796
13245.000000	-2.122586
13249.000000	-2.761527
13257.000000	-2.099560
13279.000000	-1.867120
13353.000000	-1.349920
13370.000000	-2.744026
13374.000000	-2.877304
13395.000000	-2.244595
13396.000000	-2.921146
13442.000000	-3.528433
13469.000000	-3.638764
13479.000000	-1.123330
13511.000000	-2.240293
13561.000000	-2.493348
13591.000000	-3.167424
13647.000000	-3.090271
13661.000000	-3.418917
13664.000000	-2.946786
13675.000000	-2.011365
13682.000000	-2.025081
13716.000000	-1.631387
13722.000000	-1.646030
13732.000000	-1.532342
13798.000000	-1.193705
13808.000000	-1.855899
13813.000000	-1.719364
13873.000000	-1.233911
13893.000000	-1.669256
13916.000000	-1.713563
13932.000000	-1.611007
13936.000000	-1.667230
13973.000000	-0.699114
14000.000000	-0.774604
14011.000000	-1.864242
14083.000000	-1.960303
14113.000000	-2.533321
14120.000000	-2.439607
14127.000000	-2.894621
14141.000000	-3.761061
14166.000000	-3.156897
14169.000000	-3.590140
14171.000000	-3.155488
14182.000000	-3.135388
14226.000000	-3.335357
14252.000000	-2.930248
14265.000000	-3.905368
14268.000000	-3.778484
14279.000000	-3.206026
14283.000000	-3.337751
14407.000000	-3.358574
14429.000000	-2.468185
14435.000000	-2.351663
14459.000000	-2.227861
14518.000000	-2.260154
14524.000000	-2.451788
14537.000000	-2.199309
14538.000000	-1.338157
14543.000000	-1.459455
14545.000000	-1.636244
14560.000000	-1.481640
14571.000000	-1.528343
14584.000000	-1.477033
14598.000000	-0.979125
14613.000000	-0.563856
14674.000000	0.581535
14710.000000	-0.496261
14749.000000	-0.238043
14796.000000	-0.470563
14839.000000	-0.611438
14840.000000	-0.577196
14854.000000	-0.388711
14885.000000	-1.849670
14893.000000	-0.358148
14895.000000	-0.450915
14910.000000	-1.522886
14932.000000	-1.165377
14953.000000	-2.046182
14965.000000	-1.688195
14974.000000	-1.435083
14998.000000	-2.210263
15001.000000	-1.562809
15013.000000	-1.872894
15061.000000	-1.397872
15070.000000	-2.701888
15086.000000	-3.076632
15140.000000	-4.676102
15149.000000	-4.278064
15158.000000	-4.212778
15215.000000	-4.355097
15220.000000	-4.556089
15221.000000	-4.488101
15251.000000	-3.824629
15262.000000	-2.746399
15268.000000	-3.621021
15289.000000	-3.577735
15315.000000	-3.330440
15320.000000	-3.635730
15328.000000	-3.220107
15334.000000	-3.338151
15340.000000	-3.294329
15344.000000	-3.420194
15365.000000	-3.516871
15373.000000	-3.280851
15392.000000	-3.990886
15398.000000	-4.116655
15437.000000	-3.709839
15457.000000	-3.295821
15461.000000	-3.262272
15493.000000	-3.731521
15525.000000	-1.873184
15532.000000	-2.752497
15559.000000	-2.452604
15562.000000	-2.309824
15573.000000	-2.724807
15581.000000	-3.706329
15583.000000	-3.723115
15677.000000	-4.309606
15681.000000	-4.301670
15694.000000	-3.624095
15720.000000	-3.567640
15740.000000	-3.775479
15742.000000	-3.418476
15764.000000	-3.453790
15788.000000	-3.110083
15792.000000	-2.427002
15806.000000	-1.296994
15837.000000	-2.345463
15853.000000	-2.296643
15863.000000	-0.868243
15869.000000	-0.984546
15915.000000	-1.658930
15945.000000	-0.652025
15955.000000	-0.816379
15972.000000	-1.200290
15973.000000	-1.283407
15986.000000	-1.052453
15996.000000	-0.692221
16003.000000	0.344436
16046.000000	0.200227
16050.000000	-0.174817
16100.000000	0.336717
16102.000000	0.459857
16125.000000	-0.110354
16228.000000	0.690645
16233.000000	-0.746055
16250.000000	-0.737584
16303.000000	-1.773402
16310.000000	-1.119362
16333.000000	-1.858778
16336.000000	-2.153504
16356.000000	-1.912372
16389.000000	-1.567018
16397.000000	-1.272462
16398.000000	-1.305600
16412.000000	-2.373288
16420.000000	-1.148383
16487.000000	-1.081028
16495.000000	-3.021329
16514.000000	-1.038916
16564.000000	-1.640828
16590.000000	-1.456412
16644.000000	-2.587034
16647.000000	-2.972187
16652.000000	-2.895160
16683.000000	-3.208074
16690.000000	-3.483605
16696.000000	-3.366162
16698.000000	-3.564438
16699.000000	-3.336817
16707.000000	-3.203715
16715.000000	-3.978840
16722.000000	-4.322630
16734.000000	-5.117879
16753.000000	-5.345032
16769.000000	-5.058223
16779.000000	-4.710167
16780.000000	-5.526412
16839.000000	-4.407305
16840.000000	-3.766534
16857.000000	-4.703656
16873.000000	-4.512874
16913.000000	-3.612091
16920.000000	-3.147373
16938.000000	-2.874498
16955.000000	-2.126608
16960.000000	-2.195036
16970.000000	-1.276396
16982.000000	-1.422704
16985.000000	-1.262085
16990.000000	-0.404223
17028.000000	-0.323530
17031.000000	-0.205316
17065.000000	-0.223027
17078.000000	0.203687
17084.000000	0.093503
17112.000000	-0.204009
17121.000000	-0.673419
17134.000000	-0.916300
17151.000000	-2.056663
17196.000000	-1.760168
17203.000000	-0.912205
17212.000000	-1.006659
17222.000000	-1.965075
17268.000000	-2.518416
17296.000000	-2.368698
17341.000000	-3.207208
17352.000000	-3.371813
17354.000000	-4.229973
17400.000000	-3.829405
17414.000000	-3.903447
17421.000000	-4.479784
17430.000000	-4.121944
17440.000000	-4.571345
17443.000000	-4.704512
17494.000000	-3.594768
17502.000000	-3.620440
17509.000000	-3.295278
17595.000000	-3.004205
17610.000000	-3.107500
17613.000000	-2.515304
17638.000000	-3.609537
17658.000000	-4.139914
17668.000000	-4.092863
17687.000000	-4.403572
17688.000000	-4.077213
17695.000000	-3.724506
17700.000000	-3.634175
17724.000000	-2.924296
17725.000000	-2.817975
17726.000000	-3.584191
17756.000000	-3.313206
17767.000000	-4.185926
17799.000000	-3.966184
17814.000000	-4.024545
17815.000000	-4.189322
17866.000000	-4.845398
17892.000000	-4.646310
17918.000000	-4.592058
17926.000000	-3.943711
17929.000000	-3.135893
17952.000000	-2.918208
17954.000000	-2.795256
17993.000000	-3.983502
18019.000000	-4.653873
18086.000000	-4.272474
18088.000000	-3.448592
18105.000000	-2.501607
18110.000000	-1.729622
18116.000000	-2.632004
18138.000000	-2.287345
18150.000000	-2.422498
18154.000000	-2.368454
18189.000000	-1.333645
18194.000000	-1.415377
18195.000000	-1.180537
18197.000000	0.152527
18202.000000	0.144392
18218.000000	-0.301773
18224.000000	0.024458
18241.000000	-0.022424
18250.000000	-1.512065
18258.000000	-1.360875
18276.000000	-0.436506
18287.000000	-0.232034
18297.000000	0.352306
18362.000000	0.570772
18450.000000	-0.109682
18491.000000	-0.141953
18532.000000	-0.385102
18562.000000	-1.676857
18573.000000	-0.338681
18579.000000	0.257134
18585.000000	0.368929
18601.000000	-0.490511
18615.000000	-1.276373
18617.000000	-1.071809
18656.000000	-1.714781
18722.000000	-1.676570
18791.000000	-1.124663
18794.000000	-1.127022
18803.000000	-1.342732
18813.000000	-0.753034
18852.000000	-1.310840
18855.000000	-1.496379
18877.000000	-1.700509
18907.000000	-2.224790
18958.000000	-2.902598
18975.000000	-3.275973
19015.000000	-4.183860
19031.000000	-3.484314
19062.000000	-2.685435
19072.000000	-2.880788
19105.000000	-2.519619
19110.000000	-2.699958
19132.000000	-3.013193
19134.000000	-2.673993
19136.000000	-1.444225
19146.000000	-1.853240
19148.000000	-2.697181
19184.000000	-1.820584
19203.000000	-1.318760
19209.000000	-1.821680
19239.000000	-2.163618
19241.000000	-2.383904
19290.000000	-1.495636
19297.000000	-0.564730
19322.000000	-0.613378
19331.000000	0.402070
19341.000000	0.527033
19377.000000	0.775222
19419.000000	0.021234
19422.000000	-0.113210
19468.000000	-1.059046
19475.000000	-0.769512
19490.000000	-0.834229
19494.000000	-0.990353
19534.000000	-0.176027
19541.000000	-0.997251
19554.000000	0.438336
19580.000000	0.392912
19600.000000	-0.143191
19603.000000	-0.594256
19615.000000	-0.196085
19631.000000	-0.153433
19637.000000	0.436145
19644.000000	-0.826462
19645.000000	-1.599651
19651.000000	-1.035215
19675.000000	-2.049985
19703.000000	-2.723912
19714.000000	-1.270868
19728.000000	-1.313072
19747.000000	-3.033228
19762.000000	-1.871229
19780.000000	-1.147440
19808.000000	-0.880797
19828.000000	-1.186093
19864.000000	-1.807668
19878.000000	-1.456027
19899.000000	-2.053206
19906.000000	-2.410795
19954.000000	-2.905600
19959.000000	-2.460716
19966.000000	-1.886741
19975.000000	-1.983391
19980.000000	-2.233205
19991.000000	-0.115523
19992.000000	0.726860
20012.000000	-0.541168
20054.000000	0.316395
20055.000000	1.574255
20106.000000	2.894047
20112.000000	1.422796
20136.000000	1.594500
20195.000000	0.962198
20212.000000	0.251530
20249.000000	-0.993580
20279.000000	-1.078526
20317.000000	-1.149435
20330.000000	-0.067066
20331.000000	-0.812124
20337.000000	0.809709
20372.000000	0.721830
20388.000000	1.151694
20398.000000	2.146474
20513.000000	1.635550
20530.000000	2.397783
20552.000000	3.615320
20575.000000	3.413703
20588.000000	4.235532
20592.000000	3.344222
20595.000000	4.992488
20609.000000	2.774446
20623.000000	2.204303
20631.000000	3.317538
20661.000000	1.681198
20672.000000	4.417333
20678.000000	4.127146
20691.000000	3.436844
20712.000000	4.083650
20713.000000	3.651557
20760.000000	2.655996
20795.000000	-0.817081
20799.000000	-1.561745
20811.000000	-3.208230
20823.000000	-1.874264
20829.000000	-1.931191
20836.000000	-2.725343
20853.000000	-3.167187
20880.000000	-2.614942
20885.000000	-3.486160
20902.000000	-3.752812
20904.000000	-4.265228
20934.000000	-3.719406
20962.000000	-4.528005
20963.000000	-4.765799
20982.000000	-4.724930
21055.000000	-5.324025
21056.000000	-5.546083
21063.000000	-5.429207
21082.000000	-4.724188
21085.000000	-3.586987
21087.000000	-3.578868
21116.000000	-4.170288
21121.000000	-3.356194
21147.000000	-2.993920
21159.000000	-2.492638
21196.000000	-2.789228
21208.000000	-2.444275
21215.000000	-1.912724
21241.000000	-2.448149
21275.000000	-2.540770
21293.000000	-2.671778
21329.000000	-2.137106
21338.000000	-0.363535
21342.000000	-0.648443
21395.000000	-1.533247
21396.000000	-1.156294
21407.000000	0.070016
21410.000000	-0.395650
21451.000000	-2.088038
21456.000000	-3.138929
21521.000000	-3.297611
21584.000000	-4.361178
21590.000000	-4.259565
21606.000000	-4.095832
21677.000000	-4.465631
21678.000000	-4.235881
21700.000000	-4.861815
21734.000000	-4.836167
21746.000000	-5.102125
21769.000000	-3.954073
21774.000000	-3.664328
21807.000000	-4.110876
21846.000000	-3.875093
21856.000000	-4.967223
21894.000000	-4.825589
21896.000000	-4.924885
21908.000000	-5.906939
21910.000000	-4.680046
21942.000000	-5.023110
21973.000000	-4.476363
21983.000000	-4.705687
21998.000000	-4.424529
22040.000000	-5.068705
22044.000000	-4.269051
22058.000000	-4.954199
22069.000000	-4.365970
22109.000000	-5.553725
22113.000000	-5.552053
22145.000000	-5.074332
22165.000000	-5.227897
22203.000000	-5.911048
22224.000000	-5.333477
22252.000000	-4.980414
22271.000000	-5.091281
22278.000000	-5.841231
22284.000000	-5.770057
22299.000000	-5.359666
22307.000000	-5.570986
22316.000000	-6.389015
22318.000000	-6.376808
22328.000000	-6.994337
22333.000000	-5.166179
22367.000000	-4.413335
22368.000000	-4.820455
22387.000000	-5.419598
22422.000000	-4.671277
22467.000000	-1.437901
22471.000000	0.926745
22479.000000	2.561856
22487.000000	1.753078
22553.000000	3.466183
22559.000000	4.895598
22564.000000	6.252942
22614.000000	3.353900
22645.000000	8.739943
22659.000000	13.193178
22673.000000	12.365987
22677.000000	15.095615
22678.000000	15.369685
22718.000000	17.185939
22749.000000	11.479791
22760.000000	16.837405
22775.000000	16.181101
22780.000000	18.950725
22783.000000	17.503607
22795.000000	21.249151
22814.000000	18.078100
22826.000000	20.035569
22833.000000	19.629269
22851.000000	12.458056
22856.000000	13.132964
22871.000000	11.848260
22906.000000	17.013512
22928.000000	15.107001
22945.000000	17.397794
22974.000000	11.292916
22976.000000	3.933768
22990.000000	4.775203
23005.000000	0.288588
23019.000000	-0.470696
23027.000000	-0.520767
23028.000000	-0.583687
23049.000000	-5.224891
23064.000000	-4.550662
23074.000000	-4.549141
23079.000000	-3.819023
23090.000000	-3.888801
23118.000000	-3.987354
23172.000000	-4.372005
23186.000000	-3.779921
23190.000000	-3.400434
23203.000000	-4.573661
23242.000000	-4.015912
23292.000000	-4.049126
23295.000000	-3.886175
23314.000000	-3.420884
23323.000000	-3.742615
23326.000000	-3.811504
23344.000000	-3.659487
23358.000000	-3.838263
23361.000000	-4.340519
23387.000000	-4.795464
23443.000000	-5.090684
23459.000000	-4.257357
23503.000000	-5.254323
23510.000000	-5.183149
23530.000000	-5.816437
23546.000000	-5.402304
23550.000000	-5.465552
23556.000000	-6.034665
23557.000000	-5.661758
23566.000000	-4.882875
23567.000000	-4.935049
23575.000000	-6.039855
23598.000000	-4.989513
23630.000000	-5.083988
23653.000000	-5.173671
23654.000000	-5.485543
23678.000000	-2.556225
23691.000000	-1.152502
23725.000000	2.856064
23740.000000	2.045600
23763.000000	-1.323631
23787.000000	3.900701
23809.000000	4.525991
23847.000000	5.760399
23873.000000	7.268725
23885.000000	7.716404
23888.000000	10.431552
23899.000000	4.620524
23903.000000	12.978535
23904.000000	8.649164
23919.000000	9.458223
23938.000000	11.485065
23993.000000	11.217456
24038.000000	18.424608
24054.000000	25.745192
24060.000000	25.053251
24084.000000	23.758683
24100.000000	17.769214
24115.000000	18.859280
24168.000000	17.646631
24205.000000	16.902239
24207.000000	21.740820
24272.000000	24.145618
24302.000000	31.757755
24306.000000	38.368858
24314.000000	27.892060
24317.000000	19.960448
24350.000000	19.227115
24357.000000	25.322793
24385.000000	26.749142
24402.000000	30.725463
24414.000000	28.573929
24427.000000	33.027634
24430.000000	38.201448
24460.000000	34.904905
24463.000000	35.221437
24472.000000	35.232354
24476.000000	38.283506
24483.000000	43.504842
24505.000000	50.772095
24515.000000	49.344943
24516.000000	48.866213
24531.000000	46.751313
24537.000000	39.738707
24547.000000	38.347014
24554.000000	31.946616
24577.000000	37.472989
24594.000000	39.835797
24596.000000	39.771846
24603.000000	39.916353
24611.000000	39.604185
24622.000000	40.971317
24634.000000	48.217131
24677.000000	47.900506
24686.000000	48.632410
24714.000000	48.352164
24729.000000	48.903321
24735.000000	54.839593
24745.000000	60.033903
24767.000000	61.025381
24782.000000	57.094714
24806.000000	63.661051
24818.000000	68.885198
24822.000000	72.601933
24824.000000	80.130646
24831.000000	81.351651
24833.000000	86.867465
24836.000000	89.526343
24843.000000	95.585819
24853.000000	101.963562
24861.000000	100.142385
24880.000000	94.992999
24924.000000	89.184366
24935.000000	88.251612
24936.000000	83.330244
24941.000000	78.825284
24950.000000	76.229365
24962.000000	76.450476
25019.000000	70.657840
25043.000000	70.672607
25060.000000	65.017803
25063.000000	64.808826
25077.000000	59.149454
25094.000000	58.469605
25196.000000	56.993415
25247.000000	57.464730
25249.000000	51.131512
25258.000000	46.712891
25308.000000	42.167135
25346.000000	41.087170
25355.000000	35.239221
25374.000000	30.161501
25383.000000	28.772630
25398.000000	28.711118
25449.000000	28.213289
25467.000000	26.490362
25485.000000	24.776504
25493.000000	20.935019
25523.000000	16.355551
25528.000000	15.657861
25540.000000	6.881818
25541.000000	6.137700
25543.000000	5.784728
25577.000000	2.031518
25581.000000	-1.722404
25595.000000	-0.858874
25600.000000	-1.205403
25601.000000	-0.987406
25612.000000	-0.614940
25624.000000	-0.676702
25628.000000	-0.692987
25633.000000	-0.537202
25655.000000	-1.365749
25661.000000	-2.148742
25681.000000	-3.224998
25682.000000	-3.233607
25711.000000	-3.445459
25715.000000	-3.296495
25728.000000	-3.170144
25795.000000	-3.364293
25807.000000	-3.600726
25813.000000	-3.574321
25818.000000	-3.826974
25837.000000	-2.983647
25854.000000	-0.934610
25859.000000	-2.552272
25865.000000	-1.883896
25888.000000	-1.837139
25890.000000	-0.837509
25899.000000	-1.918571
25906.000000	-2.428845
25924.000000	-1.416581
25951.000000	-2.544224
25966.000000	-1.452178
25990.000000	-1.769867
26007.000000	-2.340303
26018.000000	-1.811467
26020.000000	-1.602755
26039.000000	-1.673375
26046.000000	-1.719996
26056.000000	-1.962309
26077.000000	-1.699228
26084.000000	-1.551797
26085.000000	-1.644998
26107.000000	-1.024574
26137.000000	-2.585738
26143.000000	-2.732944
26160.000000	-2.044539
26179.000000	-1.996178
26188.000000	-3.073260
26204.000000	-1.282641
26220.000000	-2.319120
26222.000000	-2.223566
26223.000000	-2.068942
26249.000000	-1.981544
26251.000000	-2.217490
26256.000000	-0.574082
26270.000000	-0.204953
26278.000000	0.871928
26288.000000	1.791634
26295.000000	1.270430
26322.000000	1.506743
26343.000000	1.004801
26355.000000	0.793709
26386.000000	1.230851
26398.000000	1.793249
26406.000000	2.141989
26429.000000	2.300455
26433.000000	2.657528
26468.000000	0.939687
26473.000000	0.826629
26501.000000	-0.086906
26523.000000	1.260790
26529.000000	0.769484
26550.000000	1.821961
26568.000000	1.665997
26579.000000	1.001741
26593.000000	0.476880
26669.000000	0.103158
26686.000000	-0.952395
26698.000000	-1.516183
26703.000000	-0.839162
26729.000000	-0.698024
26748.000000	-0.186214
26788.000000	0.267847
26790.000000	1.336106
26808.000000	1.716005
26816.000000	1.093308
26831.000000	2.294512
26833.000000	2.324441
26871.000000	1.956607
26883.000000	2.352147
26884.000000	2.360473
26898.000000	1.199977
26930.000000	1.114390
26949.000000	0.656248
26962.000000	0.282385
27026.000000	0.887878
27027.000000	0.297646
27032.000000	0.358729
27050.000000	0.424994
27073.000000	0.748014
27144.000000	0.040585
27150.000000	-1.219198
27200.000000	-1.397104
27208.000000	-2.536537
27239.000000	-3.402997
27267.000000	-4.323220
27316.000000	-3.162888
27328.000000	-4.322411
27331.000000	-4.686565
27344.000000	-4.397319
27358.000000	-4.315106
27359.000000	-3.648458
27370.000000	-3.039134
27395.000000	-4.324895
27399.000000	-4.474154
27402.000000	-3.565739
27405.000000	-2.421717
27413.000000	-3.527347
27438.000000	-1.661147
27456.000000	-2.368724
27481.000000	-2.312052
27503.000000	-1.682019
27548.000000	4.458929
27561.000000	6.338759
27572.000000	11.137359
27586.000000	12.565625
27630.000000	12.070968
27669.000000	15.409176
27678.000000	15.272376
27696.000000	17.706397
27743.000000	14.135223
27747.000000	18.099084
27757.000000	21.719737
27791.000000	20.788858
27805.000000	20.983583
27820.000000	20.589245
27850.000000	20.036947
27879.000000	17.716627
27921.000000	16.466476
27929.000000	13.709857
27952.000000	9.530448
27957.000000	4.840485
27977.000000	2.664894
27979.000000	-2.539663
28016.000000	-3.407965
28020.000000	-3.454467
28026.000000	-3.235998
28038.000000	-2.750632
28077.000000	-2.512062
28081.000000	-0.317363
28127.000000	-4.954690
28132.000000	-5.375422
28138.000000	-5.274472
28155.000000	-6.183298
28165.000000	-5.663491
28169.000000	-4.495084
28170.000000	-4.731098
28185.000000	-4.398727
28208.000000	-5.511413
28215.000000	-6.149343
28272.000000	-5.373644
28274.000000	-6.160485
28316.000000	-5.394891
28355.000000	-4.839265
28370.000000	-4.964554
28383.000000	-4.925400
28385.000000	-4.534535
28394.000000	-4.498910
28408.000000	-4.460569
28416.000000	-3.707937
28424.000000	-3.814475
28490.000000	-3.535006
28498.000000	-3.518253
28515.000000	-3.607003
28532.000000	-3.688752
28558.000000	-3.468206
28562.000000	-4.025691
28568.000000	-3.878861
28569.000000	-4.470678
28576.000000	-4.662617
28582.000000	-3.940747
28602.000000	-5.247449
28621.000000	-5.183406
28682.000000	-3.507293
28707.000000	-3.857200
28730.000000	-4.859993
28742.000000	-4.363963
28760.000000	-4.943671
28773.000000	-4.732784
28777.000000	-5.959659
28780.000000	-5.334942
28804.000000	-3.661393
28830.000000	-3.883597
28831.000000	-3.745695
28840.000000	-4.311505
28845.000000	-1.342158
28854.000000	-1.788363
28857.000000	-1.509070
28875.000000	-1.517275
28887.000000	-3.410619
28888.000000	-2.216957
28908.000000	-2.017106
28912.000000	-2.204939
28932.000000	-1.688876
28965.000000	-1.306154
28971.000000	-1.981932
28976.000000	-2.308054
28979.000000	-2.431309
29025.000000	-2.184597
29059.000000	-1.526336
29060.000000	-1.606690
29065.000000	-1.604758
29073.000000	-1.748589
29075.000000	-1.650727
29113.000000	-1.760090
29131.000000	-2.576672
29136.000000	-2.380287
29149.000000	-2.251353
29163.000000	-3.338686
29173.000000	-2.540981
29195.000000	-2.564842
29198.000000	-3.214193
29214.000000	-2.542759
29219.000000	-1.778802
29258.000000	-0.993684
29274.000000	-1.953158
29276.000000	-1.461176
29287.000000	-1.597168
29323.000000	-1.236815
29342.000000	-0.685377
29354.000000	-0.890208
29357.000000	-0.917325
29368.000000	-0.575777
29395.000000	-0.748264
29398.000000	0.276446
29413.000000	-0.718235
29425.000000	0.343529
29453.000000	1.135867
29467.000000	1.139680
29497.000000	0.613463
29513.000000	2.870831
29515.000000	2.213068
29519.000000	1.360826
29534.000000	1.612455
29545.000000	1.304160
29548.000000	1.624691
29561.000000	2.432016
29567.000000	3.681670
29574.000000	3.688347
29593.000000	3.891578
29598.000000	4.677152
29618.000000	4.241065
29634.000000	10.204698
29641.000000	9.794138
29654.000000	16.748401
29658.000000	15.555141
29659.000000	18.560197
29664.000000	19.723926
29670.000000	18.975617
29681.000000	18.455418
29695.000000	16.241058
29700.000000	15.225827
29703.000000	12.978019
29726.000000	13.194311
29729.000000	22.326167
29731.000000	22.076658
29745.000000	15.993761
29770.000000	15.027458
29773.000000	5.754597
29775.000000	9.941178
29792.000000	2.437433
29794.000000	1.850761
29804.000000	0.646686
29807.000000	-2.019613
29844.000000	-1.993167
29853.000000	-1.063890
29857.000000	-0.786856
29881.000000	-0.233916
29883.000000	2.719464
29892.000000	-0.890108
29896.000000	-2.179961
29898.000000	-2.018787
29900.000000	-2.427580
29915.000000	-2.069987
29920.000000	-1.718429
29930.000000	-1.304944
29931.000000	-1.788397
29941.000000	-1.659675
29968.000000	-2.769408
29981.000000	-2.192049
29987.000000	-1.249901
30005.000000	-0.357092
30019.000000	-1.200904
30031.000000	-1.180801
30041.000000	-2.340231
30048.000000	-2.424085
30061.000000	-2.174733
30069.000000	-1.784857
30072.000000	-3.666105
30076.000000	-3.744308
30103.000000	-2.765954
30141.000000	-3.196090
30175.000000	-3.454270
30203.000000	-1.745434
30207.000000	-1.704206
30244.000000	-2.064409
30281.000000	-2.351187
30305.000000	-1.841341
30309.000000	-1.396577
30322.000000	-0.121475
30342.000000	0.184061
30413.000000	-0.512476
30422.000000	-0.882269
30439.000000	-2.051374
30450.000000	-1.616910
30492.000000	-1.631305
30514.000000	-0.992566
30516.000000	-1.024918
30523.000000	-0.894512
30535.000000	-1.516323
30572.000000	0.238788
30574.000000	0.092809
30590.000000	-0.579155
30603.000000	0.634236
30631.000000	-1.281714
30669.000000	-1.446554
30677.000000	-1.604606
30689.000000	-2.206877
30690.000000	-3.226664
30697.000000	-3.835757
30714.000000	-4.726010
30789.000000	-5.271875
30838.000000	-5.014630
30873.000000	-3.517401
30889.000000	-3.412683
30891.000000	-2.318795
30907.000000	-1.892485
30952.000000	-2.044237
30953.000000	-1.797417
31000.000000	-1.537949
31080.000000	-2.519382
31089.000000	-2.680667
31093.000000	-2.483541
31122.000000	-1.736228
31141.000000	-1.849825
31166.000000	-1.384925
31173.000000	-1.558490
31199.000000	-1.736126
31223.000000	0.184917
31250.000000	-0.804521
31256.000000	-1.116990
31263.000000	-0.465102
31280.000000	-0.871293
31289.000000	0.371860
31326.000000	-0.141131
31337.000000	0.853516
31341.000000	0.462070
31377.000000	-0.383230
31380.000000	-0.008596
31454.000000	-0.895560
31456.000000	0.291786
31460.000000	0.100986
31491.000000	-0.132964
31522.000000	-0.076524
31541.000000	-1.073344
31549.000000	-0.390910
31562.000000	0.178406
31563.000000	0.540974
31566.000000	1.587643
31580.000000	6.823727
31611.000000	9.196988
31624.000000	11.488828
31629.000000	10.889410
31655.000000	11.726853
31661.000000	11.683227
31677.000000	11.158161
31680.000000	9.826113
31713.000000	4.957251
31724.000000	2.565558
31746.000000	2.318499
31771.000000	0.832577
31807.000000	2.900662
31831.000000	6.819246
31860.000000	1.039078
31874.000000	1.441173
31888.000000	-0.741690
31896.000000	0.304151
31902.000000	2.550248
31937.000000	-1.131255
31944.000000	-4.490896
31948.000000	-3.453324
31963.000000	-3.112514
32010.000000	-3.098733
32020.000000	-1.009708
32068.000000	1.627528
32074.000000	1.473879
32098.000000	0.274706
32115.000000	0.927424
32132.000000	-0.725277
32145.000000	0.637700
32160.000000	1.133814
32177.000000	2.135873
32183.000000	-1.616394
32240.000000	-1.558836
32270.000000	-2.253706
32305.000000	-2.092357
32355.000000	-1.162174
32362.000000	-1.267815
32396.000000	-1.429768
32401.000000	-1.288965
32415.000000	-0.706970
32435.000000	-0.436413
32437.000000	-1.360388
32439.000000	-1.242876
32451.000000	-1.215161
32475.000000	-1.341385
32534.000000	-2.084666
32557.000000	-1.803925
32572.000000	-1.844471
32598.000000	-1.444482
32609.000000	-1.664401
32618.000000	-2.770899
32629.000000	-3.522036
32644.000000	-4.329717
32645.000000	-4.394100
32671.000000	-3.679083
32672.000000	-3.781145
32736.000000	-3.922371
32745.000000	-2.523135
32766.000000	-2.586584
32776.000000	-1.733732
32786.000000	-1.532728
32802.000000	-1.642807
32808.000000	-1.533288
32822.000000	-1.425463
32834.000000	-1.492114
32836.000000	-0.692849
32854.000000	0.030825
32884.000000	-0.289824
32886.000000	0.335286
32932.000000	1.320757
32943.000000	2.201614
32952.000000	2.120817
32963.000000	1.869197
32969.000000	2.438931
32970.000000	2.380463
32988.000000	2.468156
33037.000000	2.107048
33060.000000	2.340884
33076.000000	0.669021
33091.000000	1.512310
33098.000000	1.071654
33104.000000	0.475114
33155.000000	0.870709
33163.000000	0.105807
33165.000000	1.000081
33178.000000	-0.328854
33194.000000	-1.253023
33250.000000	-2.533239
33258.000000	-1.500505
33264.000000	-1.306904
33329.000000	-1.378667
33334.000000	-0.521933
33372.000000	-1.600084
33391.000000	-1.729730
33397.000000	-0.943205
33417.000000	-0.096895
33438.000000	-0.827444
33550.000000	-2.420767
33558.000000	-2.916147
33568.000000	0.342435
33570.000000	-1.164961
33614.000000	-1.218645
33619.000000	-0.172751
33623.000000	0.651256
33666.000000	0.220980
33671.000000	-1.217337
33686.000000	-0.786533
33697.000000	-0.776254
33715.000000	-0.666391
33753.000000	-0.251605
33769.000000	-0.639818
33773.000000	-1.546793
33784.000000	-1.683432
33800.000000	-1.573526
33840.000000	-1.670490
33853.000000	-0.332212
33879.000000	-0.800469
33880.000000	-0.935888
33917.000000	-2.024367
33924.000000	0.049331
33999.000000	-1.873066
34015.000000	-1.487870
34023.000000	-2.490421
34044.000000	-1.893432
34052.000000	-1.724231
34062.000000	-1.187946
34069.000000	-2.119175
34082.000000	-0.839140
34130.000000	-0.424001
34142.000000	0.249506
34144.000000	-0.255316
34145.000000	-0.319863
34149.000000	-1.415386
34150.000000	-1.566552
34170.000000	-1.613840
34172.000000	-1.213108
34187.000000	-1.162237
34189.000000	-0.553969
34197.000000	-0.913969
34276.000000	-0.627109
34287.000000	-0.522227
34297.000000	-1.004809
34321.000000	-1.394208
34396.000000	-0.804942
34425.000000	-1.846338
34436.000000	-2.015377
34443.000000	-1.740298
34451.000000	-1.542821
34453.000000	-2.251520
34495.000000	-2.986742
34497.000000	-2.413847
34502.000000	-2.242309
34512.000000	-2.063752
34513.000000	-2.092856
34528.000000	-2.462673
34552.000000	-2.429004
34559.000000	-1.779670
34582.000000	-2.916281
34600.000000	-3.581629
34613.000000	-2.445703
34624.000000	-1.979443
34654.000000	-3.081505
34655.000000	-2.867653
34657.000000	-3.141009
34696.000000	-2.092966
34739.000000	-1.649678
34751.000000	-0.843883
34805.000000	0.479891
34812.000000	1.250145
34825.000000	0.845443
34889.000000	1.084958
34919.000000	1.052294
34965.000000	1.225491
34972.000000	1.363692
34989.000000	0.968521
35007.000000	1.610233
35014.000000	2.649941
35021.000000	3.131292
35026.000000	3.394631
35039.000000	2.449860
35063.000000	0.995885
35072.000000	1.565938
35105.000000	1.351073
35140.000000	0.995536
35143.000000	2.069514
35164.000000	0.758886
35197.000000	2.137635
35205.000000	0.735573
35228.000000	1.148447
35230.000000	0.254932
35234.000000	0.206308
35259.000000	1.557014
35263.000000	1.092189
35271.000000	1.002161
35277.000000	0.886637
35326.000000	1.167049
35343.000000	1.931523
35372.000000	-0.391225
35384.000000	1.011457
35385.000000	0.567735
35414.000000	0.052814
35415.000000	-0.075156
35416.000000	-0.136408
35420.000000	0.924674
35446.000000	1.607567
35450.000000	1.256719
35462.000000	2.983504
35479.000000	1.019679
35488.000000	1.295051
35490.000000	1.460085
35536.000000	0.243867
35551.000000	0.970214
35556.000000	0.022212
35567.000000	0.213446
35576.000000	2.521465
35579.000000	2.826459
35589.000000	2.992846
35597.000000	3.643190
35602.000000	1.286391
35612.000000	1.022675
35620.000000	1.004585
35624.000000	2.872657
35658.000000	2.661921
35668.000000	3.133790
35674.000000	2.265003
35710.000000	2.026129
35720.000000	2.334284
35753.000000	0.452674
35764.000000	0.817256
35779.000000	0.523561
35820.000000	2.332274
35825.000000	1.934404
35828.000000	1.894095
35834.000000	0.730679
35870.000000	0.265990
35876.000000	-1.008626
35885.000000	-1.562267
35895.000000	-1.618353
35910.000000	-2.144761
35915.000000	-2.102774
35928.000000	-2.511970
35969.000000	-2.528961
35981.000000	-2.508214
35985.000000	-3.002296
35993.000000	-3.851718
35994.000000	-3.829270
35998.000000	-2.379863
36005.000000	-2.333339
36029.000000	-3.056646
36033.000000	-3.153554
36072.000000	-2.592552
36090.000000	-2.788290
36104.000000	-3.644906
36109.000000	-3.522228
36200.000000	-2.834306
36220.000000	-2.783844
36222.000000	-2.768619
36235.000000	-1.521799
36243.000000	-2.222355
36259.000000	-1.264344
36275.000000	-1.316055
36301.000000	-0.585886
36314.000000	-0.605929
36344.000000	-1.004516
36356.000000	-0.087757
36362.000000	-0.053899
36404.000000	-0.138940
36420.000000	-0.863641
36422.000000	-0.999079
36468.000000	-0.881945
36506.000000	-1.116406
36510.000000	-1.327472
36527.000000	-2.134031
36538.000000	-1.991267
36542.000000	-1.743914
36558.000000	-1.721232
36580.000000	-0.973894
36591.000000	-0.061866
36593.000000	-0.964652
36629.000000	-0.263679
36634.000000	-0.190637
36662.000000	-0.276450
36691.000000	-1.241350
36698.000000	-0.079917
36710.000000	0.005025
36722.000000	-1.741675
36735.000000	-2.388323
36744.000000	-2.350695
36772.000000	-2.165220
36775.000000	-2.174296
36777.000000	-2.262538
36826.000000	-1.747707
36877.000000	-0.910165
36880.000000	-0.286747
36891.000000	-1.264167
36923.000000	-2.109077
36942.000000	-1.525673
36959.000000	-3.050187
36965.000000	-3.431478
36989.000000	-3.293449
36999.000000	-3.986238
37059.000000	-5.322744
37060.000000	-4.167772
37065.000000	-3.888823
37068.000000	-3.714014
37075.000000	-4.586018
37103.000000	-3.882817
37124.000000	-3.976230
37140.000000	-3.899167
37146.000000	-3.372501
37161.000000	-3.269642
37178.000000	-3.745586
37217.000000	-2.870302
37222.000000	-0.983052
37226.000000	-1.320183
37237.000000	-3.923009
37263.000000	-3.821873
37296.000000	-3.431223
37299.000000	-3.346178
37379.000000	-0.264448
37386.000000	0.278012
37454.000000	-0.684081
37473.000000	-0.588864
37478.000000	-0.787044
37493.000000	-3.525374
37502.000000	-3.140720
37505.000000	-1.497074
37510.000000	-2.631803
37515.000000	-2.714982
37519.000000	-1.947801
37584.000000	-0.792853
37620.000000	-0.282918
37623.000000	0.390003
37699.000000	1.448527
37709.000000	2.443792
37832.000000	1.620951
37842.000000	2.202169
37848.000000	1.048000
37849.000000	2.054966
37854.000000	1.982127
37856.000000	1.982808
37986.000000	1.871455
37997.000000	2.069485
38000.000000	1.785427
38003.000000	1.357624
38006.000000	1.039985
38035.000000	0.964537
38067.000000	0.109233
38076.000000	-0.064831
38095.000000	0.187290
38096.000000	-0.889012
38101.000000	-1.881340
38173.000000	-2.069044
38194.000000	-2.800126
38203.000000	-3.579614
38211.000000	-4.414974
38219.000000	-4.600489
38226.000000	-3.394959
38238.000000	-2.647463
38249.000000	-3.135459
38291.000000	-3.218596
38305.000000	-3.803513
38317.000000	-3.263422
38324.000000	-2.800862
38337.000000	-2.387949
38360.000000	-1.469389
38363.000000	-1.967579
38366.000000	-1.754086
38367.000000	-1.764983
38378.000000	-2.348694
38403.000000	-0.965723
38424.000000	-0.657590
38451.000000	-0.667887
38486.000000	-1.973760
38507.000000	-2.183934
38511.000000	-1.395360
38545.000000	-1.021626
38547.000000	-0.436681
38601.000000	-1.108221
38629.000000	-1.551542
38637.000000	-1.692284
38680.000000	-2.174611
38700.000000	-1.582769
38721.000000	-2.062478
38744.000000	-2.408627
38750.000000	-2.692897
38752.000000	-3.113859
38754.000000	-2.880715
38763.000000	-2.078858
38777.000000	-2.257035
38790.000000	-1.605466
38808.000000	-2.647133
38810.000000	-1.888987
38813.000000	-1.799899
38832.000000	-1.841812
38855.000000	-0.355744
38856.000000	-1.426730
38911.000000	-0.917737
38912.000000	-0.961890
38921.000000	-0.996745
38933.000000	-1.505123
38952.000000	0.974698
38989.000000	2.164515
39023.000000	1.635522
39026.000000	1.483671
39043.000000	2.117694
39044.000000	1.982963
39069.000000	0.927764
39070.000000	0.575614
39088.000000	1.071421
39134.000000	1.359869
39135.000000	1.245722
39142.000000	1.732839
39154.000000	-2.263301
39167.000000	-2.510043
39194.000000	-2.528402
39202.000000	-2.384550
39210.000000	-3.028152
39262.000000	-2.573768
39265.000000	-2.671396
39268.000000	-3.323935
39270.000000	-2.124774
39271.000000	-3.148486
39276.000000	-3.945222
39282.000000	-4.182833
39327.000000	-4.435614
39341.000000	-3.944559
39344.000000	-3.921633
39366.000000	-3.718223
39371.000000	-2.753611
39381.000000	-3.304074
39409.000000	-3.008209
39468.000000	-2.161644
39512.000000	-2.036650
39530.000000	-1.368036
39536.000000	-1.457979
39556.000000	-1.416596
39587.000000	-1.528256
39613.000000	-1.495312
39639.000000	-1.808141
39648.000000	-1.898284
39662.000000	-0.908846
39712.000000	-0.981988
39755.000000	-1.065571
39769.000000	-1.016908
39783.000000	-0.168530
39795.000000	0.082704
39812.000000	0.680779
39816.000000	0.860656
39887.000000	0.542605
39889.000000	-0.124714
39906.000000	0.669463
39931.000000	-0.648576
39943.000000	-1.452584
39948.000000	-1.825614
39969.000000	-1.371671
39975.000000	-1.789173
39979.000000	-1.526023
39984.000000	-1.854730
39996.000000	-2.596381
40033.000000	-2.184631
40111.000000	-2.117850
40163.000000	-2.402255
40165.000000	-3.301807
40189.000000	-3.143843
40228.000000	-3.306297
40232.000000	-3.256092
40234.000000	-3.827885
40242.000000	-3.875198
40247.000000	-3.801352
40271.000000	-4.000980
40281.000000	-3.799739
40309.000000	-3.944753
40313.000000	-3.660803
40332.000000	-3.603574
40358.000000	-3.850770
40360.000000	-2.864150
40366.000000	-2.181137
40371.000000	-1.945919
40372.000000	-1.990577
40384.000000	-2.105045
40385.000000	-2.084425
40405.000000	-2.146953
40416.000000	-2.270476
40419.000000	-2.729724
40426.000000	-2.148208
40439.000000	-2.284156
40448.000000	-1.731193
40460.000000	-2.055403
40468.000000	-2.215466
40480.000000	-2.555666
40508.000000	-2.845186
40514.000000	-2.261002
40520.000000	-2.897739
40569.000000	-3.562598
40579.000000	-3.295193
40608.000000	-2.765350
40613.000000	-3.836019
40622.000000	-3.916329
40645.000000	-3.789588
40649.000000	-3.995739
40669.000000	-3.801893
40689.000000	-3.143512
40700.000000	-3.880241
40702.000000	-3.916876
40708.000000	-3.025944
40726.000000	-2.680145
40787.000000	-3.312833
40816.000000	-1.564682
40822.000000	-0.064192
40866.000000	-0.848442
40886.000000	0.108737
40922.000000	0.369223
41008.000000	-0.042386
41032.000000	-0.561294
41038.000000	-0.362919
41072.000000	-1.885673
41094.000000	-1.503432
41098.000000	-1.698188
41135.000000	-2.110930
41162.000000	-1.955379
41178.000000	-2.356091
41181.000000	-2.084433
41184.000000	-2.168127
41185.000000	-1.193372
41198.000000	-0.988577
41204.000000	-2.177984
41209.000000	-1.963160
41210.000000	-2.030450
41231.000000	-2.535218
41238.000000	-3.489845
41284.000000	-2.648353
41305.000000	-3.488445
41323.000000	-2.632799
41350.000000	-2.487711
41358.000000	-2.510931
41359.000000	-2.401499
41363.000000	-2.541723
41366.000000	-2.524655
41375.000000	-2.533369
41394.000000	-3.366006
41401.000000	-3.559678
41409.000000	-3.212365
41417.000000	-4.122288
41425.000000	-4.558940
41434.000000	-4.525153
41487.000000	-4.290985
41513.000000	-3.725821
41518.000000	-3.715053
41531.000000	-2.533764
41545.000000	-2.323746
41555.000000	-3.180639
41561.000000	-2.890013
41563.000000	-2.918769
41581.000000	-4.301224
41602.000000	-3.401947
41620.000000	-2.870074
41667.000000	-2.352573
41701.000000	-2.849635
41745.000000	-2.587686
41790.000000	-2.572080
41802.000000	-1.708187
41824.000000	-2.316561
41849.000000	-1.213625
41896.000000	-1.781931
41900.000000	-1.622262
41901.000000	-0.996116
41905.000000	-0.811963
41907.000000	-1.069743
41933.000000	-1.568859
41941.000000	-3.003372
41947.000000	-2.452183
41958.000000	-2.825762
41961.000000	-2.613298
41992.000000	-1.599013
42032.000000	-1.032610
42045.000000	-2.527416
42051.000000	-1.885197
42064.000000	-1.304592
42071.000000	-1.482106
42077.000000	-0.566915
42083.000000	-0.975074
42111.000000	-1.868472
42117.000000	-0.888709
42125.000000	-0.875097
42130.000000	-0.682480
42138.000000	0.097024
42139.000000	-0.698910
42140.000000	0.162626
42148.000000	0.705019
42154.000000	0.525583
42168.000000	0.721165
42190.000000	0.215132
42204.000000	0.289340
42223.000000	0.901249
42289.000000	0.672447
42323.000000	0.632006
42333.000000	0.633577
42390.000000	0.576534
42395.000000	0.859414
42404.000000	1.473529
42412.000000	1.091535
42419.000000	0.981646
42426.000000	1.283885
42429.000000	0.413794
42433.000000	0.284635
42435.000000	0.272684
42438.000000	-0.739101
42500.000000	-0.683862
42504.000000	-1.535808
42506.000000	-1.960118
42514.000000	-2.117975
42518.000000	-1.647785
42541.000000	-0.885149
42545.000000	-0.999476
42570.000000	-1.971935
42585.000000	-3.136898
42588.000000	-2.937983
42667.000000	-1.852446
42689.000000	-1.526434
42710.000000	-1.471689
42731.000000	-0.916789
42752.000000	-0.851900
42777.000000	-1.014476
42801.000000	-1.009816
42812.000000	-0.316162
42833.000000	0.188463
42842.000000	-0.185892
42858.000000	-0.556180
42880.000000	-0.342157
42909.000000	-0.340295
42935.000000	-0.705573
42952.000000	0.268568
42955.000000	0.335775
42958.000000	-0.374277
42989.000000	-0.479906
43005.000000	0.157680
43026.000000	0.171244
43036.000000	0.145347
43046.000000	-0.950474
43083.000000	-1.825128
43099.000000	-1.643754
43101.000000	-2.467593
43140.000000	-2.299663
43145.000000	-2.306854
43180.000000	-2.481085
43193.000000	-3.486105
43203.000000	-4.333589
43213.000000	-4.139259
43222.000000	-4.006762
43241.000000	-4.098810
43256.000000	-3.164101
43309.000000	-2.988565
43325.000000	-2.116347
43333.000000	-2.924267
43343.000000	-2.908445
43355.000000	-3.669240
43377.000000	-4.378450
43393.000000	-4.500368
43394.000000	-3.425451
43420.000000	-3.355643
43426.000000	-3.468217
43433.000000	-3.132132
43449.000000	-2.005569
43457.000000	-2.577963
43458.000000	-2.914240
43471.000000	-2.432283
43483.000000	-2.464711
43520.000000	-2.856838
43528.000000	-1.955560
43543.000000	-1.480206
43554.000000	-1.646703
43556.000000	-2.839201
43567.000000	-2.092061
43623.000000	-3.274277
43627.000000	-3.164589
43675.000000	-2.537554
43686.000000	-2.174044
43705.000000	-1.867161
43748.000000	-1.533235
43763.000000	-2.743940
43821.000000	-3.116566
43822.000000	-2.909225
43835.000000	-3.657034
43849.000000	-4.314009
43855.000000	-4.161928
43872.000000	-3.785478
43907.000000	-2.946174
43939.000000	-3.604853
43954.000000	-2.737880
43981.000000	-3.362848
43983.000000	-3.264708
44025.000000	-3.567850
44065.000000	-2.845472
44075.000000	-3.163013
44079.000000	-2.764025
44111.000000	-3.953920
44121.000000	-3.748456
44145.000000	-4.085478
44172.000000	-4.295114
44199.000000	-3.854187
44284.000000	-4.226232
44331.000000	-2.117462
44368.000000	-3.033477
44376.000000	-2.481783
44394.000000	-2.546062
44395.000000	-2.040478
44450.000000	-3.053634
44457.000000	-3.258268
44464.000000	-2.255878
44467.000000	-1.424698
44468.000000	-0.451874
44475.000000	-1.249404
44483.000000	-1.266975
44507.000000	-1.442390
44593.000000	-1.574519
44597.000000	-1.573797
44616.000000	-1.385859
44618.000000	-1.269759
44622.000000	-1.360876
44643.000000	-0.979868
44660.000000	-2.236191
44667.000000	-0.768628
44694.000000	-1.060784
44734.000000	0.626752
44744.000000	0.131565
44753.000000	0.362882
44774.000000	-0.950175
44859.000000	0.359062
44890.000000	0.855579
44898.000000	0.362226
44919.000000	0.029319
44925.000000	-0.410051
44930.000000	-0.429148
44944.000000	-0.648269
44982.000000	0.159352
44988.000000	0.750602
45007.000000	0.486535
45032.000000	0.114050
45051.000000	0.255273
45054.000000	0.260514
45055.000000	-0.119469
45066.000000	-0.127750
45098.000000	-1.218924
45107.000000	-1.901472
45118.000000	-2.434955
45121.000000	-2.679149
45141.000000	-2.857670
45156.000000	-2.672961
45163.000000	-3.762520
45169.000000	-3.727581
45171.000000	-2.897575
45182.000000	-3.997743
45187.000000	-3.664411
45197.000000	-3.826183
45223.000000	-3.733362
45232.000000	-5.141103
45236.000000	-4.997378
45256.000000	-4.307223
45276.000000	-4.258394
45278.000000	-3.775823
45314.000000	-3.021913
45316.000000	-3.439291
45380.000000	-2.883161
45408.000000	-2.564607
45419.000000	-2.585167
45464.000000	-2.197601
45465.000000	-1.452287
45479.000000	-0.978146
45496.000000	-1.057541
45514.000000	-0.602910
45525.000000	-1.067317
45542.000000	-2.492674
45561.000000	-2.169678
45615.000000	-2.256230
45628.000000	-2.124463
45642.000000	-2.104599
45658.000000	-2.052217
45661.000000	-2.003031
45664.000000	-1.369303
45680.000000	-0.240054
45690.000000	-1.190508
45699.000000	-1.671376
45704.000000	-1.765268
45711.000000	-1.410128
45747.000000	-1.430117
45759.000000	-1.155757
45797.000000	-1.754576
45801.000000	-1.814164
45805.000000	-2.601391
45806.000000	-2.639400
45822.000000	-1.922866
45823.000000	-2.325470
45867.000000	-2.333106
45874.000000	-1.693611
45926.000000	-0.949604
45935.000000	-0.942792
45938.000000	-0.635106
45963.000000	-0.742444
45979.000000	0.184869
46030.000000	-0.802456
46035.000000	-1.816242
46047.000000	-1.182225
46055.000000	-1.211873
46064.000000	-0.866811
46084.000000	-2.171464
46085.000000	-1.767163
46087.000000	-0.596454
46108.000000	0.491187
46129.000000	-1.041307
46132.000000	-1.075105
46147.000000	-1.099570
46174.000000	-1.824507
46192.000000	-0.421069
46222.000000	-0.392099
46250.000000	-0.991706
46251.000000	-1.754015
46258.000000	-1.180592
46263.000000	-0.812301
46287.000000	0.720394
46304.000000	-1.125742
46306.000000	-0.832045
46378.000000	-0.772711
46421.000000	0.130073
46423.000000	-0.074613
46430.000000	0.377740
46463.000000	-0.165423
46469.000000	0.581346
46473.000000	-0.483280
46531.000000	-1.243789
46535.000000	-1.293974
46611.000000	-0.540615
46628.000000	-0.457770
46640.000000	0.489542
46650.000000	1.004799
46663.000000	-0.335631
46674.000000	0.807616
46678.000000	0.253376
46685.000000	-0.156197
46695.000000	-0.994350
46698.000000	-1.749341
46702.000000	-1.625127
46710.000000	-0.809212
46715.000000	-0.505632
46730.000000	-0.452635
46740.000000	-0.526397
46758.000000	-0.612093
46759.000000	-0.639656
46778.000000	-0.374608
46803.000000	-0.837513
46837.000000	-0.810729
46850.000000	-0.519908
46851.000000	-1.228700
46873.000000	-1.234514
46894.000000	-2.456723
46898.000000	-2.381200
46940.000000	-2.945658
46948.000000	-2.093496
46959.000000	-1.373863
46983.000000	-1.675868
46994.000000	-0.209968
47003.000000	-0.267243
47005.000000	-0.513439
47006.000000	-0.177341
47016.000000	-0.141008
47020.000000	0.005007
47035.000000	2.021974
47052.000000	0.719284
47061.000000	0.990284
47079.000000	0.516495
47114.000000	2.624789
47120.000000	3.185264
47126.000000	-1.559084
47130.000000	0.346665
47151.000000	-0.690486
47153.000000	-0.028219
47156.000000	-0.048701
47177.000000	-0.233570
47179.000000	-1.097455
47186.000000	-1.855915
47202.000000	-1.403538
47220.000000	-1.419640
47234.000000	-1.217888
47239.000000	-2.063823
47329.000000	-2.549289
47371.000000	-2.173432
47384.000000	-2.082937
47398.000000	-2.505901
47417.000000	-2.137551
47433.000000	-2.137167
47435.000000	-2.644109
47463.000000	-2.678242
47469.000000	-1.741045
47481.000000	-1.476488
47515.000000	-2.566355
47554.000000	-2.512103
47555.000000	-2.497892
47559.000000	-2.462399
47568.000000	-1.147228
47576.000000	-0.367178
47615.000000	0.312553
47619.000000	-0.710117
47630.000000	-0.988360
47636.000000	-0.425411
47637.000000	-0.252864
47653.000000	-0.052258
47663.000000	0.364190
47675.000000	-0.863185
47681.000000	-0.533555
47714.000000	0.112277
47731.000000	0.254937
47757.000000	0.878305
47781.000000	0.528716
47798.000000	-0.545378
47831.000000	-0.377609
47849.000000	0.123696
47854.000000	0.263383
47872.000000	0.984598
47900.000000	1.814588
47986.000000	1.173567
48009.000000	0.261135
48018.000000	0.448361
48026.000000	0.236649
48027.000000	0.132848
48049.000000	-0.624059
48051.000000	-0.482332
48079.000000	-1.539226
48111.000000	-1.725453
48152.000000	-1.805000
48154.000000	-1.577204
48202.000000	-1.698382
48212.000000	-0.925508
48242.000000	-1.480280
48251.000000	-1.381769
48264.000000	-1.018623
48275.000000	-1.294947
48289.000000	-0.151553
48318.000000	2.137056
48350.000000	0.627413
48370.000000	1.215940
48408.000000	4.438207
48420.000000	1.945225
48424.000000	1.137777
48427.000000	1.309708
48458.000000	1.920675
48476.000000	-0.879817
48562.000000	-0.877104
48568.000000	-0.089589
48571.000000	-0.866755
48576.000000	-0.889167
48581.000000	-1.312237
48584.000000	-2.518929
48603.000000	-1.274595
48619.000000	-2.420230
48620.000000	-1.745142
48621.000000	-1.205575
48629.000000	-0.502611
48648.000000	-0.644660
48660.000000	-0.515212
48678.000000	-0.468468
48683.000000	-1.778323
48695.000000	-1.283837
48724.000000	-1.802377
48754.000000	-1.627454
48802.000000	-0.640656
48813.000000	-1.031080
48827.000000	-0.471828
48834.000000	-0.336488
48849.000000	-1.305560
48874.000000	-1.097944
48887.000000	-0.674768
48893.000000	-0.590654
48894.000000	0.325594
48905.000000	-0.967555
48923.000000	-1.358122
48980.000000	-1.970342
49011.000000	-1.268904
49049.000000	-1.479815
49115.000000	-1.115820
49125.000000	-1.257762
49150.000000	0.193093
49159.000000	-0.230816
49165.000000	0.169971
49181.000000	-0.363546
49202.000000	-0.315433
49230.000000	-0.959450
49247.000000	0.583521
49251.000000	0.961109
49272.000000	0.829519
49329.000000	1.415444
49338.000000	0.534642
49364.000000	-0.165622
49369.000000	-0.171673
49391.000000	-0.114721
49394.000000	-0.321967
49409.000000	-0.024790
49427.000000	-0.604005
49431.000000	-1.384658
49432.000000	-1.532119
49436.000000	-1.345040
49437.000000	-1.476960
49439.000000	-1.609296
49445.000000	-1.161365
49475.000000	-0.536766
49516.000000	0.256466
49609.000000	0.315901
49628.000000	0.446873
49641.000000	0.454958
49659.000000	0.003650
49666.000000	0.904255
49691.000000	0.599540
49696.000000	0.749679
49698.000000	0.502375
49708.000000	1.833915
49753.000000	1.358400
49776.000000	2.564427
49789.000000	2.503480
49797.000000	1.965055
